[09:37:24] 羽华: 1k
[13:13:12] 牧濑红莉栖: 93m
[15:33:14] 。: 3YZ
[15:35:11] Stargazer: 1右
[15:37:46] AWSL: 6yz
[15:38:12] 宵待雨月: 3yz
[15:39:26] 黑白: 8k
[15:39:49] 菠萝啤: 43yz
[15:41:18] kuRo: 4卡
[15:41:49] 槿安笙: 51yz金猪
[15:42:19] kuRo: 9卡
[15:45:32] kuRo: 24卡
[15:46:22] 🍔🍟🍗🥤: 197左
[15:46:34] kuRo: 28卡
[15:46:40] avid: 17卡
[15:48:57] 鲜榨橘汁: 15ys
[15:49:19] 蕾姆: 38K
[15:49:24] 🍔🍟🍗🥤: 33 卡
[15:50:02] kuRo: 42卡
[15:54:05] 空无: 83y
[15:54:44] 水.Niwatori: 198驿站
[15:54:57] 小明: 16YS
[15:55:52] 藍焔: 12y
[15:56:14] Kanami: 5yz
[15:56:21] 空无: 83y
[15:56:51] forever: 52y
[15:57:51] : 36右上
[15:59:38] 水.Niwatori: 194驿站
[16:01:17] forever: 85y
[16:01:51] 水.Niwatori: 194驿站
[16:04:41] 倽叽: 22y
[16:05:14] -: 163zp
[16:08:01] 曲萤君: 129M
[16:08:37] kuRo: 53卡
[16:08:39] 水.Niwatori: 179驿站
[16:09:35] Stargazer: 20m
[16:10:24] AAA棉花批发王小桃: 45崖
[16:10:33] 空无: 125zp
[16:14:06] 早餐秋: 123卡
[16:15:20] 月色真美: 11麦
[16:17:21] 早餐秋: 189右
[16:17:51] 水.Niwatori: 158驿站
[16:18:32] 淡诞: 154卡
[16:21:05] 水.Niwatori: 152驿站
[16:21:16] 栞叶るり: 167ys
[16:21:34] 早餐秋: 188右
[16:21:54] Clong: 175右
[16:22:50] 早餐秋: 186右
[16:22:52] 祝愿: 180右
[16:23:19] *: 23麦田
[16:23:29] Kanami: 34y
[16:25:05] 水.Niwatori: 145驿站
[16:26:18] 摇光: 27m
[16:27:28] 水.Niwatori: 139驿站
[16:29:08] 焊qq199776@@: 86左
[16:30:12] 水.Niwatori: 138驿站
[16:31:04] 晨曦仟秋: 75右
[16:31:45] 小明: 128右
[16:36:27] 水.Niwatori: 104驿站
[16:39:50] 祝愿: 122左
[16:40:06] かたこ: 120右
[16:40:12] かたこ: 110右
[16:40:25] avid: 68左
[16:40:25] forever: 21ys
[16:42:11] かたこ: 105右
[16:42:19] zzZ: 98右
[16:42:19] 橘: 30ys
[16:43:36] 月色真美: 134右
[16:44:05] 力力厘: 133ys
[16:44:13] yuiko㍉: 84左
[16:44:15] Soleil: [CQ:image,file=89195BE377703949C9F5CB43358965EB.png,subType=0,url=https://multimedia.nt.qq.com.cn/download?appid=1407&amp;fileid=EhSnBH12AMph1Zj7o7wlWCYrvLD_mBiCzT4g_woonN-avZ3BjwMyBHByb2RQgL2jAVoQCzCSZ5c_ZeS2nLvDHOeGbXoCcyU&amp;spec=0&amp;rkey=CAMSMM81QGNWLHtfOOp5CFehvRtBXXiDdNyhnfplEW7rE4eW_C6Epu-2vUoptqvMJQ10_g,file_size=1025666]111右上
[16:46:42] 传说中的枪械工匠: 106右
[16:47:13] 苹果糖: 106Y
[16:47:50] 力力厘: 107右
[16:49:19] 力力厘: 103ys
[16:52:04] zzZ: 73y
[16:53:39] 力力厘: 61ys
