[00:11:59] ❄️: 38卡
[00:27:30] Yassu7:): 40y
[09:30:41] 末野小姐正在寻找中: 196ys
[09:32:32] ‭: 173m
[09:36:35] 想要莉莉丝: 173麦
[09:36:36] 壹: 15卡
[09:40:54] 偷懒の猫: 125y
[09:49:27] ﹉: 2右
[10:06:07] 想要莉莉丝: 183崖
[10:15:33] かたこ: 11zp
[10:18:32] 今天比明天更懒惰: 99yz
[10:41:48] 末島空晴: 169zp
[10:46:23] 末島空晴: 179ys
[10:49:00] 。: 186ys
[10:50:33] Dante: 122z
[10:50:52] 脏兮兮: 9崖
[11:00:40] 请笃信一个梦: 55m
[11:16:14] 渡本楓: 137卡
[11:19:05] 末島空晴: 149卡
[11:38:11] Silver♢: 88右上
[12:10:39] 夜夜: 27麦金猪
[12:17:58] zzZ: 200ya
[12:21:15] 🍀🍀🍀🍀🍀🍀🍀🍀🍀: 56y
[12:25:22] 末島空晴: 1y
[12:27:47] M̶r̶.̶J̶a̶v̶s̶e̶n̶: 147ys
[12:34:20] M̶r̶.̶J̶a̶v̶s̶e̶n̶: 145yz
[12:42:34] zzZ: 14ys
[12:52:02] Kanami: 52zp
[12:56:29] 默: 93m
[13:01:01] 梦漓: 165zp
[13:07:16] Stargazer: 197yz
[13:09:53] Silver♢: 62zp
[13:21:59] 冰魄: 58zp
[13:24:01] 小情绪: 119zp
[13:24:07] 😴: 34右
[13:31:30] 渡本楓: 199卡
[13:37:18] 摇光: 117m
[13:43:59] 😴: 133右
[13:49:11] 夢醒十分: 54右
[13:52:15] Kanami: 69右
[14:04:39] 宵待雨月: 78右上
[14:15:37] 😴: 41ys
[14:17:50] 😴: 44ys
[14:23:17] 😴: 46左上
[14:34:11] 😴: 64麦田
[14:34:16] さとう: 91卡
[14:47:23] 橘: 115ys
[14:49:04] 宵待雨月: 113卡
[14:49:07] ..: 7ys
[14:50:21] 酱油ing、: 7YS
[14:51:26] EstherRasia: 111 麦
[14:54:10] 蓝二方: 19k
[14:55:51] 橘: 13yz
[14:56:26] 小情绪: 13yz
[14:58:29] かたこ: 23y
[15:00:17] Kanami: 67左
[15:00:46] Suzu: 75zp
[15:03:54] 木: 60卡
[15:10:40] Kanami: 32卡
[15:11:22] 末野小姐正在寻找中: 172右
[15:19:54] 山鱼: [CQ:image,file=51C5B4B36E3D6C51AEB6E8616CAFC40C.png,subType=0,url=https://multimedia.nt.qq.com.cn/download?appid=1407&amp;fileid=EhSjFLbqAChR2Z3uXGU6y6zRGDF8sBi9j5cBIP8KKObKjfOGvI8DMgRwcm9kUIC9owFaEN_2bpz27EQli5a9lTQkhmx6AuVS&amp;spec=0&amp;rkey=CAMSMCL1XWAkYnUWB1v7KN-AmTkO1xYSNIegjUv7gVk4s3CQLgQYySX5QKJD6DAC7dNL3A,file_size=2475965]168卡
[15:20:03] 山鱼: [CQ:image,file=51C5B4B36E3D6C51AEB6E8616CAFC40C.png,subType=0,url=https://multimedia.nt.qq.com.cn/download?appid=1407&amp;fileid=EhSjFLbqAChR2Z3uXGU6y6zRGDF8sBi9j5cBIP8KKNj-hveGvI8DMgRwcm9kUIC9owFaEBn4067pHWE8iAODVNQt6IV6AsN3&amp;spec=0&amp;rkey=CAMSMCL1XWAkYnUWB1v7KN-AmTkO1xYSNIegjUv7gVk4s3CQLgQYySX5QKJD6DAC7dNL3A,file_size=2475965]148卡
[15:24:49] ..: 194ys
[15:25:56] 达达霓安: 27M
[15:32:49] Kanami: 157右上
[15:35:02] 宵待雨月: 96卡
[15:39:28] 宵待雨月: 136y
[15:41:37] 今天比明天更懒惰: 20y
[15:42:13] A: 20崖
[15:47:09] A: 16驿站
[15:49:50] Suzu: [CQ:image,file=D6603939FF96A758AF58172B25B1F655.png,subType=0,url=https://multimedia.nt.qq.com.cn/download?appid=1407&amp;fileid=EhR6t5EGP_9k6NbyzZLS4NVEQQ-73Bi7ycIBIP8KKOGygcuNvI8DMgRwcm9kUIC9owFaENKJTOKfr7Qc8_rhlss8k3l6As_Q&amp;spec=0&amp;rkey=CAMSMCL1XWAkYnUWB1v7KN-AmTkO1xYSNIegjUv7gVk4s3CQLgQYySX5QKJD6DAC7dNL3A,file_size=3187899]57卡
[16:00:25] Kanami: 146zp
[16:08:17] 今天比明天更懒惰: 90zp
[16:12:57] 小情绪: 18左上
[16:22:07] ..: 81m
[16:29:14] 今天比明天更懒惰: 192m
[16:31:47] ..: 118yz
[16:34:08] 万由里: 3右上
[16:34:49] かたこ: 89zp
[16:42:35] 今天比明天更懒惰: 150y
[16:43:46] 宵待雨月: 95右
[16:47:39] 宵待雨月: 87右上
[16:50:51] ..: 109zp
[16:59:38] ..: 36y
[17:07:46] 宵待雨月: 49左
[17:09:31] 君: 38右
[17:10:39] ..: 101ys
[17:15:31] 今天比明天更懒惰: 77y
[17:18:35] ..: 126z
[17:22:34] かたこ: 5卡
[17:22:45] Clong: 30ys
[17:30:54] ..: 31z
[17:33:13] Clong: 132Y
[17:42:05] Clong: 22右
[18:10:23] 今天比明天更懒惰: 51卡
[18:43:02] 宵待雨月: 51m
[18:47:56] 宵待雨月: 160yz
[18:54:22] 凛: 16右
[19:08:12] Clong: 128左
[19:12:15] 宵待雨月: 114m
[19:19:38] 今天比明天更懒惰: 28zp
[19:23:21] 今天比明天更懒惰: 33右
[19:25:25] forever: 85y
[19:28:46] zzZ: 35zp
[19:34:04] kimiovo: 83卡
[19:36:07] 今天比明天更懒惰: 53zp
[19:42:27] 透明: 26k
[19:55:17] 透明: 12z
[19:55:26] 宵待雨月: 12左
[20:48:46] かたこ: 127y
[20:55:33] 水煮章鱼: 72左
[20:57:48] M̶r̶.̶J̶a̶v̶s̶e̶n̶: 45m
[21:00:25] かたこ: 82ys
[21:30:15] かたこ: 180z
[21:45:29] かたこ: 4yz
[21:47:52] かたこ: 158yz
[22:01:24] 梦漓: 21m
[22:34:51] zzZ: 73yz
[22:44:48] zzZ: 120ys
[22:49:03] 寒山渐远渐眀薄: 100卡
[22:55:34] 。: 25Y
[23:22:10] M̶r̶.̶J̶a̶v̶s̶e̶n̶: 24zp
[23:22:42] zzZ: 37ys
[23:24:37] M̶r̶.̶J̶a̶v̶s̶e̶n̶: 24zp
