[10:14:33] 单于丰村: 11帐篷金猪
[10:17:19] xRyul: 147zp
[10:17:42] 鱼猫酱: 2右
[10:19:20] 冲动是魔鬼: 147zp
[10:26:30] 万由里: 29右上
[10:34:39] 万由里: 75右上
[10:36:15] 豆芽菜儿: 9帐篷
[10:44:13] 万由里: 99右
[10:50:02] 万由里: 119右上
[10:52:00] 夜夜: 199右
[10:54:24] 夜夜: 196右
[10:56:47] 凛: 10m
[10:57:21] /fd: 10m
[11:02:00] M̶r̶.̶J̶a̶v̶s̶e̶n̶: 179yz
[11:18:48] 万由里: 8帐篷
[11:20:57] 紗桃言歌里: 149yz
[11:26:20] 有一说一: 200右
[11:33:59] 寒山渐远渐眀薄: 17zp
[11:40:18] 有一说一: 67y
[11:44:56] 万由里: 157崖
[11:46:51] 小情绪: 125右
[11:47:21] 临璃Rinri: 19y
[12:10:58] 墓悠墓悠墓: 3k
[12:21:28] 栞叶るり: 186左上
[12:37:25] 🍀🍀🍀🍀🍀🍀🍀🍀🍀: 18右
[12:43:09] 宵待雨月: 145卡
[12:45:27] 长在树上的瓜子: 6yz
[12:45:45] 飞嫩: 88ys
[12:47:01] kimiovo: 6yz
[12:59:22] 栞叶るり: 69卡
[13:06:04] 伍佰: 96卡
[13:10:14] 宵待雨月: 169y
[13:12:55] 酱油ing、: 56Y
[13:15:45] 栞叶るり: 57右
[13:21:17] 宵待雨月: 197卡
[13:27:31] 栞叶るり: 27zp
[13:33:43] kazurin: 146崖
[13:35:15] 芬达: 14左
[13:35:26] 525108767: 14z
[13:36:24] 夢醒十分: 14左
[13:37:33] Clong: 109m
[13:39:11] 千雪: 21y
[13:39:31] ℳL: 1右
[13:48:29] 宵待雨月: 36卡
[14:04:59] 壹: 172m
[14:10:33] 宵待雨月: 148zp
[14:18:07] 伍佰: 115zp
[14:42:39] Clong: 5m
[14:45:28] 栞叶るり: 49右
[14:52:44] 栞叶るり: 93yz
[14:55:36] 栞叶るり: 22左
[15:00:58] 今天比明天更懒惰: 81m
[15:01:50] 宵待雨月: 114左
[15:05:35] 宵待雨月: 118左
[15:09:32] 今天比明天更懒惰: 128m
[15:14:03] 微茫: 41m
[15:16:36] 寒山渐远渐眀薄: 60卡
[15:23:10] Clong: 150k
[15:27:08] 微茫: 34zp
[15:29:03] Clong: 132yz
[15:30:47] 飞: 33yz
[15:36:35] 宵待雨月: 165右上
[15:40:20] 宵待雨月: 91zp
[15:40:39] Clong: 64卡
[15:45:48] 鲤鲤: 3yz
[15:55:39] 提: 20y
[15:55:47] Silver♢: 20y
[16:01:34] 栞叶るり: 192右
[16:05:06] 小情绪: 16右
[16:08:26] 宵待雨月: 111m
[16:11:19] ジグソーパズル: 113y
[16:11:26] ジグソーパズル: 133y
[16:18:01] 橘: 58右
[16:22:45] 猫来发几枝: 51左
[16:24:24] 橘: 31右
[16:30:10] 宵待雨月: 90m
[16:30:28] M̶r̶.̶J̶a̶v̶s̶e̶n̶: 126yz
[16:33:49] 睡饱就吃: 78m
[16:39:15] 栞叶るり: 7ys
[16:42:15] 今天比明天更懒惰: 28m
[16:44:16] Clong: 46m
[16:47:27] 今天比明天更懒惰: 35zp
[16:58:56] 栞叶るり: 113崖
[17:02:09] 宵待雨月: 44yz
[17:04:45] Clong: 101卡
[17:07:54] M̶r̶.̶J̶a̶v̶s̶e̶n̶: 194左
[17:14:25] 失灵: 7右上
[17:14:27] 小情绪: 7右上
[17:21:41] Kanami: 77m
[17:26:58] Kanami: 87涯
[17:30:44] Clong: 95卡
[17:34:17] 宵待雨月: 127m
[17:35:48] 宵待雨月: 82m
[17:38:34] 栞叶るり: 54右
[17:40:14] 橘: 30崖
[17:44:43] 宵待雨月: 72卡
[17:47:17] 今天比明天更懒惰: 45yz
[17:49:41] 宵待雨月: 160zp
[17:51:40] 宵待雨月: 158yz
[17:56:14] 宵待雨月: 180zp
[18:01:21] M̶r̶.̶J̶a̶v̶s̶e̶n̶: [CQ:image,file={F05C19B7-E26A-6DE5-3A69-BD65478907EE}.png,subType=0,url=https://gchat.qpic.cn/gchatpic_new/295374339/1011106510-3089274254-F05C19B7E26A6DE53A69BD65478907EE/0?term=255&amp;is_origin=0,file_size=1110043]85ys
[18:19:18] 今天比明天更懒惰: 65左
[19:09:52] 梦漓: 39右
[19:14:11] 水煮章鱼: 4ys
[19:19:07] ヤクルト: 73yz
[20:45:53] 派大星: 100Y
[21:00:09] 天绫绫地宁宁: 120左
[22:40:09] 妖一下喽: 37麦
[22:45:29] 惏: 83 右
[22:58:21] 菟: 24左
[23:21:45] 饕餮: 25zp
[23:31:33] 末野小姐正在寻找中: 26右上
