[11:43:48] ‭: 4m
[18:23:23] 3W_AwayOne: 5-7-10-15-49-54-66-67k
6-14-25-29-42-48-50-55m
12-13-23-22-27-35-43-51-74右
4-2-45-58-62-65-75-76-77y
3-9-44-53-57-60-68-78-79yz
1-8-19-20-31-39-40-46-52-56-71-72ys
70-11-17-30-32-34-36-37-63-64左
18-16-21-24-26-28-33-38-41-59-61-73-80zp
[18:27:33] 3W_AwayOne: 74右

1-8-19-20-31-39-40-46-52-56-71-72ys

70-11-17-30-32-34-36-37-63-64左

5-7-10-15-49-54-66-67k

18-16-21-24-26-28-33-38-41-59-61-73-80zp

3-9-44-53-57-60-68-78-79yz

6-14-25-29-42-48-50-55m

4-2-45-58-62-65-75-76-77y
[18:30:57] 彼岸: 20右上
[18:31:13] 3W_AwayOne: 31-39-40-46-52-56-71-72ys
[19:20:47] 淡诞: 4-2-45-58-62-65-75-76-77y
