[00:36:27] Shaddoll_Naga: 7 6 24 41 44 49 50 51 76 9右
[00:40:36] Shaddoll_Naga: 6 24 41 44 49 50 51 76 9右
15 31 32 34 39 43 45 48 60 63 64 72 10右上
13 16 27 33 56 62 79左
29 35 40 59 70 71帐篷
14 20 21 30 54 58 65 73 78驿站
12 25 28 53 67 68 77 80卡
8 11 19 26 37 38 61 74 75麦
17 18 22 23 36 42 46 52 55 57 66 69崖
[00:50:17] Shaddoll_Naga: 9右 3 15 31 32 34 39 43 45 48 60 63 64 72 10右上
[01:03:58] Shaddoll_Naga: 10右上
1 13 16 27 33 56 62 79左
[01:13:01] Shaddoll_Naga: 79左
4 5 29 35 40 59 70 71帐篷
[01:14:38] Shaddoll_Naga: 4 5 29 35 40 59 70 71帐篷
[01:20:36] Shaddoll_Naga: 71帐篷
14 20 21 30 54 58 65 73 78驿站
[01:29:42] Shaddoll_Naga: 78驿站
12 25 28 53 67 68 77 80卡
[01:37:01] Shaddoll_Naga: 77 80卡
8 11 19 26 37 38 61 74 75麦
