[11:26:31] 金平糖: 1zp
[11:27:16] 金平糖: 1-2zp
[11:29:22] 金平糖: 1-2zp 4右 3ys
[11:31:07] 金平糖: 2zp 4右 3-10ys
[11:32:45] 金平糖: 4右 3-10ys 7m 8-9崖
[11:39:48] Shaddoll_Naga: 8-9崖 5-6卡
[11:45:17] Shaddoll_Naga: 5-6卡 17右
[11:46:27] Shaddoll_Naga: 17-13-14右
[11:48:08] Shaddoll_Naga: 13-14-25右
[11:49:20] Shaddoll_Naga: 14-25-26右
[11:50:24] Shaddoll_Naga: 25-26-42右
[11:51:46] Shaddoll_Naga: 26-42-45右
[11:52:51] Shaddoll_Naga: 42-45-59右
[11:54:06] Shaddoll_Naga: 45-59-71右
[11:55:27] Shaddoll_Naga: 59-71-72右
[11:56:38] Shaddoll_Naga: 71-72右 11右上
[11:57:46] Shaddoll_Naga: 72右 11-20右上
[11:58:50] Shaddoll_Naga: 11-20-44右上
[12:00:04] Shaddoll_Naga: 20-44-63右上
[12:01:17] Shaddoll_Naga: 44-63-65右上
[12:03:24] Shaddoll_Naga: 65右上 16-18左
[12:04:25] Shaddoll_Naga: 16-18-22左
[12:05:44] Shaddoll_Naga: 18-22-39左
[12:06:49] Shaddoll_Naga: 22-39-49左
[12:07:46] Shaddoll_Naga: 39-49-53左
[12:08:52] Shaddoll_Naga: 49-53-61左
[12:09:58] Shaddoll_Naga: 53-61-76左
[12:12:03] Shaddoll_Naga: 76左 47-48崖
[12:13:14] Shaddoll_Naga: 47-48-52崖
[12:13:56] Shaddoll_Naga: 48-52-62崖
[12:14:44] Shaddoll_Naga: 52-62-74崖
[12:17:09] Shaddoll_Naga: 74崖 21-27帐篷
[12:18:04] Shaddoll_Naga: 21-27-30帐篷
[12:19:24] Shaddoll_Naga: 27-30-32帐篷
[12:20:39] Shaddoll_Naga: 30-32-34帐篷
[12:21:44] Shaddoll_Naga: 32-34-35帐篷
[12:22:50] Shaddoll_Naga: 34-35-51帐篷
[12:23:56] Shaddoll_Naga: 35-51-55帐篷
[12:24:59] Shaddoll_Naga: 51-55-69帐篷
[12:26:08] Shaddoll_Naga: 55-69-77帐篷
[12:28:25] Shaddoll_Naga: 77帐篷 19-29驿站
[12:29:37] Shaddoll_Naga: 19-29-31驿站
[12:30:46] Shaddoll_Naga: 29-31-40驿站
[12:31:54] Shaddoll_Naga: 31-40-57驿站
[12:33:02] Shaddoll_Naga: 40-57-58驿站
[12:34:05] Shaddoll_Naga: 57-58-64驿站
[12:35:13] Shaddoll_Naga: 58-64-73驿站
[12:36:18] Shaddoll_Naga: 64-73-75驿站
[12:37:19] Shaddoll_Naga: 73-75-79驿站
[12:38:26] Shaddoll_Naga: 75-79-80驿站
[12:40:30] Shaddoll_Naga: 80驿站 24-28卡
[12:41:33] Shaddoll_Naga: 24-28-38卡
[12:43:00] Shaddoll_Naga: 28-38-56卡
[12:44:06] Shaddoll_Naga: 38-56-60卡
[12:45:13] Shaddoll_Naga: 56-60-68卡
[12:46:12] Shaddoll_Naga: 60-68-70卡
[12:48:14] Shaddoll_Naga: 70卡 12-33麦田
[12:49:13] Shaddoll_Naga: 12-33-36麦田
[12:50:35] Shaddoll_Naga: 33-36-37麦田
[12:51:37] Shaddoll_Naga: 36-37-41-43-46-50-54-66-67麦田
[23:28:24] ꧁风吹雨ᝰか꧂: 37麦
