[00:57:29] Nature: 75zp
[00:59:26] ‭: 75zp 39ys
[01:06:49] ‭: 39ys 62yz
[01:13:42] ‭: 40zp
[02:32:34] ‭: 44崖 55-78卡
[06:17:11] 钤科百合子: 34zp
[06:26:39] 钤科百合子: 16崖
[06:37:49] 钤科百合子: 8ys
[07:40:27] 钤科百合子: 15zp
[10:58:57] 金平糖: 1左-3崖
[10:59:32] 金平糖: 1左 3-2崖
[11:04:00] 阿杰: 11yz世界
[11:08:41] くそがき: 16yz 世界
[11:10:19] Shaddoll_Naga: 10-7左 5ys 6右
[11:16:56] Shaddoll_Naga: 6右 4-8-9zp
[11:21:08] 芒果假面波奇酱: 12m
[11:23:47] Shaddoll_Naga: 12-13-20麦田
[11:25:33] Shaddoll_Naga: 20-23-25-27麦田
[11:28:57] Shaddoll_Naga: 25-27-36-39麦田
[11:30:34] Shaddoll_Naga: 34zp 世界
[11:32:36] Shaddoll_Naga: 39-42-47-48麦田
[11:36:34] Shaddoll_Naga: 48-51-74-76麦田
[11:41:20] Shaddoll_Naga: 76麦田 52-67-69帐篷
[11:43:55] Shaddoll_Naga: 67-69-73-80帐篷
[11:47:45] Shaddoll_Naga: 80帐篷
29-35-38驿站
[11:48:51] ㅤㅤㅤㅤㅤㅤㅤㅤ朝花夕誓: 29-35-38驿站
[11:51:50] Shaddoll_Naga: 38-49-54驿站
[11:53:57] Shaddoll_Naga: 54-59-70驿站
[11:56:51] Shaddoll_Naga: 70驿站 14-19-40右
[11:59:23] Shaddoll_Naga: 19-40-41-50右
[12:01:49] Shaddoll_Naga: 41-50-56-57右
[12:04:49] Shaddoll_Naga: 56-57-65-66右
[12:07:03] Shaddoll_Naga: 65-66-68-71右
[12:09:28] Shaddoll_Naga: 68-71-75-79右
[12:12:04] Shaddoll_Naga: 75-79右 17右上
[12:13:52] Shaddoll_Naga: 17-21-30-31右上
[12:16:26] Shaddoll_Naga: 30-31-44-77右上
[12:19:06] Shaddoll_Naga: 44-77右上 24左
[12:21:20] Shaddoll_Naga: 24-32-45左
[12:23:58] Shaddoll_Naga: 45-46-53左
[12:26:47] Shaddoll_Naga: 53-55-64-78左
[12:29:25] Shaddoll_Naga: 64-78左 15崖
[12:31:36] Shaddoll_Naga: 15-18-43崖
[12:34:42] Shaddoll_Naga: 43-60-61崖
[12:36:59] Shaddoll_Naga: 61-62-63-72崖
[12:40:40] Shaddoll_Naga: 72崖 22-26卡
[12:43:08] Shaddoll_Naga: 26-28-33-37-58卡
[15:34:30] 金平糖: 2yz
[15:34:44] 饕餮: 1m
[15:34:52] xxxx: 15 右
[15:36:41] 金平糖: 2-7yz 1m
[15:37:26] 金平糖: 2-7yz 1m 3-6ys 4右
[15:39:18] 金平糖: 2-7yz 1-5m 3-6ys
[15:46:43] Shaddoll_Naga: 4右 10卡 9y 8zp
[15:54:19] Shaddoll_Naga: 15-35-42右
[15:56:17] Shaddoll_Naga: 35-42-46右
[15:58:48] Shaddoll_Naga: 46-48-51-77右
[16:01:42] Shaddoll_Naga: 51-77右 18右上
[16:04:02] Shaddoll_Naga: 18-19-22右上
[16:06:35] Shaddoll_Naga: 22-26-29右上
[16:08:56] Shaddoll_Naga: 29-49-54右上
[16:11:25] Shaddoll_Naga: 54-57-74-76右上
[16:14:06] Shaddoll_Naga: 74-76右上 20左
[16:16:18] Shaddoll_Naga: 20-43-45左
[16:18:48] Shaddoll_Naga: 45-65-78左
[16:22:18] Shaddoll_Naga: 78左  11-12-24帐篷
[16:22:34] Shaddoll_Naga: 68麦 世界
[16:25:00] Shaddoll_Naga: 12-24-25-32帐篷
[16:26:43] Shaddoll_Naga: 25-32-34-37帐篷
[16:28:48] Shaddoll_Naga: 34-37-41-55帐篷
[16:31:01] Shaddoll_Naga: 41-55-61-62帐篷
[16:33:16] Shaddoll_Naga: 61-62-63-70帐篷
[16:35:35] Shaddoll_Naga: 63-70-71-72帐篷
[16:36:37] Shaddoll_Naga: 70-71-72-73帐篷
[16:39:31] Shaddoll_Naga: 72-73帐篷 16-21驿站
[16:40:58] Shaddoll_Naga: 16-21-23-28驿站
[16:43:09] Shaddoll_Naga: 23-28-30-33驿站
[16:45:35] Shaddoll_Naga: 30-33-36-39驿站
[16:47:50] Shaddoll_Naga: 36-39-40-44驿站
[16:50:00] Shaddoll_Naga: 40-44-50-52驿站
[16:52:20] Shaddoll_Naga: 50-52-53-59驿站
[16:54:18] Shaddoll_Naga: 53-59-67-75驿站
[16:56:15] Shaddoll_Naga: 67-75-79驿站
[16:58:34] Shaddoll_Naga: 79驿站 13-17崖
[17:00:03] Shaddoll_Naga: 13-17-47崖
[17:02:21] Shaddoll_Naga: 47-64-69-80崖
[17:04:45] Shaddoll_Naga: 69-80崖 14卡
[17:06:40] Shaddoll_Naga: 14-27-58-66卡
[17:09:33] Shaddoll_Naga: 58-66卡 60麦田
