[11:08:51] ジグソーパズル: 63m
[11:15:51] ジグソーパズル: 79k
[11:24:06] ジグソーパズル: 19右
[12:02:19] 阿杰: 18卡 大饼🐷
[12:10:10] VCMellon: 24卡
[12:10:23] VCMellon: 29zp
[12:19:35] VCMellon: 57右
[12:20:52] VCMellon: 61左
[12:30:23] VCMellon: 1yz
[12:35:16] VCMellon: 12右上
[12:40:38] 彼岸: 4侦察右上
[13:09:47] 钤科百合子: 76k 4zp
[13:25:39] 钤科百合子: 38m
[13:29:54] 梦换深刻爱: 50z
[13:43:15] 灬柠檬、、: 77yz
[13:48:08] 灬柠檬、、: 8ys
[13:55:22] 灬柠檬、、: 22卡
[14:09:16] 钤科百合子: 53ys
[14:13:53] ジグソーパズル: 64ys
[14:16:49] 萃香好可爱: 71ys
[14:24:43] 钤科百合子: 7z
[14:27:47] 萃香好可爱: 14m
[14:50:01] 钤科百合子: 60m-62崖
[14:51:08] 钤科百合子: 60-65m 62崖
[14:53:49] 萃香好可爱: 69yz
[14:59:26] 萃香好可爱: 3y
[15:03:43] 钤科百合子: 69yz 10麦
[15:12:26] Shaddoll_Naga: 28卡 30麦
[15:19:00] Shaddoll_Naga: 42麦
[15:24:10] Shaddoll_Naga: 56左
[15:31:23] 彼岸: 70yz
[15:41:04] 钤科百合子: 11崖
[15:51:25] 彼岸: 34右
[15:54:53] Shaddoll_Naga: 40ys
[15:59:14] 彼岸: 52Z
[16:02:19] 彼岸: 58k
[16:16:58] Shaddoll_Naga: 5帐篷
[16:20:20] 钤科百合子: 15zp
[16:20:27] Shaddoll_Naga: 15帐篷 26卡
[16:27:29] 钤科百合子: 32z
[16:40:09] Shaddoll_Naga: 59ys
[16:44:16] Shaddoll_Naga: 66卡 68右
[17:12:17] 钤科百合子: 49m
[17:49:53] 钤科百合子: 47m
[18:10:07] Shaddoll_Naga: 13ys
[18:13:29] Shaddoll_Naga: 21右
[23:11:52] Minor沬絾年: 世界33右
