[11:00:53] 是小刘同学: 3崖
[11:04:34] 陌影久念: 5麦
[11:05:12] 陌影久念: 5-7麦
[11:08:28] 3: 5.7m  9y
[11:08:30] 陌影久念: 5-7-18麦
[11:10:19] 陌影久念: 7-18-24麦
[11:12:44] 陌影久念: 18-24-32麦
[11:17:37] 陌影久念: 48麦
[11:19:17] Shaddoll_Naga: 48m 1右
[11:20:07] 想要莉莉丝: 14-20y
[11:21:37] 陌影久念: 60麦
[11:24:05] 陌影久念: 60-64麦
[11:25:48] Shaddoll_Naga: 64m 8-10ys 6z
[11:27:55] Shaddoll_Naga: 10ys 6z 2zp 4卡
[11:33:17] 想要莉莉丝: 44-47-59-65-69-70崖
[11:35:01] 想要莉莉丝: 44-47-59-65-69-70-75-78崖
[11:43:59] Shaddoll_Naga: 11-13-58-76卡
[11:47:49] 想要莉莉丝: 74-73-72-68-62-56-54-53-52-49-46右
[12:01:25] ジグソーパズル: 12-22-31帐篷
[12:02:56] 陌影久念: 22-31-34zp
[12:05:44] ㅤㅤㅤㅤㅤㅤㅤㅤ朝花夕誓: 37zp
[12:06:00] ㅤㅤㅤㅤㅤㅤㅤㅤ朝花夕誓: 37-41-55zp
[12:07:19] 陌影久念: 41-55-57zp
[12:09:14] 陌影久念: 55-77帐篷
[12:11:47] Shaddoll_Naga: 15-21-23-26-27-29-30-35-36-39-40-50-80驿站
[12:21:00] Shaddoll_Naga: 19-25-43-61-67-71-79左
[12:29:13] Shaddoll_Naga: 16-17-28-33-38-42-45-51-66右上
[12:39:23] Shaddoll_Naga: 15右
[12:40:05] Shaddoll_Naga: 15-23-27-29右
