[11:27:51] 金平糖: 1麦
[11:28:25] 彼岸: 24崖
[11:31:10] 金平糖: 7麦
[11:31:28] 金平糖: 7-21-22-43-48麦田
[11:39:29] Shaddoll_Naga: 48-74麦田
[11:44:14] Shaddoll_Naga: 24-47-61崖
[11:49:31] Shaddoll_Naga: 18-26-27-40-51-63-71右
[12:02:26] Shaddoll_Naga: 41-52-54右上
[12:08:13] Shaddoll_Naga: 5-6-42-56-60-70左
[12:20:09] Shaddoll_Naga: 11-13-32-46-57帐篷
[12:29:31] Shaddoll_Naga: 4-10驿站
[12:33:36] Shaddoll_Naga: 2-19-73卡
[12:46:49] 钤科百合子: 3k
[14:35:34] 钤科百合子: 17-58-66卡
[14:56:43] 钤科百合子: 20麦
[15:01:33] 钤科百合子: 14-61-68崖
[15:09:55] 钤科百合子: 49zp
[15:14:05] 钤科百合子: 12-29-67驿站
[15:23:05] 钤科百合子: 44右
[15:24:16] 钤科百合子: 31-35-55ys
[15:33:34] 钤科百合子: 75-76-80右上
[15:40:52] 钤科百合子: 8-28-33左
[15:47:40] 钤科百合子: 34-36-38左
[15:53:40] 钤科百合子: 45-50-72-78左
[15:56:52] 钤科百合子: 50-69-72-78左
[16:01:43] 钤科百合子: 79ys-39右
[16:07:03] 钤科百合子: 23-64卡
[16:10:47] 钤科百合子: 64-65卡
[16:14:38] 钤科百合子: 59-62麦
[16:18:48] 钤科百合子: 77麦
[16:20:24] 钤科百合子: 9-53帐篷
[16:24:24] 钤科百合子: 53帐篷-37yz
[16:26:53] 钤科百合子: 16-25-30崖
[16:32:54] 钤科百合子: 15ya
