[11:35:31] 钤科百合子: 35右 8ys
[11:46:40] 钤科百合子: 12-79z
[11:58:09] 钤科百合子: 41-57崖
[12:07:44] 钤科百合子: 10卡
[12:09:07] 钤科百合子: 10卡 11-19麦
[12:17:33] 钤科百合子: 19m 18-38zp
[12:22:15] 金平糖: 2-44yz 47z
[12:36:27] 霸、、、霸王洗发水: 3y 世界
[14:33:58] kirakiradokidoki: 5崖
[15:21:52] 金平糖: 6-39右
[15:25:35] 金平糖: 39右 67-74ys
[15:29:05] 金平糖: 67-74ys 20-21z
[15:42:05] 金平糖: 28-45-49崖
[15:44:41] 金平糖: 45-49-62崖
[15:49:31] 金平糖: 62崖 9-16-25麦
[15:54:39] 金平糖: 16-25-52麦
[15:55:58] 金平糖: 25-52-61-64麦
[16:01:23] 金平糖: 64麦 4-26-56zp
[16:06:54] 金平糖: 15-36-80yz
[16:12:45] 金平糖: 29zp
[16:15:10] 金平糖: 68-73卡
[19:22:23] hh。: 46-60z
[19:29:16] hh。: 40-48y
[19:35:55] hh。: 7-14-59帐篷
[19:43:34] hh。: 59-63-71-77zp
[19:50:44] hh。: 43-72yz
[19:54:52] hh。: 1-55-69m
[20:10:40] hh。: 53y 65m
[20:17:55] 想要莉莉丝: 9卡
[20:18:09] hh。: 9卡-1-3yz
[20:18:47] 想要莉莉丝: 2麦
[20:19:41] hh。: 9卡-6卡-2麦-1-3yz-8zp
[20:22:26] hh。: 2麦-1-3yz-8zp-10z
[20:26:53] hh。: 8zp-10z-5-7右
[20:30:31] hh。: 7右-10z-4ys
[20:33:04] hh。: 4ys 14-52-55右
[20:36:44] hh。: 55-57-61-63右
[20:40:20] hh。: 63-67-73右
[20:42:33] hh。: 73右 17-21-25右上
[20:45:50] hh。: 25-30-38-41ys
[20:48:23] hh。: 38-41-47-59-80右上
[20:52:22] hh。: 12-15-20-22-29-35-40-54-58-60左
[20:54:12] 冬筱: 44m
[20:55:05] 钤科百合子: 44-78m
[20:57:49] 冬筱: 18-46-49-76卡
[21:05:09] 钤科百合子: 16yz
[21:15:21] ______Vincent.: 26右 27-28麦田
[21:20:48] hh。: 51y 53zp
[21:22:14] 钤科百合子: 51-74y 53zp
[21:22:17] hh。: 51-74y 53zp 72k
[21:25:56] ______Vincent.: 71帐篷 72-75卡
[22:13:46] ‭: 19-66-68y
[22:25:37] ‭: 68y 42-62k
[22:31:12] ‭: 62k 45-70m
[22:36:26] ‭: 70m 43-64yz
[22:45:46] ‭: 11yz 12z
[22:49:09] ‭: 12-69z
[22:52:03] ‭: 69z 13zp
[23:03:22] ‭: 39右 40z
[23:40:12] ‭: 36-50y
[23:45:13] ‭: 50y 37k
[23:49:08] ‭: 37k 48m
