[09:38:43] ‭: 80ys 60左
[09:47:52] ‭: 60左 77zp
[09:52:09] ‭: 77zp 79yz
[10:03:10] ‭: 79yz 56m
[17:07:01] hh。: 4右
[18:13:53] 金平糖: 65ys 78左
[18:19:05] 金平糖: 78左 38-61卡
[18:19:24] 金平糖: 78左 30-53麦
[18:24:16] 金平糖: 51yz
[18:42:23] 金平糖: 8zp
[18:43:48] 金平糖: 1zp
[18:45:19] 金平糖: 1-5zp
[18:45:38] 末島空晴: 6崖
[18:45:46] 末島空晴: 6-7ya
[18:50:27] 金平糖: 7ya 4z
[18:51:33] 金平糖: 7y 4z 2-3k
[18:51:41] Shaddoll_Naga: 4z-10ys
[18:55:17] Shaddoll_Naga: 2-3k 9yz
[18:58:43] Shaddoll_Naga: 12-27-37-68-78-79右
[19:05:12] Shaddoll_Naga: 14-24-34右上
[19:08:07] Shaddoll_Naga: 54-59-77右上
[19:12:24] 钤科百合子: 11-29-50z
[19:15:39] 钤科百合子: 60-63-64z
[19:18:12] 钤科百合子: 63-64-72z
[19:19:27] ㅤㅤㅤㅤㅤㅤㅤㅤ朝花夕誓: 72z
[19:26:02] 金平糖: 18-19-22-25卡
[19:26:27] 金平糖: 18-17-22-25卡
[19:32:10] 钤科百合子: 19-30-66-69麦
[19:33:16] 金平糖: 19-30-33-66-69麦
[19:39:20] 钤科百合子: 28-32-48zp
[19:43:06] 钤科百合子: -48-52-73-76zp
[19:46:57] 钤科百合子: 76zp 13-43yz
[19:47:41] hh。: 13-43-80yz
[19:51:13] 钤科百合子: 20-21-53-70崖
[21:37:45] ‭: 49右
[21:42:57] ‭: 56-64-74左
[21:53:35] ‭: 31-35-41-71崖
[22:01:55] ‭: 71崖 40-47-62帐篷
[22:09:55] ‭: 62帐篷 36-42-45驿站
[22:17:29] ‭: 45-51驿站
[22:20:46] ‭: 38-39-44-46-67卡
[22:30:35] ‭: 55-57-58-61-65-75麦田
[22:39:01] ‭: 65-75麦田 78右
