[10:56:21] 钤科百合子: 40-72右
[11:01:07] 钤科百合子: 72右 5-63ys
[11:03:20] 钤科百合子: 5-63-64ys
[11:09:02] 钤科百合子: 64ys 76-77z
[11:12:23] 钤科百合子: 77z-32-27麦
[11:16:03] 钤科百合子: 27m 9-10zp
[11:19:37] 钤科百合子: 10-29-61zp
[11:23:27] 钤科百合子: 61zp 1-19-23yz
[11:27:10] 钤科百合子: 19-23-35yz
[11:28:17] 钤科百合子: 23-35-45yz
[11:31:06] 钤科百合子: 45-46-54yz
[11:33:46] 钤科百合子: 54yz 18-25崖
[11:37:25] 钤科百合子: 25崖 28-57卡
[11:41:30] 钤科百合子: 67右 78ys 79左
[11:44:58] 钤科百合子: 79-17左
[11:46:36] 钤科百合子: 17-34z
[11:51:01] 想要莉莉丝: 30驿站世界
[12:27:48] •︿•: 58右
[13:06:05] 徒花: 38ys
[13:22:15] 飞: 15右上
[13:32:24] hh。: 6z 世界
[13:34:12] 钤科百合子: 6-24-37z
[13:36:20] 钤科百合子: 24-37z 55右
[13:41:23] 钤科百合子: 55z 11-47zp
[13:42:16] 钤科百合子: 55右11-47z
[13:42:45] 钤科百合子: 55右11-47zp
[13:47:34] 钤科百合子: 47zp 14-51-62崖
[13:52:36] 钤科百合子: 51-62崖 41m
[13:55:01] 钤科百合子: 62崖 48z 41m
[13:59:43] Shaddoll_Naga: 52z 世界
[14:16:26] JoCell: 3z
[14:48:28] 钤科百合子: 2yz
[14:50:16] 金平糖: 2-7yz
[14:53:19] 钤科百合子: 7yz 49zp 31崖
[14:57:19] 金平糖: 53-71崖
[15:01:38] 钤科百合子: 71崖 59ys
[15:03:45] 钤科百合子: 59ys 42-56卡
[15:06:28] 钤科百合子: 42-56卡 21麦
[15:27:54] kirakiradokidoki: 39麦
[15:34:26] Shaddoll_Naga: 20右 世界
[15:52:16] 钤科百合子: 66zp 73yz 74崖
[15:59:46] 钤科百合子: 8-13右
[16:05:25] 钤科百合子: 26-44右
[16:11:25] 钤科百合子: 68-69右
[16:17:42] 钤科百合子: 12ys-4z
[16:21:22] 钤科百合子: 4-22z
[16:25:42] 钤科百合子: 70z-80右
[16:29:28] 钤科百合子: 80右-60yz
[16:31:27] 钤科百合子: 60yz-16k
[16:33:29] 钤科百合子: 16-36k
[16:36:38] 钤科百合子: 43卡 39麦
[16:39:41] 钤科百合子: 33y
[19:37:34] Minor沬絾年: 世界75m
