[02:41:35] Nature: 26zp-71yz
[11:02:06] 3W_AwayOne: 52 69 19 36 44右
[11:13:05] 3W_AwayOne: 1 16 23 29 31 53 58 67 71 74 76右上
[11:13:29] 透明: 80M
[11:26:27] 3W_AwayOne: 2 5 7 12 14 13 18 22 40 46 47 49 51左
[11:40:40] 3W_AwayOne: 9 8 15 17 21 24 27 34 38 37 43 45 48 61 66zp
[11:56:21] 阿杰: 66帐篷28-35-57-63-64-70-79驿站
[11:57:06] 3: 28-32-35-57-63-64-70-79  驿站
[12:03:18] 阿杰: 79玉足3-6-26-30-39-42-50-59-60-73-75卡尼曼
[12:16:52] 3W_AwayOne: 11 25 54 65 72 78 80m
[12:23:25] 徒花: 4-10-20-33-41-55-56-62-68-77ya
[19:11:57] 徒花: 4右
[19:14:30] 3: 6右
[19:16:47] : 11右
[19:16:55] 徒花: 11-17右
[19:26:09] 3: 1-5-27-29-42-43-53-54-59-64-68-80 右上
[19:38:31] 3: 80左7-10-26-34-39-63-67-70-73-76-78 左
[19:49:03] 3: 78左 16-31-35-61-71帐篷
[19:54:45] 3: 71帐篷  14-18-22-23-33-44-47-48-49-58 驿站
[20:03:35] 3: 58驿站  2-3-8-13-19-24-55-57-60-72-74-79 卡
[20:07:33] 明: 19-24-55-57-60-72-74-79 卡
[20:07:44] 明: 13-19-24-55-57-60-72-74-79 卡
[20:14:02] 3: 79卡  9-12-36-37-40-50-52-69-75-77 麦
[20:21:26] 月影萧梦: 52-69-75-77麦
15-25-28-30-41-56-62-65崖
[20:23:37] 3: 77麦 15-25-28-30-41-56-62-65 崖
