[06:06:41] 喜欢懒懒的丶: 37卡
[07:12:55] 喜欢懒懒的丶: 49m
[07:16:46] 喜欢懒懒的丶: 54z
[07:35:37] ‭: 64麦
[08:35:22] 徒花: 4卡 25yz 60m
[09:04:20] ‭: 38左
[09:04:43] ‭: 35左
[09:34:46] ‭: 19左
[10:35:03] 徒花: 6ya
[11:05:15] 徒花: 1-33yz 5ya 10ka 29右 43ys
[11:35:57] 徒花: 3麦田 7左 22卡 24-75右 金猪
[12:04:55] 徒花: 44左
[12:34:48] 徒花: 9右上 17-39-80帐篷 56左
[12:40:58] 天天好生活: 9-80帐篷 56左
[13:05:17] 徒花: 2卡 47-22右 73右上 66帐篷 69麦田
[13:06:07] 徒花: 2卡 47-72右 73右上 66帐篷 69麦田
[13:35:34] 徒花: 21崖 38-57-62左 45-48麦 50驿站
[14:04:31] 徒花: 30-68卡
[14:35:06] 徒花: 13麦
[15:06:12] 徒花: 15m 18ys 77z
[15:35:19] 徒花: 12-51崖 61帐篷
[16:05:04] 徒花: 41麦 42左
[17:05:02] 徒花: 14-58右 46-67右上 28-55-76-79左
[17:05:43] 徒花: 14-58右 46-67右上 28-55-76-79左 32-59驿站 53崖
[17:35:20] 徒花: 16右上 26左 23帐篷
[18:04:52] 徒花: 31左 63崖
[18:34:33] 徒花: [CQ:image,file={6480B827-C429-C8F0-EE8F-E3AA03BF6B93}.png,subType=0,url=https://gchat.qpic.cn/gchatpic_new/1165377737/827630428-2338412382-6480B827C429C8F0EE8FE3AA03BF6B93/0?term=255&amp;is_origin=0,file_size=58622]20左 78崖
[19:05:43] 徒花: 8右上 25冰魔 45废金
[19:35:02] 徒花: 71右
[20:35:11] 🍀🍀🍀🍀🍀🍀🍀🍀🍀: 27右
