[11:52:10] 金平糖: 1-2卡
[11:54:11] 金平糖: 1-2卡 10m
[11:57:40] 金平糖: 10m 5-8右
[11:59:53] 金平糖: 5-8右 3ys
[12:03:23] 金平糖: 3ys 4-6-7yz
[12:07:02] 金平糖: 6-7-9yz
[12:10:39] 金平糖: 9yz 21-22-23卡
[12:13:03] 金平糖: 22-23-26卡
[12:13:58] 金平糖: 23-26-38卡
[12:15:11] 金平糖: 26-38-40卡
[12:16:28] 金平糖: 38-40-42卡
[12:17:36] 金平糖: 40-42-47卡
[12:18:46] 金平糖: 42-47-49卡
[12:19:55] 金平糖: 47-49-51卡
[12:21:03] 金平糖: 49-51-56卡
[12:22:18] 金平糖: 51-56-66卡
[12:23:22] 金平糖: 56-66-72卡
[12:25:27] 金平糖: 72卡 12-24-27右
[12:28:00] 金平糖: 24-27-39右
[12:29:09] 金平糖: 27-39-48右
[12:30:07] 金平糖: 39-48-50右
[12:31:13] 金平糖: 48-50-59右
[12:33:26] 金平糖: 59右 15-52-58右上
[12:35:48] 金平糖: 52-58-61右上
[12:36:53] 金平糖: 58-61-62右上
[12:38:02] 金平糖: 61-62-65右上
[12:39:09] 金平糖: 62-65-67右上
[12:40:14] 金平糖: 65-67-68右上
[12:41:21] 金平糖: 67-68-71右上
[12:42:29] 金平糖: 68-71-73右上
[12:43:43] 金平糖: 71-73-78右上
[12:44:49] 金平糖: 73-78-79右上
[12:47:05] 金平糖: 79右上 16-45左
[12:48:10] 金平糖: 16-45-46左
[12:49:29] 金平糖: 45-46-55左
[12:50:33] 金平糖: 46-55-77左
[12:52:49] 金平糖: 77左 17-18-20崖
[12:55:21] 金平糖: 18-20-30崖
[12:56:26] 金平糖: 20-30-31崖
[12:57:00] 金平糖: 30-31-34崖
[12:57:54] 金平糖: 31-34-36崖
[12:58:57] 金平糖: 34-36-44崖
[13:00:08] 金平糖: 36-44-57崖
[13:01:11] 金平糖: 44-57-74崖
[13:03:26] 金平糖: 74崖 11-14-32zp
[13:06:00] 金平糖: 14-32-37zp
[13:06:59] 金平糖: 32-37-54zp
[13:08:41] 金平糖: 37-54-64帐篷
[13:09:15] 金平糖: 54-64-69帐篷
[13:10:10] 金平糖: 64-69-70帐篷
[13:10:44] : 7k
[13:12:23] 金平糖: 70zp 13-29-35yz
[13:14:54] 金平糖: 29-35-43yz
[13:15:46] 金平糖: 35-43-53yz
[13:16:44] 金平糖: 43-53-76驿站
[13:16:56] 金平糖: 53-76-80驿站
[13:19:57] 金平糖: 80yz 19-25-28麦
[13:22:10] 金平糖: 25-28-33麦
[13:23:15] 金平糖: 28-33-41麦田
[13:24:11] 金平糖: 33-41-60麦田
[13:25:14] 金平糖: 41-60-63麦田
[13:26:14] 金平糖: 60-63-75麦
[13:31:43] 金平糖: 20zp
[19:27:58] 饕餮: 1ya
[19:34:18] 金平糖: 6-9m
[19:37:15] 金平糖: 6-9m 5y
[19:38:44] 金平糖: 5y 7-10右
[19:42:32] 金平糖: 7-10右 8z
[19:44:00] 金平糖: 10右 8z 2-4卡
[19:46:39] 金平糖: 2-4卡 3yz
[19:48:45] 3W_AwayOne: 28右
[19:48:54] 金平糖: 28ys
[19:49:54] Shaddoll_Naga: 28ys 12-20-21右
[19:53:01] Shaddoll_Naga: 20-21-25右
[19:55:07] Shaddoll_Naga: 25-67-70右
[19:56:42] Shaddoll_Naga: 67-70-75右
[19:58:40] ______Vincent.: 75右 11-14右上
[19:59:06] ______Vincent.: 75右 24-31右上
[20:00:21] ______Vincent.: 24-31-42右上
[20:01:38] ______Vincent.: 31-42-45右上
[20:02:36] ______Vincent.: 42-45-49右上
[20:03:08] ______Vincent.: 45-49-58右上
[20:04:04] ______Vincent.: 49-58-64右上
[20:05:04] ______Vincent.: 58-64-68-80右上
[20:08:29] ______Vincent.: 80右上 11-14左
[20:08:40] ______Vincent.: 11-14-17左
[20:10:09] ______Vincent.: 14-17-33左
[20:11:34] Shaddoll_Naga: 33-44-47左
[20:12:44] ______Vincent.: 44-47-52左
[20:14:09] ______Vincent.: 47-52-54左
[20:14:34] Shaddoll_Naga: 52-54-60左
[20:15:21] ______Vincent.: 54-60-69-77左
[20:18:33] ______Vincent.: 77左  23-29帐篷
[20:19:04] ______Vincent.: 23-29-30zp
[20:20:53] ______Vincent.: 29-30-35zp
[20:21:32] ______Vincent.: 30-35-36zp
[20:22:30] ______Vincent.: 35-36-38-40zp
[20:23:31] ______Vincent.: 36-38-40-53zp
[20:24:17] ______Vincent.: 38-40-53-62zp
[20:24:59] ______Vincent.: 40-53-62-65帐篷
[20:28:24] ______Vincent.: 65zp  13-16yz
[20:29:04] ______Vincent.: 13-16-34yz
[20:30:06] ______Vincent.: 16-34-43yz
[20:31:04] ______Vincent.: 34-43-56yz
[20:32:31] ______Vincent.: 43-56-59-72yz
[20:35:38] ______Vincent.: 15-22-39卡
[20:37:20] ______Vincent.: 22-39-46卡
[20:38:33] ______Vincent.: 39-46-50卡
[20:39:06] ______Vincent.: 46-50-61-73卡
[20:43:04] Shaddoll_Naga: 73卡 18-26麦田
[20:43:36] ______Vincent.: 18-26-27m
[20:44:39] ______Vincent.: 26-27-32m
[20:45:39] ______Vincent.: 27-32-51m
[20:46:43] ______Vincent.: 32-51-55m
[20:47:54] ______Vincent.: 51-55-57m
[20:48:35] ______Vincent.: 55-57-66m
[20:49:41] ______Vincent.: 57-66-74m
[20:50:58] ______Vincent.: 66-74-76-79麦
[20:53:51] Shaddoll_Naga: 79麦田 19-37崖
[20:55:20] Shaddoll_Naga: 19-37-41崖
[20:56:28] Shaddoll_Naga: 37-41-48-63-71-78崖
