[08:28:55] hh。: 72z
[08:39:22] 钤科百合子: 61ys
[08:51:54] 钤科百合子: 54ys
[09:16:28] 钤科百合子: 27卡
[09:56:30] hh。: 35卡
[10:03:24] hh。: 51zp
[10:30:24] ‭: 25yz
[10:30:43] ‭: 30卡
[10:37:43] hh。: 45ys
[10:47:50] hh。: 67yz
[11:02:37] hh。: 19崖
[11:28:49] 钤科百合子: 71yz
[11:50:29] Shaddoll_Naga: 40ys 40右
[11:50:37] Shaddoll_Naga: 40ys 40右
[11:51:10] Shaddoll_Naga: 40ys 41右
[11:53:46] Shaddoll_Naga: 40-48ys 41右
[12:07:57] Shaddoll_Naga: 79m
[12:12:34] Shaddoll_Naga: 9z
[12:13:48] Shaddoll_Naga: 9z 11zp
[12:22:23] Shaddoll_Naga: 29m
[12:32:19] Shaddoll_Naga: 52z
[12:37:14] 徒花: 62m
[12:42:54] Shaddoll_Naga: 74麦田
[12:43:46] Shaddoll_Naga: 74m 76z
[12:46:35] Shaddoll_Naga: 76z 1右 2y
[12:58:42] Shaddoll_Naga: 28卡
[13:05:16] 徒花: 42m
[13:08:33] Shaddoll_Naga: 49yz 50右
[13:11:56] 徒花: 50右-57m
[13:12:07] 徒花: 50右-57m-58yz
[13:16:18] 徒花: 66m-58yz
[13:21:09] 徒花: 77z
[13:24:25] 徒花: 4m
[13:25:51] 徒花: 4m-6zp
[13:26:22] 徒花: 4m-6zp-8ya
[14:15:05] 星尘四界子: 15麦
[14:21:59] 123: 46yz
[15:02:53] 3W_AwayOne: 47卡
[15:03:17] 萃香好可爱: 53牙
[15:44:37] 3W_AwayOne: 56右 65Z
[15:48:17] .: 38y
[16:13:39] Minor沬絾年: 世界22崖
[17:35:40] 3W_AwayOne: 55zp-60yz
[17:44:44] Clong: 世界 75右上
[19:52:40] 金平糖: 44右 33左 80卡
[20:21:35] .: 68麦
