[10:59:01] 晗子: 22yz
[11:00:51] 金平糖: 1-9左 4ys 2-7麦 3-5-8yz
[11:17:22] 萃香好可爱: 17yz
[11:21:17] 饕餮: 36ys
[11:21:49] ジグソーパズル: 50-69-70-75右
[11:23:26] 饕餮: 43-53-60-61-68-74-79-80ys
[11:24:00] ジグソーパズル: 70 75 10 19 21 右
[11:29:17] 陌影久念: [CQ:reply,id=-1895164723][CQ:at,qq=1980374781,name=退隐山林的无敌] 5k
[11:32:40] ジグソーパズル: 74 79 80 23 24  ys
[11:48:27] 霸、、、霸王洗发水: 14z
[12:06:45] 星月幻雪猫๓: 32yz
[12:15:17] 萃香好可爱: 27卡
[12:17:41] 萃香好可爱: 46卡
[12:21:15] ジグソーパズル: 73k
[12:30:43] 苏: 15yz
[16:14:37] 冬兔: 170M
[21:18:10] : 1m
[21:18:44] 芒果假面波奇酱: 4m
[21:27:48] .: 3-11-14m
[21:28:43] 徒花: 50-55右
[21:29:26] 徒花: 55-54-65-67右
[21:30:05] 徒花: 54-65-67-75-76-41右
[21:35:44] 黑白: 41右 然后ys
[21:36:24] 徒花: 31-26-2右
[21:40:30] 3: 20ys
[21:40:42] 3W_AwayOne: 21 27 28 32 40 63ys
[21:47:48] 3W_AwayOne: 15 35 56 62 66 68 69 70左
[21:49:34] 品唐糕手: 5ya
[21:56:56] 徒花: 8zp
[21:57:09] 3W_AwayOne: 8 16 22 25 34 39 42 45 53 60zp
[22:09:00] 徒花: 6yz
[22:09:48] 徒花: 6-10-12-44-52-58-59-64-80yz
[22:19:08] 冬夜: 64-80驿站
[22:22:24] 霸、、、霸王洗发水: 47崖
[22:23:01] 霸、、、霸王洗发水: 47-17-23-29-51-71-72-73崖
[22:30:01] 霸、、、霸王洗发水: 7-19-24-33-43-48-49-57-61卡
[22:41:37] 霸、、、霸王洗发水: 14-30m
