[00:58:18] 夜雪: 40yz 金猪
[01:00:26] 夜雪: 40yz
[10:59:07] 7天乐砸了丶: 12z
[11:00:17] Silver♢: 200zp
[11:00:50] さとう: 9右
[11:01:52] 祝愿: 12yz
[11:01:56] 落樱不逝待君归: 6涯
[11:03:49] 你对月慕几许: 11右[CQ:image,file=AA1069F11A96742465076BD116ABA307.png,subType=0,url=https://multimedia.nt.qq.com.cn/download?appid=1407&amp;fileid=EhSRIRZEZcfzbY1J_tZ7gghlPuSoyxikjscBIP8KKNCr9sGPvo8DMgRwcm9kUIC9owFaEDTD-q4meSG6wbzAyK1vUNV6ApnL&amp;spec=0&amp;rkey=CAESMN_sibuuoeb9ujiPFzislyuB5mz21BT_IuuT-uhrq9e8UlgsuQ-GdOcSbGaW2snucw,file_size=3262244]
[11:03:52] kirakiradokidoki: 15ys
[11:05:01] kirakiradokidoki: 11崖
[11:05:25] さとう: 2右
[11:05:27] 琳: 32yz
[11:05:51] .: 17y
[11:05:54] 林焰: 11右上
[11:05:54] 韩: 149zp
[11:05:55] 力力厘: 13ys
[11:05:57] 亡霊镜子: 8右上
[11:06:33] さとう: 20右
[11:08:17] 525108767: 23y
[11:08:52] 韩: 148zp
[11:10:12] Zzmlion: 148zp
[11:10:38] Amy: 46ya
[11:10:47] 小情绪: 5ys
[11:11:04] 39: 26y
[11:11:05] 亡霊镜子: 198右
[11:11:07] 月色真美: 28ya
[11:11:29] 十六夜之月: 91ya
[11:14:16] さとう: 50右
[11:15:19] 月色真美: [CQ:image,file={B10643FC-D7A5-E1DC-48A1-10BEE6854B02}.png,subType=0,url=https://gchat.qpic.cn/gchatpic_new/421098875/827630428-2281393702-B10643FCD7A5E1DC48A110BEE6854B02/0?term=255&amp;is_origin=0,file_size=7021]29崖
[11:16:37] 知易行难: 29y
[11:17:26] Ko: 60zp
[11:17:30] taffy: 44左
[11:17:48] 黑白: 101左
[11:18:12] ______Vincent.: 19 崖
[11:19:23] Mliulvi: 124y
[11:19:26] 临璃Rinri: 103m
[11:19:50] 脏兮兮: 108m
[11:19:59] mobfish: 45左
[11:20:16] 666: 123y
[11:20:23] 落樱不逝待君归: 31涯
[11:21:03] 酱油ing、: 37麦田
[11:21:39] 月色真美: 48崖
[11:21:43] 你咋知道的: 53左
[11:21:59] 琳: 52yz
[11:22:35] 你咋知道的: 69左
[11:23:23] zzzzzhy: 124y
[11:23:25] 666: 98y
[11:24:12] 你咋知道的: 72左
[11:24:21] 清秀丶: 98y
[11:24:31] 鲜榨橘汁: 81左
[11:24:32] 养只猫吧: 40y
[11:25:05] 你咋知道的: 73左
[11:25:16] 月色真美: 65崖
[11:25:20] 脏兮兮: 140ys
[11:25:53] 冲动是魔鬼: 65y
[11:26:42] 伍佰: 178y
[11:26:51] 你咋知道的: 119左
[11:26:58] 能鸽善鹉: 73左
[11:27:01] 难受呀⊙﹏⊙: 114y
[11:27:35] AB.: 192崖
[11:27:44] 月色真美: 66崖
[11:28:03] 次元君的日常: 170y
[11:28:10] 你咋知道的: 125左
[11:28:48] 摆烂_一_一_大王: 42麦田
[11:29:13] 你咋知道的: 130左
[11:29:55] 525108767: 138ys
[11:30:12] 小情绪: 66y
[11:30:14] 你咋知道的: 135左
[11:30:33] 狐瓜狐: 68右
[11:30:49] 我有一计🍀: 135左
[11:31:13] 咸鱼: 162y
[11:31:20] 你咋知道的: 141左
[11:31:42] 摆烂_一_一_大王: 152驿站
[11:31:54] 清秀丶: 154y
[11:32:07] 血玫瑰ぞ: 139ys
[11:32:33] 我有一计🍀: 125右
[11:32:49] 冲动是魔鬼: 146左
[11:33:38] 飞: 136ys
[11:33:54] 脏兮兮: 134yz
[11:34:03] zzzzzhy: 157左
[11:35:09] 冲动是魔鬼: 177zuo
[11:36:16] isshoniko: 183z
[11:36:48] kuRo: 199卡
[11:37:41] 你没有回来: 96右上
[11:39:58] 月色真美: 1卡
[11:40:32] Asahina Yukino: 54m
[11:40:33] 知易行难: 127yz
[11:40:59] Mliulvi: 134yz
[11:40:59] 冰魄: 173yz
[11:42:18] 水.Niwatori: 197驿站
[11:42:30] 力力厘: 196右
[11:43:07] 🖤熬夜波比阿三: 88卡
[11:44:07] 天绫绫地宁宁: 110zp
[11:44:32] 伍佰: 171卡
[11:44:48] 力力厘: 195右
[11:44:51] kuRo: 168卡
[11:45:18] 奇迹于你: 109zp
[11:46:29] 奇迹于你: 106zp
[11:46:32] kuRo: 155卡
[11:47:11] 力力厘: 191右
[11:47:22] 水.Niwatori: 193驿站
[11:47:43] 滑稽先生: 155卡
[11:47:44] 鲤鲤: 30ka
[11:47:45] BigIce: 62ZP
[11:48:07] 韩: 80k
[11:49:27] 力力厘: 186右
[11:49:33] 浮世: 83右
[11:49:49] 陌影久念: 77卡
[11:50:00] 韩: 79k
[11:51:33] Zzmlion: 78卡
[11:52:02] ●●: 190右
[11:52:11] ジグソーパズル: 78卡
[11:52:21] 力力厘: 181右
[11:52:22] farmacéutico contemporaneo: 78k
[11:52:59] 月色真美: 87右
[11:53:03] zzZ: 76k
[11:53:52] 鲜榨橘汁: 137右
[11:53:59] 你对月慕几许: 10m
[11:54:48] 韩: 75k
[11:55:49] 月色真美: 90右
[11:56:06] kuRo: 100卡
[11:56:08] 力力厘: 180ys
[11:56:13] 你没有回来: 85zp
[11:56:20] 黑白: 24 zp
[11:57:14] kuRo: 93卡
[11:58:13] kuRo: 92卡
[11:58:27] 月色真美: 97右
[11:58:55] 想要莉莉丝: 25卡
[11:59:28] 鲜榨橘汁: 122右
[12:00:15] 月色真美: 150右
[12:01:03] kuRo: 51卡
[12:02:20] 力力厘: 175右
[12:02:36] kuRo: 38卡
[12:06:13] 力力厘: 174ys
[12:09:11] 滑稽先生: 121原神
[12:09:47] 力力厘: 163ys
[12:09:58] 想要莉莉丝: 115右
[12:10:41] Silver♢: 61麦
[12:11:37] 滑稽先生: 113右
[12:11:40] 梦漓: 115右
[12:11:46] 力力厘: 145ys
[12:13:43] 想要莉莉丝: 84右上
[12:15:16] 桂縁KEIEN: 71ys
[12:15:19] 力力厘: 116ys
[12:17:42] 酱油ing、: 129右
[12:22:29] 宵待雨月: 131y
[12:22:50] かたこ: 43ys
[12:24:37] 今天比明天更懒惰: 143右
[12:27:21] 渡本楓: 67m
[13:30:27] kimiovo: 2k
[15:02:52] 525108767: 54ys
[15:04:57] 小情绪: 54ys
[17:49:53] 末島空晴: 168左
[17:50:12] 壹: 151右
[17:50:50] 3W_AwayOne: 197M
[17:53:20] 春不见: 168Z
[17:54:22] 3W_AwayOne: 196m
[17:54:58] 孓(⊙o⊙)…: 151右
[17:55:06] a2: 151右
[17:56:52] Clong: 199左
[17:56:58] 小楼香盈袖: 194右
[17:57:59] 純楠: 154帐篷
[18:00:42] 月光の孤寂: 191右
[18:01:20] 壹: 171zp
[18:04:09] 宵待雨月: 155y
[18:05:50] 力力厘: 157y
[18:08:02] 宵待雨月: 164右
[18:08:03] 525108767: 200yz
[18:09:54] Clong: 170右
[18:10:39] nonnon剑法: 137Y
[18:12:54] 现实真是让人扫兴: 24y
[18:13:06] 蛇太子: 25y
[18:13:51] 525108767: 34右
[18:14:10] 黑白: 154m
[18:14:24] 黑白: 122涯
[18:14:59] 一般男性Debu: 14y
[18:15:04] 藍焔: 21y
[18:15:37] 橘: 18ys
[18:16:14] 汐: 21ys
[18:17:12] 我有一计🍀: 4右
[18:17:50] 宵待雨月: 14y
[18:18:42] 请笃信一个梦: 19右
[18:19:25] 黑白: 15k
[18:19:32] 󠀡󠀡: 53m
[18:19:34] kuRo: 23卡
[18:19:58] kuRo: 29卡
[18:19:59] forever: 76右
[18:20:07] Zzmlion: 45右
[18:20:46] kuRo: 33卡
[18:20:59] 末島空晴: 8y
[18:21:15] 一般男性Debu: 62m
[18:22:03] Shin®: 26右
[18:23:15] kuRo: 43卡
[18:23:18] 水煮章鱼: 33k
[18:23:34] 及时行乐: 69m
[18:23:40] 饕餮: 6m
[18:24:46] 木吱: 167m
[18:25:46] 春不见: 41Z
[18:32:35] 木吱: 54y
[18:33:42] kuRo: 93卡
[18:34:11] 鲜榨橘汁: 78右上
[18:34:43] 你咋知道的: 165左
[18:36:49] : 192麦田
[18:37:45] 月色真美: 11左
[18:37:48] 我有一计🍀: 30ys
[18:38:21] 3W_AwayOne: 49右上
[18:38:45] 月色真美: 5崖
[18:38:49] 白玉团子: 30ys
[18:38:52] 想要莉莉丝: 150驿站
[18:38:59] 月色真美: 148崖
[18:39:06] 月色真美: 198麦
[18:39:55] 月色真美: 33ys
[18:41:12] 525108767: 187m
[18:43:30] .: 166zp
[18:43:46] 知味: 153ZP
[18:45:07] 月色真美: 128左
[18:45:14] 525108767: 12左
[18:50:21] 月色真美: 175右
[18:52:16] kuRo: 149卡
[18:53:44] kuRo: 159卡
[18:55:34] kuRo: 195卡
[18:56:20] 栞叶るり: 17ys
[18:57:28] Bk: 7卡
[18:58:34] 月色真美: 162右上
[18:59:00] 知味: 108z
[18:59:34] 少女の咸爪🥄: 27崖
[18:59:48] 冬: 72右上
[18:59:59] .: 109ys
[19:00:09] 难受呀⊙﹏⊙: 108左
[19:01:12] 炎君: 91右
[19:01:21] 力力厘: 193ys
[19:01:56] : 3 y
[19:02:10] KI: 158y
[19:02:21] ？？？: 193ys
[19:02:24] 灰灰丶: 32右
[19:02:25] 月亮月亮眼: 47zp
[19:02:45] 冬: 73右
[19:03:00] 月色真美: 70右上
[19:04:49] 月亮月亮眼: 42zp
[19:05:07] 脏兮兮: 16m
[19:05:12] 月色真美: 38zp
[19:05:20] 落樱不逝待君归: 60涯
[19:06:27] Stargazer: 31zp
[19:08:13] 力力厘: 156ys
[19:08:44] 黄乳麻吉: 83m
[19:09:55] 脏兮兮: 145ys
[19:10:00] 力力厘: 147ys
[19:10:18] /•᷅‎‎•᷄\୭: 36麦田
[19:12:36] 水煮章鱼: 1ys
[19:14:14] 山鱼: 2左
[19:14:37] 力力厘: 100ys
[19:16:41] 力力厘: 84右
[19:18:44] 脏兮兮: 77yz
[19:21:46] 微茫: 44zp
[19:30:45] 橘: 103ys
[19:30:54] M̶r̶.̶J̶a̶v̶s̶e̶n̶: 103ys
[19:44:03] 月色真美: 39麦
[20:22:12] 橘: 63m
