[00:00:31] Soleil: 7-93-193卡 116M
[00:05:07] Soleil: 165-111-95右 105ys 141左
[00:10:21] Soleil: 184-159-112崖
[00:13:38] Soleil: 79-145-166yz 186zp
[00:17:09] Soleil: 186zp 58崖
[00:22:40] Soleil: 156崖
[00:24:34] Soleil: 23左
[00:34:50] 丶: 54m
[00:35:49] kirakiradokidoki: 54麦-138卡
[00:43:54] Soleil: 108崖
[00:45:22] Soleil: 126左
[01:04:04] Minor沬絾年: 123驿站
[01:07:04] Minor沬絾年: 97驿站
[01:07:36] Minor沬絾年: 101驿站
[01:10:22] Soleil: 114yz
[01:12:18] ‭: 97ys
[01:15:45] Soleil: 65yz
[01:21:01] ‭: 197z
[01:24:25] Soleil: 37帐篷
[01:31:13] 已: 14右
[01:40:52] Soleil: 35麦
[01:41:22] 已: [CQ:image,file=64BC94E06C865FD104F6FD781F25DFA2.png,subType=0,url=https://multimedia.nt.qq.com.cn/download?appid=1407&amp;fileid=EhS5cihMINDTe5rgjSJfexDfBcYJmRjz8E8g_woog5LaxJqfkAMyBHByb2RQgL2jAVoQlfj_CgeS679IMs5-AYcIinoCTW2CAQJneg&amp;spec=0&amp;rkey=CAQSMHqTL_lBy8YWE9bhUPAijIsrChc5fgLyWPUZNeTF78kQX_03C70l3Y3HRCcVt7hAjA,file_size=1308787]24右上
[01:44:22] Soleil: 151左 158y 180y
[01:46:31] kirakiradokidoki: 38卡
[01:47:20] ______Vincent.: 158y 180y 38卡
[01:47:20] lauirf: 35麦田: ❌
24右上: ❌
151左上: ❌
158崖之遗迹: ❌
180崖之遗迹: ✅
38卡: ✅
[01:47:21] 末島空晴: 那就是出了。
[01:57:49] Minor沬絾年: 82ys
[01:59:06] Soleil: 82右上-86右
[02:08:35] Soleil: 142右
[02:14:05] Soleil: 115ys-172崖
[02:22:40] ______Vincent.: 135zp
[02:25:07] Soleil: 81m-167卡
[02:42:18] ______Vincent.: 175zp
[02:46:30] Soleil: 22ys
[02:51:53] ‭: 32ys
[03:06:00] ______Vincent.: 107右
[03:08:45] ______Vincent.: 66卡
[03:11:30] ______Vincent.: 173-67麦
[03:15:53] ______Vincent.: 62yz
[03:20:26] Clong: 45左
[03:47:06] ______Vincent.: 10卡
[03:50:45] ______Vincent.: 96zp
[03:53:37] ______Vincent.: 137-17ys
[03:59:04] ______Vincent.: 46y
[04:01:47] ______Vincent.: 21麦
[04:02:45] ______Vincent.: 94yz
[04:19:21] 人間になりたい: 164M
[04:36:14] ______Vincent.: 1zp
[04:40:02] ______Vincent.: 194zp
[04:43:08] ______Vincent.: 49卡
[04:46:15] ______Vincent.: 149-171卡
[04:51:35] ______Vincent.: 143麦
[05:11:35] ______Vincent.: 160zp
[05:17:31] ______Vincent.: 132y
[05:24:43] ______Vincent.: 4麦
[05:51:52] 钤科百合子: 182y
[06:32:06] ______Vincent.: 19-31y
[06:39:56] ______Vincent.: 64yz
[06:43:57] ______Vincent.: 90-121-131卡
[06:54:03] ______Vincent.: 25-57麦
[07:01:21] ______Vincent.: 9-15ys
[07:01:31] kirakiradokidoki: 9-15ys
[07:07:22] ______Vincent.: 110-136ys
[07:12:45] ______Vincent.: 129z
[07:20:51] ______Vincent.: 192zp
[07:30:24] 毛卡DuD: 139yz
[07:31:22] 钤科百合子: 56yz
[07:37:15] Zombie cat: 181 右
[07:47:54] 苏: 124z
[07:55:29] 苏: 163z
[08:02:26] FrostAro: 50右
[08:11:07] FrostAro: 60ys
[08:19:53] 苏: 36z
[08:20:02] FrostAro: 71yz
[08:27:22] y: 109麦
[08:44:24] ______Vincent.: 189麦
[08:54:00] 钤科百合子: 144y
[08:59:43] 烧火棍，樱花糕与铁桶僵尸: 88k
[09:03:48] FrostAro: 200k
[09:03:48] FrostAro: [CQ:image,file=08679B3E09CF5239804D2B1F077965B2.png,subType=0,url=https://multimedia.nt.qq.com.cn/download?appid=1407&amp;fileid=EhT-8hXlKGBAI6etw6HyN-aRtOFi-hjQ8Wcg_woopOCEt_2fkAMyBHByb2RQgL2jAVoQL2riOTTMO3-hHd30yfjYYnoC9cCCAQJuag&amp;spec=0&amp;rkey=CAMSML3mhuiKxZ8HN2pBTGsVmzmlVWQViwaOFJ11LSAjl2E7mEzn43AyJo_sceNLS80G1A,file_size=1702096]
[09:03:58] ‭: 195ys
[09:04:32] 烧火棍，樱花糕与铁桶僵尸: 127k
[09:14:35] AAAsoyo外卖专送: 78崖金猪
[09:19:52] FrostAro: 188k
[09:20:13] ______Vincent.: 53ys
[09:26:33] ______Vincent.: 63zp
[09:30:26] FrostAro: [CQ:image,file=45BD8B14A4AB989F55D27C8E9B83AB94.png,subType=0,url=https://multimedia.nt.qq.com.cn/download?appid=1407&amp;fileid=EhRW8EaXS81cxeIQMB3hBm54d5akyhikx1kg_woonMyusYOgkAMyBHByb2RQgL2jAVoQ_Ss6B1BQTM_RTsJxdp9ZsHoC8bGCAQJuag&amp;spec=0&amp;rkey=CAMSML3mhuiKxZ8HN2pBTGsVmzmlVWQViwaOFJ11LSAjl2E7mEzn43AyJo_sceNLS80G1A,file_size=1467300]185m
[09:30:27] ______Vincent.: 125yz
[09:30:27] lauirf: 185麦田: ✅
[09:35:58] FrostAro: 179z
[09:41:25] 烧火棍，樱花糕与铁桶僵尸: [CQ:image,file=F56EA57EDBF8C7500D25FB92004E42D7.png,subType=0,url=https://multimedia.nt.qq.com.cn/download?appid=1407&amp;fileid=EhSWzO7KSOw9HVWRfbPm6NrGjvIsyxjkx0og_woo2NjE64WgkAMyBHByb2RQgL2jAVoQ95xffz3_q9uRLT-X9zF0DnoCl4qCAQJuag&amp;spec=0&amp;rkey=CAMSMAU95dE3FolQdn4TPT2umfcRtTo2KYLBj9ofBqawtm-AcxKp8hUaycc3Vg__Sb9fCw,file_size=1221604]34y
[09:45:04] FrostAro: 155yz
[09:48:01] ______Vincent.: 73z
[09:49:15] kirakiradokidoki: 100右上
[10:12:01] FrostAro: 148yz
[10:15:55] ‭: 157yz
[10:15:55] 符拉迪沃斯托克: 氪金签到
[10:25:47] 烧火棍，樱花糕与铁桶僵尸: 29k
[10:35:20] 已: 3右上
[10:37:07] Silver♢: 84崖
[10:42:24] ______Vincent.: 47右
[10:45:47] ______Vincent.: 48ys
[10:48:46] 乐意: 74z
[11:13:07] 已: 28右上
[11:15:35] 乐意: 41yz
[11:17:36] Silver♢: 39麦
[11:30:08] 乐意: 150右
[11:34:32] 乐意: 103右
[11:49:30] 已: 170右
[12:33:18] 莫染: 40右
[12:38:43] 乐意: 152卡
[12:42:26] 莫染: 69右
[12:48:20] 乐意: 42卡
[12:55:12] 乐意: 174卡
[13:03:56] 乐意: 72m
[13:35:31] 乌鸦Rabble: 5k
[14:15:44] 烧火棍，樱花糕与铁桶僵尸: [CQ:image,file=46621836B5263E0A77DE908704393F97.png,subType=0,url=https://multimedia.nt.qq.com.cn/download?appid=1407&amp;fileid=EhQN86-IobhcIWV25sQvwhA8FOWRkRjs-ZMBIP8KKISpypPDoJADMgRwcm9kUIC9owFaEBDPRDDOE7YfIlAPNskpXg96AuHjggECbmo&amp;spec=0&amp;rkey=CAISMANGd1DICVwgQlSotRaVl-Xev4259-XwWMP-DOpc2H4Oz_MD178cYeburcLKM6fYow,file_size=2424044]59zp
[14:39:01] M̶r̶.̶J̶a̶v̶s̶e̶n̶: 83帐篷
[14:42:11] 乐意: 199z
[15:12:14] Silver♢: 122yz
[15:20:03] 白玉团子: 27右
[16:14:11] : 183YS
[16:19:50] 九色: 120ys
[16:19:50] 黑白配: 还是一个让大家快乐的游戏
[17:08:54] hh。: 33ya
[17:22:32] 烧火棍，樱花糕与铁桶僵尸: 52m
[17:25:31] hh。: 44ys
[17:43:05] 想要莉莉丝: 6右上
[17:47:12] Soleil: 196麦
[18:06:40] 苦命鹦鹉: 61崖
[18:24:16] Soleil: 187崖
[18:45:48] 今天也睡不着觉: 113卡
[19:08:41] kirakiradokidoki: 191左
[19:36:26] 想要莉莉丝: 87k
[20:01:50] Soleil: 18左 169右 162崖
[20:05:26] Soleil: 162崖 134zp 92yz
[20:10:10] 想要莉莉丝: 178右
[20:10:10] Soleil: 177-153-104-11卡
[20:10:11] lauirf: 178右: ✅
[20:17:08] Soleil: 2卡
[20:42:43] kirakiradokidoki: 8麦
[20:49:30] 丶: 43z
[20:50:06] 丶: 43ys
[21:04:02] 丶: 128右
[21:04:13] 想要莉莉丝: 146z
[21:09:20] 丶: 140右  有人偷猪！
[21:14:33] 镜花水月: 16zp
[21:25:44] 镜花水月: 54yz
[21:29:18] 芒果假面波奇酱: 85卡
[21:46:59] 卤蛋: 165yz
[21:51:50] hh。: 77m
[21:53:12] Soleil: 91-154m
[21:55:41] Soleil: 161zp
[21:55:42] 爆炸糖.: 刚到跳舞池
[21:57:11] Soleil: 68左 51ys
[22:00:00] Soleil: 108-37卡
[22:02:42] Soleil: 158-151卡
[22:02:42] lauirf: 108卡: ✅
37卡: ❌
[22:09:30] 水镜: 117ys
[22:14:02] Soleil: 130左
[22:19:48] 芒果假面波奇酱: 102zp
[22:25:55] 镜花水月: 123zp
[22:34:19] 镜花水月: 12m
[22:47:28] Soleil: 111右
[23:31:33] 【Φόβος】: 30右上
