[00:00:39] Soleil: 132m
[00:02:55] 毛卡DuD: 136zp
[00:06:24] kido: 71右
[00:08:35] 饕餮: 138左
[00:10:23] M̶r̶.̶J̶a̶v̶s̶e̶n̶: 30崖
[00:22:39] Soleil: 119右
[00:22:39] hh。: 截止了
[00:26:12] .: 49yz
[00:26:12] 萌系抠脚大汉: [CQ:image,file=D50F6EE9683B320D4661D86949E59353.jpg,subType=0,url=https://multimedia.nt.qq.com.cn/download?appid=1407&amp;fileid=EhTXc7frNADYU4kxrXUSaKXkRpGw0BjqsDEg_woo3p6fk8SXkAMyBHByb2RQgL2jAVoQa11Df8g3fmGFpPjYJM54t3oCx7CCAQJneg&amp;spec=0&amp;rkey=CAQSMDhxxdjW0tROn2nMb0CXUuyXI10EGGIG2K58mnLE3CVFxrqec_8y0y-5EbAH2RRkFA,file_size=809066]
[00:33:44] 今天也睡不着觉: 13卡
[00:35:19] hh。: 193m-151右
[00:38:02] Soleil: 125yz
[00:42:44] Soleil: 141崖
[00:45:03] Soleil: 78卡
[00:50:45] 苦命鹦鹉: 94驿站
[00:50:45] 雪糕: 希望大家都出猪
[00:53:03] .: 97m
[01:00:36] hh。: 163m
[01:08:26] 已: 1左
[01:11:44] 冬筱: 139z
[01:15:01] kido: 9ys
[01:17:35] Soleil: 81右
[01:19:55] Soleil: 114崖
[01:24:34] ‭: 144yz
[01:27:17] Soleil: 58崖
[01:36:43] .: 179zp
[01:40:28] Soleil: 149zp
[01:41:53] Soleil: 107zp
[01:53:49] kido: 108ys
[02:10:28] 提不起干劲の芙兰: 121右上
[02:12:08] hh。: 57m
[02:15:20] hh。: 124ya
[02:16:46] hh。: 104ya
[02:18:33] hh。: 73ya
[02:22:26] 纸月: 180yz
[02:23:45] 爆炸糖.: [CQ:image,file=1DC8D9C61D5E894FBBD2D0834DE55358.png,subType=0,url=https://multimedia.nt.qq.com.cn/download?appid=1407&amp;fileid=EhTs-qa_HTcxyTI9HkDcSaTUy2odJhiM8hog_woozqTxtd6XkAMyBHByb2RQgL2jAVoQbqMQRfs3g4TFvimAjZRt1XoCfxeCAQJneg&amp;spec=0&amp;rkey=CAESMJp_UFtAoaAa3o2O257zr3UisCOmRQm1myw0vbzXZ_ang9o_44t3SEQPxU0Y_g3p_w,file_size=440588]137ys
[02:28:13] Soleil: 137右上
[02:28:15] Soleil: 22右上
[02:29:31] 纸月: 39yz
[02:32:24] hh。: 111zp
[02:44:00] 冬筱: 123z
[02:47:22] Soleil: 62m
[02:49:19] Soleil: 126麦
[02:52:44] 小无忧: 175卡
[02:55:06] ______Vincent.: 167右 158zp 186m
[03:03:52] hh。: 164卡
[03:05:17] 已: [CQ:image,file=10A9F28E98BEF63F2FAB0E1521BDE78B.png,subType=0,url=https://multimedia.nt.qq.com.cn/download?appid=1407&amp;fileid=EhRZiPKNtxl14BnNap1ulRqLj95rqxjGzcoBIP8KKLz4_9jnl5ADMgRwcm9kUIC9owFaEEB5Ez-tMYvQbmH3vSPxxbZ6Aq8cggECZ3o&amp;spec=0&amp;rkey=CAESMDTbEVMGAKySNkTX-O45kVx8kePrevGGKmXJIQMHU4-qnRSCgbn9wG0n5mpIVIi2Kw,file_size=3319494]23yz
[03:09:16] ______Vincent.: 23yz
[03:11:10] ‭: 37崖
[03:13:25] hh。: 53卡
[03:16:14] 乐意: 88ys
[03:19:24] hh。: 127z
[03:26:08] 冬筱: 157yz
[03:29:26] Soleil: 15崖
[03:29:29] Soleil: 32右
[03:29:30] 夜雪: [CQ:image,file=7EB7198472E9BAEC36C82FD8CF7494D9.jpg,subType=1,url=https://multimedia.nt.qq.com.cn/download?appid=1407&amp;fileid=EhT6tkmumE4gkBONd8-MPX-gK-ofhhjTrQIg_woo7c_5ju2XkAMyBHByb2RQgL2jAVoQl3IcmnI8aAxO6ArUmnG9NnoC54GCAQJuag&amp;spec=0&amp;rkey=CAQSMJSXQkvXDjQvmm3QMM4dwYF7MYWZycxjlVTffCO84NCf0nFzvZ4X01R-GOGushh7GQ,file_size=38611]
[03:35:05] ______Vincent.: 38ys
[03:45:36] hh。: 79m
[03:50:03] 木子李: 84zp
[03:55:13] ______Vincent.: 131yz
[03:59:21] 杰尼哥布林: 170yz
[04:02:32] 杰尼哥布林: 194yz
[04:07:56] 钤科百合子: 92ys
[04:08:52] 冬筱: 92ys-109yz
[04:14:53] 已: 21崖
[04:18:34] 木子李: 185左
[04:19:30] 钤科百合子: 74ys
[04:22:34] 木子李: 17zp
[04:32:19] 已: 27麦
[04:49:31] 狐: 76zp
[05:14:49] 木子李: 189左
[05:27:28] 木子李: 47M
[05:40:47] 木子李: 5zp
[05:47:28] 已: 19崖
[05:51:32] 冬筱: 93右
[05:57:04] ______Vincent.: 188卡
[06:00:21] 冬筱: 172zp
[06:01:34] 冬筱: 172-171zp
[06:13:36] 冬筱: 148zp
[06:18:54] 冬筱: 110zp
[06:21:44] 冬筱: 100yz
[06:22:40] 钤科百合子: 195yz
[06:26:47] 冬筱: 90麦
[06:29:43] 冬筱: 72麦
[06:33:39] 冬筱: 63yz
[06:36:53] 冬筱: 41yz
[06:40:23] 冬筱: 42y
[06:43:30] 冬筱: 29ys
[06:47:37] 小无忧: 155yz
[06:54:24] ❄️: 181yz
[07:00:40] 小无忧: 96麦
[07:11:06] ______Vincent.: 25y
[07:26:57] 钤科百合子: 200右
[07:30:41] 冬筱: 103zp
[07:33:48] 小无忧: 64zp
[07:53:42] ______Vincent.: 56yz
[07:58:41] 木子李: 152卡
[08:23:28] ﹉: 28y
[08:31:29] ‭: 36ys
[09:38:35] 钤科百合子: 50z
[10:31:35] 钤科百合子: 87z
[11:43:58] .: 174右
[12:07:43] 钤科百合子: 44y
[12:21:41] 钤科百合子: 199yz
[12:29:09] 冬筱: 60z
[13:49:14] 半醒的狐狸: 52左
[15:18:39] hh。: 153zp
[15:19:32] 钤科百合子: 117z
[15:37:19] 钤科百合子: 83右
[15:53:49] hh。: 43zp
[15:57:06] hh。: 150ys
[16:02:51] 钤科百合子: 89z
[16:22:29] kirakiradokidoki: 183崖
[16:48:50] kirakiradokidoki: 69右
[16:59:51] 冬筱: 102yz
[17:09:09] 苦命鹦鹉: 48崖
[17:09:09] 纸月: 开局就拿到反重力
[17:28:13] Soleil: 116z
[18:31:45] Soleil: 26-147-159-162m
[18:37:29] Soleil: 122-187右 12-178右上
[18:42:28] Soleil: 68-120zp
[18:44:50] Soleil: 65ya 168卡
[18:54:45] 77oakr: 146m
[19:00:04] : 40左
[19:10:03] 钤科百合子: 6麦
[19:21:24] Shaddoll_Naga: 85卡
[19:26:14] Shaddoll_Naga: [CQ:image,file=E5F2369EB596C1021A44CD020B7F5416.jpg,subType=1,url=https://multimedia.nt.qq.com.cn/download?appid=1407&amp;fileid=EhQ0O2WTvYipmJ0S7wNAaZIo98YiEhimFCD_CijPtcb7wpmQAzIEcHJvZFCAvaMBWhAqVfLDGew9IdHlkPam7hDCegIVzYIBAmd6&amp;spec=0&amp;rkey=CAESMFChTF1-AGcb6MRrTaHiLF8wVEs0F1IYTVtJ_m27Vhm3abbAsPPxoQoVZiqe6ytAsg,file_size=2598]52卡
[19:39:30] 苦命鹦鹉: 33右
[20:06:12] ＞TIAMO＜: [CQ:image,file=51EC07F244731B0A2D86EE1FBF38166B.png,subType=0,url=https://multimedia.nt.qq.com.cn/download?appid=1407&amp;fileid=EhQoYMywBcQ6L3Iu14BZh24Ur3ufIBjZtCwg_woojMfU8suZkAMyBHByb2RQgL2jAVoQUFLSFcJuCyhVJ4NxKWJy-XoCjnuCAQJneg&amp;spec=0&amp;rkey=CAQSMHmd9S2LgXmgp-w9v3guijLnGQY1Zltxl-Hz7kKujYDk1fCOQYHgLeBGapif2kstQw,file_size=727641]177m
[20:19:42] ______Vincent.: 99ys
[20:19:42] Aimoxisi: 和枪比呢
[20:25:25] hh。: 61z
[20:25:39] 力力厘: 61z 113ya
[20:25:53] : 61z 113ya 134ya
[20:31:40] Soleil: 145左
[20:34:04] Soleil: 20卡
[20:34:05] 冬筱: 变态山田凉
[20:48:00] ＞TIAMO＜: 191m
[20:49:38] 南北: 173右
[20:49:49] hh。: 51m
[20:54:18] Nightmare桜: 8k
[20:54:21] Soleil: 98m
[20:58:59] hh。: 105zp
[21:01:58] hh。: 198zp
[21:17:39] 芙兰朵露⁧！哒⁧: 115麦
[21:25:39] ‭: 154卡
[21:25:40] ♪琉璃川东奈♪: AAA神奇玩具箱批发
[21:26:15] 力力厘: 154 75卡
[21:27:30] Soleil: 75卡 106卡
[21:47:13] 饕餮: 95卡
[21:50:14] : 140ya
[21:50:15] ㅤ: n15满分多少
[21:52:53] Soleil: 190-82-77驿站
[21:55:40] Soleil: 77驿站 161zp
[21:58:57] Soleil: 196-16卡
[22:05:51] y: 118崖
[22:06:14] kido: 18右
[22:18:13] Soleil: 112ys
[22:25:54] hh。: 128zp
[22:28:27] Soleil: 114卡
[22:32:54] hh。: 7zp
[22:34:01] Soleil: 119右上
[22:42:56] ‭: 7zp
[22:47:43] : 133卡 [CQ:image,file=00E946216614E109A821A3BA7EC40128.png,subType=0,url=https://multimedia.nt.qq.com.cn/download?appid=1407&amp;fileid=EhTnQyjf58rPdyEFjIUecIvkbmi8EhjK_R8g_woom7fn_--ZkAMyBHByb2RQgL2jAVoQc0wPLXdZOPfTn8EaBI62KnoClTmCAQJneg&amp;spec=0&amp;rkey=CAQSMBnBPtDFTClZin27aFnoxJVyjKjXJ8FwV6N96oPu0Nnp-CyNxxSJqvKVDFU-chRmzg,file_size=523978]
[22:49:29] 77oakr: 91zp
[22:51:19] y: 182左
[22:52:45] Soleil: 67麦
[22:53:27] hh。: 67-169m
[22:56:56] y: 184左
[23:06:16] hh。: 156zp
[23:10:42] 饕餮: 4zp
[23:12:44] Soleil: 59zp
[23:15:55] 木子李: 55yz
[23:18:20] M̶r̶.̶J̶a̶v̶s̶e̶n̶: 123崖
[23:25:43] hh。: 35卡
[23:28:00] Soleil: 151zp
[23:29:23] Soleil: 11右
[23:30:59] Soleil: 141崖
[23:33:35] Soleil: 186zp
[23:38:52] hh。: 166右
[23:41:25] kido: 86左
[23:47:33] 冬筱: 2yz
[23:53:49] Soleil: 70崖
