[15:27:58] 请笃信一个梦: 186m一手
[15:29:08] 橘: 134m
[15:31:16] 宵待雨月: 39左
[15:37:47] M̶r̶.̶J̶a̶v̶s̶e̶n̶: 63m
[15:39:54] 宵待雨月: 19右上
[15:46:04] Kanami: 47涯
[15:47:57] 橘: 49ys
[15:50:12] 鲜榨橘汁: 53右
[15:52:42] 宵待雨月: 155右
[15:55:31] 宵待雨月: 27右
[15:58:16] Yu: 12崖
[15:59:24] Yu: 22左
[16:00:42] 晚: 12ya
[16:02:01] 宵待雨月: 55yz
[16:03:24] 次元君的日常: 30m
[16:06:10] 是🐱不是🐶: 189ZP
[16:16:18] 栞叶るり: 193右
[16:21:23] 宵待雨月: 50右上
[16:25:24] 力力厘: 142z
[16:42:09] 符拉迪沃斯托克: 80m
[16:46:55] Kanami: 175卡
[16:49:11] 宵待雨月: 168m
[16:51:33] 去尘: 116卡
[16:54:25] 请笃信一个梦: 33卡
[16:54:34] 自爆磁兵: 17y
[16:55:53] 宵待雨月: 132卡
[16:58:49] 宵待雨月: 76zp
[17:01:32] t1: 174M
[17:02:00] 请笃信一个梦: 157yz
[17:21:28] 可爱的小波比: 127崖之遗迹
[17:25:39] 脏兮兮: [CQ:image,file=F6D059374563B633A13AD9163E161CA2.png,subType=0,url=https://multimedia.nt.qq.com.cn/download?appid=1407&amp;fileid=EhQu-QzNz_z-FmFRWbxecvXotYasfhjmukYg_woo2sLzs920jwMyBHByb2RQgL2jAVoQdydhAPOKntxjWoxJcKznZXoCUyI&amp;spec=0&amp;rkey=CAESMNq1LPMV1e3K0uZWH_EreEtL1wrfEvnKFOBmgLJQzgR5z2OaEZE_LPs4-hSljLTniQ,file_size=1154406]79m
[17:30:57] 🍀🍀🍀🍀🍀🍀🍀🍀🍀: 78卡
[17:42:27] 请笃信一个梦: 24卡
[17:48:22] 紗桃言歌里: 5左
[17:48:37] 宵待雨月: 144右
[17:48:53] 宵待雨月: 5左
[17:51:15] Kanami: 57涯
[17:54:04] Kanami: 58yz
[18:00:27] 壹: 121y
[18:04:53] M̶r̶.̶J̶a̶v̶s̶e̶n̶: 11yz
[18:17:52] 🍀🍀🍀🍀🍀🍀🍀🍀🍀: 154zp
[18:26:28] 雪风大人哒: 135右
[18:27:26] 宵待雨月: 135右
[18:28:08] 橘: 140右
[18:29:02] 鲤鲤: 42右
[18:30:33] 宵待雨月: 73右
[18:31:59] avid: 68右
[18:39:33] 海岸線的另一邊: 123y
[18:43:56] M̶r̶.̶J̶a̶v̶s̶e̶n̶: 156yz
[18:50:20] M̶r̶.̶J̶a̶v̶s̶e̶n̶: 178m
[18:52:16] 宵待雨月: 151右
[19:05:28] 宵待雨月: 47y
[19:38:40] 今夜满天星: 163右上
[19:47:02] ﹏YaGaoooo: 7zp
[19:47:32] Stargazer: 7zp
[22:13:41] 少赌多劳: 175左
