[09:10:40] 请笃信一个梦: 177崖
[09:17:01] YW。: 162右
[09:22:38] YW。: 146左
[09:31:18] 寒山渐远渐眀薄: 34左金猪
[09:41:53] 仰泳的鱼: 120 yz
[09:45:24] 宵待雨月: 18右
[09:57:35] 宵待雨月: 97zp
[10:01:26] 仰泳的鱼: 92 右
[10:04:37] 宵待雨月: 26m
[10:07:05] 到点了。: 86m
[10:13:27] 寒山渐远渐眀薄: 31yz
[10:19:16] ★普浪浪★: 10左
[10:36:45] 万由里: [CQ:image,file=2DBD6A75D19AEE081D701CC03E2C143A.png,subType=0,url=https://multimedia.nt.qq.com.cn/download?appid=1407&amp;fileid=EhSl317Cj2NTopirGWH_YlIOgaTgEhj8oE0g_wooq_TL7MO2jwMyBHByb2RQgL2jAVoQlYYPw4IevUPj0xITy4eZQHoCXTA&amp;spec=0&amp;rkey=CAISMJAe_tI0JKffI8tQH3ugMcHDV6Y_JLjkiEojrPGQaM8U38W7HlNxSxcfUN_rhJHoRA,file_size=1265788]161右上
[10:43:48] Nihaoa: 3右
[10:44:05] 万由里: [CQ:image,file=80AC9BD17CA696C1E0A5FDF75DC172B9.png,subType=0,url=https://multimedia.nt.qq.com.cn/download?appid=1407&amp;fileid=EhTd6xS2QI-3PE6TW9KMaYx8wA4jkBjakaEBIP8KKPrK8L3Fto8DMgRwcm9kUIC9owFaEAIyrewQbUEVBqNK6KT1Aox6AsVC&amp;spec=0&amp;rkey=CAISMJAe_tI0JKffI8tQH3ugMcHDV6Y_JLjkiEojrPGQaM8U38W7HlNxSxcfUN_rhJHoRA,file_size=2640090]74帐篷
[10:56:40] 水煮鱼: 16左
[11:10:57] 寒山渐远渐眀薄: 51zp金猪
[11:23:11] : 4m金猪
[11:34:51] 渡本楓: 1崖
[11:44:33] 万由里: [CQ:image,file=EA4E1DEF9284CDB3B7F4F6CE5434AA2D.png,subType=0,url=https://multimedia.nt.qq.com.cn/download?appid=1407&amp;fileid=EhTllNwjrgd9ppomozA-5zQETmqboxjGgr0BIP8KKLnaqoDTto8DMgRwcm9kUIC9owFaEKV6dmfkodyQHikk0sjnBop6Ahm-&amp;spec=0&amp;rkey=CAMSMIKyL4vmjO23MN--DmSgVVwiAkOJukfMo7sxubbL1yOkIgtY-UbSinJ-KskkzvCE2Q,file_size=3096902]180卡
[11:51:31] 力力厘: 153yz
[11:57:14] 栞叶るり: 198m
[12:01:42] 力力厘: 191m
[12:06:04] 栞叶るり: 197帐篷
[12:11:07] 栞叶るり: 182右
[12:11:25] 寒山渐远渐眀薄: 77右
[12:17:19] Silver♢: 15崖
[12:23:50] 渡本楓: 2崖
[12:25:51] 鲤鲤: [CQ:image,file={D7586420-2434-8FBF-22F0-90CB388E66CC}.png,subType=0,url=https://gchat.qpic.cn/gchatpic_new/1060712170/827630428-2941513916-D758642024348FBF22F090CB388E66CC/0?term=255&amp;is_origin=0,file_size=296739]13右上
[12:30:18] 壹: 29yz
[12:31:51] 寒山渐远渐眀薄: 88y
[12:39:00] 橘: 129左
[12:41:54] 橘: 108m
[12:44:51] Stargazer: 194y
[12:50:15] 橘: 61右
[12:58:05] 寒山渐远渐眀薄: 110麦田
[13:00:06] 凛: 94m
[13:11:39] 宵待雨月: 63左
[13:17:04] Silver♢: 2yz
[13:17:11] 橘: 155卡
[13:18:51] 灰灰丶: 13帐篷
[13:19:22] 落樱不逝待君归: 3yz
[13:19:57] 月亮月亮眼: 150右上
[13:21:31] 伍佰: 155 卡
[13:22:37] 橘: 64卡
[13:23:18] 落樱不逝待君归: 6yz
[13:23:24] 杠铃: 36麦田
[13:23:28] 脏兮兮: 33m
[13:27:06] 锦亚澄: 99卡
[13:27:18] 是🐱不是🐶: 169卡
[13:27:31] AAA棉花批发王小桃: 149卡
[13:30:44] Asahina Yukino: 12m
[13:36:46] 冰鸭梨: 18左
[13:40:06] shufou: 11Y
[13:41:24] ٩̋(๑˃́ꇴ˂̀๑): 15y
[13:43:21] 无良小黑: 27左
[13:43:36] AAA棉花批发王小桃: 81卡
[13:44:31] 知味: 28左
[13:54:51] 时间: 75yz
[13:55:10] 小情绪: 87yz
[13:56:38] 知味: 115M
[13:58:37] 宵待雨月: 199右
[14:00:25] (；一_一)   (ノ=Д=)ノ┻━┻: 197右
[14:00:44] NAZI: 192崖
[14:02:10] 落樱不逝待君归: 60右
[14:03:18] ＂灬冻结ゝ: 157左
[14:05:25] AAA棉花批发王小桃: 194崖
[14:05:54] Destiny: 78yz
[14:05:55] 黑白: 192y
[14:06:15] lious_h: 29崖
[14:07:41] 脏兮兮: 173ys
[14:08:04] 脏兮兮: 180ys
[14:08:18] 是🐱不是🐶: 31崖
[14:09:02] 脏兮兮: 165 ys
[14:09:32] 脏兮兮: 160ys
[14:14:06] 夢醒十分: 122ya
[14:20:38] shufou: 19y
[14:22:20] 是🐱不是🐶: 90原神
[14:23:17] AAA棉花批发王小桃: 127右上金猪
[14:28:17] 脏兮兮: 65右上
[14:29:16] 宵待雨月: 82右上
[14:29:39] (；一_一)   (ノ=Д=)ノ┻━┻: 32右上
[14:31:29] 宵待雨月: 32右上
[14:32:39] 宵待雨月: 34左
[14:34:09] 宵待雨月: 16右上
[14:36:17] Luminos: 114 右上
[14:42:30] 宵待雨月: 14右上
[14:45:05] 君: 17zp
[15:51:02] 南北: 39右
[15:51:20] 小情绪: 39右
[15:58:17] 咖喱: 53卡
[20:10:18] 黑白配: 30左
[20:17:21] ジグソーパズル: 24y
[20:21:05] 黑白配: 25右上
[20:23:42] 黑白配: 26驿站
[20:25:46] 万由里: 37帐篷
[20:28:53] y: 38右
[20:30:52] y: 40YZ
[20:33:29] ヤクルト: 83zp
