[00:01:50] 你对月慕几许: 23右
[00:03:02] Soleil: 23右 115-116右上
[00:06:40] Soleil: 172-141-138-75-55左
[00:07:55] 维纳斯: 23左
[00:07:55] 碧海: 微信居然赚了
[00:08:25] 星尘四界子: 172-141-138-75-55左
[00:10:51] 恣睢: 172-141-138-75-55左
[00:15:02] Soleil: 65-93-118-168zp 26yz
[00:21:48] 你对月慕几许: 20卡
[00:21:51] Soleil: 20-176-184卡
[00:25:14] 饕餮: 89 99 193 197m
[00:25:15] Liberator: 没人能想到流水还能负
[00:37:32] Soleil: 24驿站
[00:39:30] hh。: 70右
[00:39:30] 晗子: [CQ:mface,summary=&#91;好急&#93;,url=https://gxh.vip.qq.com/club/item/parcel/item/b6/b6065c7e9cbcc76fecee87292e1a84d2/raw300.gif,emoji_id=b6065c7e9cbcc76fecee87292e1a84d2,emoji_package_id=244561,key=aa296a353602deca]
[00:41:50] Soleil: 126卡
[00:43:27] Soleil: 119-96卡
[00:49:47] Soleil: 58-32卡
[01:15:24] 小无忧: 105麦
[01:18:24] Soleil: 62ys
[01:18:24] 你对月慕几许: 右上
[01:21:30] 丶: 7右
[01:24:17] Shaddoll_Naga: 79zp
[01:26:46] 丶: 95zp
[01:32:24] kido: 159ys
[01:41:27] ‭: 80左
[01:45:14] 小无忧: 147麦
[01:49:03] kido: 114ys
[01:56:13] 河子: 4麦
[02:08:29] ❄️: 14 107 133卡
[02:35:13] 丶: 10右
[02:50:17] 丶: 46m
[03:09:53] 丶: 160yz
[05:21:14] FrostAro: [CQ:image,file=7531BB0A374C8572A25DE99E24051BB1.png,subType=0,url=https://multimedia.nt.qq.com.cn/download?appid=1407&amp;fileid=EhSP7O-o1FjVeJ4ksu5X2fL5OMMZfhji_l0g_woos4-exo2ikAMyBHByb2RQgL2jAVoQFKYbo4IBHH6KJGRPL9lFc3oCdiaCAQJuag&amp;spec=0&amp;rkey=CAQSMKl3St0BAd2vd4qzTr48YYcWsr99pjglMr-WbTT4grz4iieen3QP1v13L07-lnrALQ,file_size=1539938]198zp
[05:34:24] 晗子: 56-97zp
[05:37:10] 123: 56m
[05:37:18] 123: 56zp
[05:40:54] 晗子: 98-167zp
[05:53:43] ______Vincent.: 112-13yz
[05:58:36] ______Vincent.: 15-86-124-137y
[06:03:15] 本性: 121M
[06:08:11] 乐意: 45-135-156-163-175-200麦
[06:19:22] ______Vincent.: 186-180-166-142右
[06:26:20] ______Vincent.: 164-106-101ys
[06:31:24] ______Vincent.: 143-90-71-38z
[06:38:11] ______Vincent.: 145卡
[07:12:05] ______Vincent.: 19-67-132zp
[07:17:30] ______Vincent.: 21-81-94-131-179yz
[07:25:28] ______Vincent.: 171-149-100-49-25y
[07:33:16] ______Vincent.: 36-63z
[07:36:46] ______Vincent.: 82ys 78右
[07:36:46] 幻想小伞: 0s
[07:36:55] FrostAro: 82ys 78右
[07:39:37] ______Vincent.: 66-173卡
[07:46:24] 小无忧: 194ys
[07:48:56] FrostAro: 1ys
[07:52:25] FrostAro: 73ya
[07:55:54] 小无忧: 17麦
[10:58:42] 卤蛋: 1崖
[10:58:42] 饕餮: 进去就给我闪退了
[10:59:21] 阿杰: 5ya
[10:59:21] Soleil: 1崖 2麦
[10:59:43] 狐: 4m
[11:00:06] 怡儿⁧: 3右
[11:00:38] Soleil: 6zp
[11:02:36] 芒果假面波奇酱: 114ya
[11:03:20] 芒果假面波奇酱: 4m 114崖 3右 6zp
[11:03:38] 曲音希: 4M 114崖 3右 6zp
[11:04:14] 曲音希: 114崖 3右 6zp
[11:04:14] 你对月慕几许: 113崖
[11:04:15] lauirf: 6帐篷: ✅
114崖之遗迹: ✅
3右: ✅
[11:05:34] 想要莉莉丝: 7驿站
[11:06:04] 南北: 94崖
[11:06:51] 曲音希: 7驿站 94崖 3右 6zp 94崖
[11:06:52] 芒果假面波奇酱: 那先94崖吧
[11:07:14] 南北: 94 90崖
[11:07:14] 离园: 94ya
[11:07:14] ヒョウ: [CQ:image,file={2C0AE949-D653-15DC-8598-4F34B1BE3D74}.png,subType=0,url=https://gchat.qpic.cn/gchatpic_new/641513026/875329843-2515836596-2C0AE949D65315DC85984F34B1BE3D74/0?term=255&amp;is_origin=0,file_size=14932]哇哦
[11:08:11] Soleil: 148-142-140-138yz
[11:08:48] : 80Y
[11:10:02] 鲜榨橘汁: 36左
[11:10:07] 芒果假面波奇酱: 13yz世界
[11:10:47] Soleil: 140-138-130yz
[11:11:05] 奇迹于你: 9m 世界
[11:12:06] 南北: 57崖
[11:12:06] Liu。大人: 那就吃
[11:12:13] hh。: 138-130yz
[11:12:32] Soleil: 130-124-112-107yz
[11:12:39] 叮咚鸡: 15yz
[11:14:40] Soleil: 112-107-106-105yz
[11:15:03] 手偶: 42崖
[11:15:06] hh。: 112-107-106-105yz
[11:16:03] 手偶: 39崖
[11:16:21] 伊（    ）: 12y
[11:16:26] Soleil: 107-106-105-100-87-86yz
[11:16:41] 手偶: 39崖-107yz
[11:17:16] 手偶: 106yz
[11:17:17] Minor沬絾年: 赶快白天刷完，晚上早点睡觉[CQ:face,id=320,sub_type=2]
[11:17:21] : 23yz
[11:17:21] 南北: 23yz
[11:18:17] Stargazer: 119ys
[11:18:43] 你对月慕几许: 105-100-87-86yz
[11:18:47] 手偶: 107yz 48%
[11:19:11] 你对月慕几许: 105-100-87-86yz
[11:20:10] 手偶: 87yz 37%
[11:20:13] : 25yz
[11:20:24] : 19m
[11:21:13] Soleil: 149-144-131-118-117左
[11:23:10] tzz: 149-144-131-118-117左
[11:23:30] hh。: 89-88-83-76-73-65-63-43ys
[11:23:32] Shaddoll_Naga: 35m 世界
[11:23:34] ______Vincent.: 46yz 世界
[11:24:19] Soleil: 118-117-115-77-74左
[11:24:30] hh。: 118-117-115-77-74左
[11:25:10] : 40yz
[11:25:11] Soleil: 你知道吗
[11:26:15] Soleil: 115-77-74-70-67左
[11:27:47] Soleil: 74-70-67-62-58左
[11:29:11] : 53yz
[11:29:18] 毛卡DuD: 111世界右
[11:30:06] Soleil: 62-58-51-47-29左
[11:32:15] 红白: 146卡
[11:32:34] FrostAro: 146-145-143-137k
[11:32:48] •︿•: 32m
[11:33:02] ジグソーパズル: 51-47-29左
[11:34:09] Soleil: 89-88-83-76-73右上
[11:34:14] FrostAro: 146-145-143-137-132k
[11:34:14] Stargazer: 125.126姆金127冰金
[11:34:15] ジグソーパズル: 89-88-83-76-73右上
[11:35:49] hh。: 145-143-137-133k
[11:35:53] : 63yz
[11:36:11] 毛卡DuD: 49m世界
[11:36:42] Soleil: 76-73-65-63ys
[11:37:20] hh。: 137-133-110k
[11:38:19] Soleil: 73-65-63-43-33右上
[11:38:19] : 有空的关注下世界，把世界报的群里说一下，我去掉那些线
[11:38:35] hh。: 133-110-109-96k
[11:38:36] Soleil: 65-63-43-33-31ys
[11:38:36] lauirf: 36左上: ✅
9麦田: ✅
12崖之遗迹: ✅
119右上: ✅
19麦田: ✅
65右上: ✅
63右上: ✅
43右上: ✅
35麦田: ✅
40驿站: ✅
53驿站: ✅
111右: ✅
146卡: ✅
143卡: ✅
137卡: ✅
32麦田: ✅
132卡: ✅
133卡: ✅
49麦田: ✅
110卡: ✅
33右上: ✅
109卡: ✅
96卡: ✅
[11:38:36] 曼波の斯安威斯坦模块: 33沙金世界
[11:39:07] 毛卡DuD: 69m世界
[11:39:32] Soleil: 43-33-20-135-116ys
[11:40:03] FrostAro: 79k
[11:40:03] ★普浪浪★: [CQ:image,file=AE4BB86AEC4994AE5D8F5008DA90805C.png,subType=0,url=https://multimedia.nt.qq.com.cn/download?appid=1407&amp;fileid=EhTTAfOiQICQO-mMbDuJEeyx_2oh6hi4YiD_CiiBw4ad4qKQAzIEcHJvZFCAvaMBWhAknWfq5G5qispKkVeWYPq6egLR_YIBAmd6&amp;spec=0&amp;rkey=CAMSMBF1aAVyz5_ZX7LPj2mUQ9k2q3wG_21sklf3xp5tllNsromjTpKe8aJAUDTQe2ktlw,file_size=12600]
[11:40:15] hh。: 110-109-96-93k
[11:40:15] 叮咚鸡: [CQ:image,file=76858BB0CB0EAC2B4D657DA848BAAB46.png,subType=0,url=https://multimedia.nt.qq.com.cn/download?appid=1407&amp;fileid=EhQrnivbaMicez1chGGtn6iOrRYWWBjoryAg_woo253PnOKikAMyBHByb2RQgL2jAVoQloHSWVgKcXBqO8P8QwmKlnoCwsGCAQJneg&amp;spec=0&amp;rkey=CAMSMBF1aAVyz5_ZX7LPj2mUQ9k2q3wG_21sklf3xp5tllNsromjTpKe8aJAUDTQe2ktlw,file_size=530408]都出了就我没出是吧
[11:40:24] : 54m
[11:41:05] hh。: 109-96-93-84-81k
[11:41:31] : 91m
[11:41:53] Soleil: 20-135-116-61ys
[11:42:25] : 78yz
[11:42:25] M̶r̶.̶J̶a̶v̶s̶e̶n̶: 还有31ys呢】
[11:42:26] Asahina Yukino: 真没关系吧
[11:44:44] hh。: 81-79-50-44-41k
[11:44:45] 雪风大人哒: 预存保底）
[11:45:26] : 99m
[11:45:32] Soleil: 95-97-98-99-104m
[11:45:32] 幻想小伞: 卡了
[11:46:02] hh。: 79-50-44-41-28-8卡
[11:48:48] : 101m
[11:50:16] Soleil: 71-85-125-128-147麦
[11:52:47] hh。: 150-136-134-132右
[11:54:44] Soleil: 136-134-132-129右
[11:55:50] hh。: 134-132-129-120右
[11:56:30] 你对月慕几许: 134-132-129-120右
[11:57:49] hh。: 120-111-108-103右
[11:59:11] 你对月慕几许: 120-111-108-103右
[11:59:30] hh。: 111-108-103-102-82右
[11:59:45] Soleil: 108-103-102-82-68右
[12:01:00] hh。: 102-82-68-66-55右
[12:01:14] 芒果假面波奇酱: 21zp
[12:02:07] hh。: 82-68-66-55-45右
[12:03:04] hh。: 68-66-55-45-37右
[12:03:52] Soleil: 66-55-45-37-22-17-16右
[12:05:19] Soleil: 55-45-37-22-17-16右
[12:07:05] 南北: 24zp
[12:07:05] : 忘了
[12:07:05] ジグソーパズル: 吃饭去！
[12:07:05] 梦换深刻爱: [CQ:image,file=8E60E764C7B9DC3AB20743E81B232BAC.jpg,subType=0,url=https://multimedia.nt.qq.com.cn/download?appid=1407&amp;fileid=EhQ-T49Dl3fkSJp3WQM4uikZU42FzRjXxQEg_woo--aqouiikAMyBHByb2RQgL2jAVoQsJ8zTuZcLvHYNDKNLMa9uXoCmq6CAQJneg&amp;spec=0&amp;rkey=CAMSMBF1aAVyz5_ZX7LPj2mUQ9k2q3wG_21sklf3xp5tllNsromjTpKe8aJAUDTQe2ktlw,file_size=25303]
[12:09:52] hh。: 26-30-34-56-60-64-72zp
[12:13:15] hh。: 60-64-72-92-127zp
[12:13:16] ★Zero丶丿: [CQ:image,file=2214E245061C81C986B21D6290F0032B.jpg,subType=0,url=https://multimedia.nt.qq.com.cn/download?appid=1407&amp;fileid=EhQS31MfWul1aYlrYLyw008-qKAJNBiX_QQg_woopOaG0-mikAMyBHByb2RQgL2jAVoQWRL3peGVKLvAOMfg2SwzOnoC9XeCAQJneg&amp;spec=0&amp;rkey=CAMSMBF1aAVyz5_ZX7LPj2mUQ9k2q3wG_21sklf3xp5tllNsromjTpKe8aJAUDTQe2ktlw,file_size=81559]
[12:14:24] Soleil: 64-72-92-127-139-141zp
[12:15:18] : 38zp
[12:17:21] 你对月慕几许: -92-127-139-141zp
[12:17:45] 你对月慕几许: 127-139-141z
[12:17:50] 你对月慕几许: 127-139-141zp
[12:18:19] hh。: 139-141zp
[12:19:05] 请笃信一个梦: 71-85-95-97-98-99-104-125-128-147麦
[12:19:30] Soleil: 12-27-75-121-122-123-126崖
[12:24:18] hh。: 126崖 58-51-47-29左
[12:26:46] Soleil: 11-14ys
[12:29:00] Soleil: 59-53yz
[17:59:01] hh。: 18ys
[19:39:54] 芒果假面波奇酱: 2ka
[19:39:59] 零二: 1m
[19:40:57] kanon: 4ka
[19:41:06] hh。: 5右
[19:43:12] 芒果假面波奇酱: 2-4卡 1麦 5右
[19:44:50] Soleil: 5-8-12-15右
[19:44:51] kanon: 4K 半血
[19:44:51] 芒果假面波奇酱: 凑合一下打完，然后吃火车吧
[19:46:08] 你对月慕几许: 5-8-12-15右
[19:46:18] : 75右
[19:46:45] : 56右
[19:47:23] : 94右
[19:48:13] hh。: 15-23-34-47右
[19:48:59] 徒花: 67yz
[19:50:53] 0z: 6zp
[19:51:04] Soleil: 34-47-75-94右
[19:51:04] 九天: 没事，我可以75等
[19:51:33] kanon: 70YZ
[19:52:53] : 93右
[19:53:06] hh。: 147-137-134-122左
[19:53:14] 饕餮: 100m
[19:53:14] 黑白: 国际服将近一百条黄线
[19:55:00] Soleil: 134-122-121左
[19:55:02] hh。: 134-122-121-119左
[19:55:55] Soleil: 122-121-119-102左
[19:56:33] 饕餮: 125右
[19:56:43] 饕餮: 108m
[19:57:00] Soleil: 121-119-102-74-69左
[19:57:47] FrostAro: 66-98-101-103ya
[19:58:08] hh。: 119-102-74-69-30左
[19:58:27] 3W_AwayOne: 89yz
[19:58:36] 3W_AwayOne: 44m
[20:00:38] 芒果假面波奇酱: 136yz
[20:00:38] ジグソーパズル: 刚上线
[20:01:24] : 128ys
[20:01:50] hh。: 30z
[20:01:52] Soleil: 16-31-32-35-42yz
[20:02:15] : 129右
[20:02:30] hh。: 66-98-101-103-24ya
[20:02:59] 霸、、、霸王洗发水: 世界139yz
[20:04:24] Clong: 140yz
[20:04:49] FrostAro: 101-103-24-114ya
[20:06:06] Soleil: 6-57-65-79-95-105-106-133-148zp
[20:06:07] 维纳斯: 没中午多
[20:07:33] 芙兰朵露⁧！哒⁧: 117yz
[20:08:20] 毛卡DuD: [CQ:image,file={A1D9969F-B151-611F-9F2D-E18D947DCF26}.png,subType=0,url=https://gchat.qpic.cn/gchatpic_new/919597507/827630428-2488455494-A1D9969FB151611F9F2DE18D947DCF26/0?term=255&amp;is_origin=0,file_size=10325]145卡
[20:09:02] hh。: 7-9-11-13-20-58卡
[20:10:36] 芒果假面波奇酱: 149右上
[20:12:56] Clong: 91卡
[20:13:57] hh。: 13-20-58-62-86卡
[20:14:22] hh。: 20-41-58-62-86-91卡
[20:14:23] Soleil: 13-20-58-62-86-91-99-115-116-120卡
[20:15:32] 芒果假面波奇酱: 10右
[20:15:58] 你对月慕几许: 20-41-58-62-86-91卡
[20:15:59] hh。: 快
[20:16:40] Soleil: 17-21-22-38-44-88-90-108-130-135-142m
[20:16:40] : 都没了
[20:16:41] 瑞鳳: 62 86 没线
[20:16:48] hh。: 91-99-115-116-120-145卡
[20:16:48] : 86也回收了
[20:17:17] 杂鱼: 91-99-115-116-120卡 41-58-62-86卡  -58-62-86-91卡
[20:21:01] hh。: 44-88-90-108-130-135-142m
[20:21:51] Soleil: 149-138-128-126ys
[20:21:51] 跟我的大卫戴说去吧: 88斥金 世界
[20:21:51] 37℃╰⋛⋋⊱⋋志⋌⊰⋌⋚: 世界频道88斥候金
[20:21:51] 0z: [CQ:mface,summary=&#91;死&#93;,url=https://gxh.vip.qq.com/club/item/parcel/item/a4/a431c91d380a8fcb7db11cac05d87290/raw300.gif,emoji_id=a431c91d380a8fcb7db11cac05d87290,emoji_package_id=239344,key=1d182b964a61af48]
[20:21:51] 狐狸要乖: 哎，对啊，好巧
[20:22:16] coconut: 129左
[20:22:42] coconut: 129右
[20:23:16] hh。: 138-128-126-124ys
[20:23:17] Minor沬絾年: 右上
[20:23:35] Soleil: 107-55-52-50-19-14ys
[20:23:35] 雪风大人哒: 无
[20:23:35] 濑邺: 全没了
[20:23:46] hh。: 107-55-52-50-19-14ys
[20:26:22] FrostAro: 141ya
[20:26:22] 芙兰朵露⁧！哒⁧: 屏蔽就行
[20:26:24] Soleil: 132m
[20:29:38] : 51ys
[20:29:38] 艾斯维卡: 106被报了
[20:29:38] danger: 打完吃饭
[20:29:38] 【Φόβος】: 13s
[20:29:54] Soleil: 99k 51ys
[20:29:57] FrostAro: 82yz
[20:31:03] FrostAro: 82yz 51ys-80右
[20:32:51] : 26yz
[20:34:09] hh。: 135m
[21:04:12] M̶r̶.̶J̶a̶v̶s̶e̶n̶: 62卡
[21:14:29] hh。: 16yz
[21:14:29] 挽天倾: 会的  因为我还没出
[21:58:50] hh。: 120k
[22:05:24] Soleil: 36麦
[22:08:01] Soleil: 37崖
[22:08:02] 采堇: 我两只都蹭倒了
[22:10:17] hh。: 39zp
[22:12:34] Soleil: 40右
[22:13:41] Minor沬絾年: 40左
[22:32:05] 饕餮: 130m
[22:34:04] Soleil: 128-126ys
[22:37:06] Soleil: 127卡
[22:41:30] 烧火棍，樱花糕与铁桶僵尸: 76k
[22:41:30] kimiovo: 谁知道这个雷是哪个数字ID哪个协会吗
[22:41:31] 爆炸糖.: [CQ:image,file=A5AAC8298DEDE1B6F41D8510CE1BDDB8.png,subType=0,url=https://multimedia.nt.qq.com.cn/download?appid=1407&amp;fileid=EhThlx7rOuBu4pVhub7PPo09e3d_YRjhPyD_Cii-oa-J9qOQAzIEcHJvZFCAvaMBWhAmmhYlnGtvvweN9rijuw1pegLJcoIBAmd6&amp;spec=0&amp;rkey=CAQSMFgWomdUEPmyLb9Eaxd9oWA0ykZjz08OmPVH9kISwhooutue04wM9cLzc86-iT5qow,file_size=8161]
[22:44:10] hh。: 77z
[22:47:23] hh。: 78m
[22:49:57] hh。: 79zp
[22:52:49] 両儀式: 96卡
[22:52:49] taffy: 那就不知道了
[22:53:17] hh。: 68左
[22:56:38] 両儀式: 97z
[23:02:12] 両儀式: 66ya
[23:05:30] 両儀式: 111yz
[23:08:40] hh。: 112右
[23:12:52] 3W_AwayOne: 115卡
[23:18:05] 烧火棍，樱花糕与铁桶僵尸: 104y
[23:26:11] 烧火棍，樱花糕与铁桶僵尸: 123z
[23:26:11] 进行时: 那够了
[23:29:50] 想要莉莉丝: 124右上
[23:29:50] 黑心等待: 其实全xhgm的玩家都在这几个群了
[23:30:14] 烧火棍，樱花糕与铁桶僵尸: 73k
[23:34:16] 両儀式: 72m
[23:42:48] 想要莉莉丝: 137z
[23:45:55] 想要莉莉丝: 110y
[23:49:36] 両儀式: 109卡
[23:50:50] hh。: 109卡-54m
[23:55:35] Soleil: 131ys
[23:59:53] Minor沬絾年: 143ys
