[00:03:59] 今天也睡不着觉: 131yz
[00:06:19] hh。: 105右
[00:09:21] 晗子: 198 y
[00:10:20] 十六夜之月: 92麦
[00:10:32] 恣睢: 30y
[00:12:20] 辰霓: 163m
[00:14:58] Soleil: 94右
[00:16:14] Soleil: 75卡
[00:16:14] 什么歌: 金娜车暂停一小会
[00:22:42] 木子李: 185右
[00:23:28] y: 185右-78右上
[00:23:45] Soleil: 185右-78右上-73右上
[00:26:01] M̶r̶.̶J̶a̶v̶s̶e̶n̶: 73左
[00:26:03] y: 73左
[00:26:03] lauirf: 185右: ❌
78右上: ❌
73左上: ❌
[00:29:41] Soleil: 60左
[00:31:25] 恣睢: 15z
[00:31:25] ______Vincent.: 15z
[00:33:53] y: 54卡
[00:34:18] hh。: 145zp
[00:37:24] ‭: 196z
[00:39:47] y: 190右
[00:42:58] Soleil: 164m
[00:43:22] 毛卡DuD: 164m-74zp
[00:45:39] ‭: 3ys
[00:50:14] 木子李: 119左
[00:50:52] ______Vincent.: 119z-138右
[00:55:53] y: 62左
[01:00:21] Soleil: 157右
[01:00:24] 【Φόβος】: 157y
[01:00:24] hh。: 157右
[01:01:26] y: 125卡
[01:05:15] 已: 17右上
[01:06:10] 毛卡DuD: 21zp
[01:08:32] hh。: 84ys
[01:16:01] 三千浮世: 161yz
[01:16:02] 三千浮世: [CQ:image,file={461BBA12-E09B-2EF8-1C8D-7B266269B051}.png,subType=0,url=https://gchat.qpic.cn/gchatpic_new/912586803/827630428-2618130962-461BBA12E09B2EF81C8D7B266269B051/0?term=255&amp;is_origin=0,file_size=4007689]
[01:17:45] 辰霓: 1k
[01:20:08] hh。: 47k
[01:23:16] 丶: 189z
[01:23:41] Soleil: 189左-114麦
[01:25:00] Soleil: 82yz
[01:25:08] ‭: 114m-84yz
[01:43:27] : 123yz
[01:46:25] 已: 104右
[01:56:33] ______Vincent.: 93z
[02:00:50] 【Φόβος】: 112左上
[02:14:11] 冬筱: 71zp
[02:16:26] Soleil: 53右
[02:20:27] 小无忧: 129卡
[02:22:04] 冬筱: 132y
[02:27:28] 小情绪: 5yz
[02:32:07] 小无忧: 76卡
[02:34:12] Soleil: 22卡
[02:34:12] ❄️: 醒了
[02:37:29] 77oakr: 136yz
[02:39:12] Soleil: 108左
[02:43:23] 小无忧: 29卡
[02:48:02] Soleil: 186左-45m
[02:53:12] Soleil: 195ys
[02:53:29] Soleil: 172右
[02:57:58] 已: 194右
[03:01:24] ______Vincent.: 109yz
[03:10:54] 冬筱: 180zp
[03:15:15] kido: 25ys
[03:22:36] 乐意: 155z
[03:26:10] 【Φόβος】: 19左上
[03:26:59] 已: 27zp
[03:35:16] ______Vincent.: 41卡
[03:35:33] ﹉: 188y
[03:46:19] 乐意: 57z
[03:49:53] 小情绪: 103m
[03:57:12] 钤科百合子: 111y
[04:00:26] 乐意: 124ya
[04:04:12] ______Vincent.: 32zp[CQ:image,file=B5BFBD93C7AA6EC1AC148F664648F41D.png,subType=0,url=https://multimedia.nt.qq.com.cn/download?appid=1407&amp;fileid=EhQArqoXshTrUBa0dbxGe8GICbWwKBiVnwgg_woo_b2PgbOVkAMyBHByb2RQgL2jAVoQ_OIise-7gebFT4RT5eXfhHoCtJeCAQJuag&amp;spec=0&amp;rkey=CAMSMAp6rBtS3W6TIdCTeAOTAIVjauG6s2dARKNMLGkFxiMRFkvaex4wM91LLbHH1terOA,file_size=135061]
[04:08:04] ‭: 96yz
[04:11:00] : 72zp
[04:12:00] 已: [CQ:image,file=2C8B89F7926DD6EAE88A0DA178C3B39D.png,subType=0,url=https://multimedia.nt.qq.com.cn/download?appid=1407&amp;fileid=EhR4fEIxK6FEVdhYF06b9o03WDtSVhiCl84BIP8KKNeV0eC0lZADMgRwcm9kUIC9owFaEPu7PeQDDyQAv80pA3Khg-V6AkdYggECZ3o&amp;spec=0&amp;rkey=CAMSMAp6rBtS3W6TIdCTeAOTAIVjauG6s2dARKNMLGkFxiMRFkvaex4wM91LLbHH1terOA,file_size=3378050]170yz
[04:15:53] ______Vincent.: 200ys
[04:19:24] 小无忧: 175卡
[04:23:29] ‭: 64ya
[04:24:00] 小无忧: 137崖
[04:34:20] kirakiradokidoki: 50麦
[04:34:46] 已: 50m-90zp
[04:45:59] 乐意: 127ys
[04:49:50] 乐意: 152ys
[05:03:53] 钤科百合子: 171yz
[05:13:03] 乐意: 181ys
[05:14:28] 乐意: 181ys-34ys
[05:29:51] 毛卡DuD: 100ys
[05:34:08] 毛卡DuD: 158yz
[05:39:55] 毛卡DuD: 56卡
[05:48:06] ‭: 79m
[05:55:23] 毛卡DuD: 110右
[06:00:41] 小无忧: 63左
[06:00:57] ______Vincent.: 42左
[06:31:19] ‭: 148zp
[07:58:13] 钤科百合子: 36卡
[08:01:37] ______Vincent.: 36卡
[08:04:25] ______Vincent.: 174m
[08:17:26] ‭: 87ys
[08:17:26] : 半醒的狐狸，老登吧
[08:18:26] 钤科百合子: 86ys
[11:24:11] 倒转沙漏: 191mai
[14:44:53] 钤科百合子: [CQ:image,file=407B008DC71F3FD644E5ACF0C19B9DBB.png,subType=0,url=https://multimedia.nt.qq.com.cn/download?appid=1407&amp;fileid=EhSfLHnsOBkcmb-gLg5-R19kmEFL0hjpvMgBIP8KKLuLl5vClpADMgRwcm9kUIC9owFaEHgYGDYZLlMNKvY174CN6Gt6AgivggECbmo&amp;spec=0&amp;rkey=CAQSMDjCfSiRwCShL6flynLi1nRzzJRb2I9ErnD6y-8A5y0nS0xE-6utAeoirslDz0nESw,file_size=3284585]44卡
[14:52:25] 钤科百合子: [CQ:image,file=38D39450A9FD4C83D3B4E28883942005.png,subType=0,url=https://multimedia.nt.qq.com.cn/download?appid=1407&amp;fileid=EhSQGO2oEj89pXUiKKNe4Lu9baKZGhiMw7IBIP8KKPCz-_LDlpADMgRwcm9kUIC9owFaEIqNN6WyCP9ppAeHyVN73qN6AqCtggECbmo&amp;spec=0&amp;rkey=CAQSMDjCfSiRwCShL6flynLi1nRzzJRb2I9ErnD6y-8A5y0nS0xE-6utAeoirslDz0nESw,file_size=2924940]199yz
[15:38:41] 木子李: 178右上
[16:01:30] 钤科百合子: [CQ:image,file=BC79626CC1CB9AC89B709A35EB634511.png,subType=0,url=https://multimedia.nt.qq.com.cn/download?appid=1407&amp;fileid=EhTEC6PDUUIzEgmCrG3fyzma9-doExiivsMBIP8KKPTvkKfTlpADMgRwcm9kUIC9owFaEAmLXfkGaFuUaf0vNW8dD616AjAGggECbmo&amp;spec=0&amp;rkey=CAMSMEkNZDK0Qs9Oo4RJ2rVZ8baB7AcxBE-HPJDj20iE0gvQ9i-sFHysrl4LNWk4QCvctA,file_size=3202850]117y
[16:05:07] Soleil: 5k
[16:05:08] 末島空晴: [CQ:image,file=17A2CC4AA1E98ACEE4FD7F1C087EDB80.png,subType=0,url=https://multimedia.nt.qq.com.cn/download?appid=1407&amp;fileid=EhSArZX9TqE2CjF-M8MSBBj_D_J3YxjGufgBIP8KKObVpJPUlpADMgRwcm9kUIC9owFaENHbo-W-pzeB85VzzltDWLh6AllKggECbmo&amp;spec=0&amp;rkey=CAMSMEkNZDK0Qs9Oo4RJ2rVZ8baB7AcxBE-HPJDj20iE0gvQ9i-sFHysrl4LNWk4QCvctA,file_size=4070598]
[16:05:34] Luv: [CQ:at,qq=2827852193,name=caramel] 40卡
[16:37:39] 钤科百合子: [CQ:image,file=60B807B7B1CA0AC2485653543B77E2CB.png,subType=0,url=https://multimedia.nt.qq.com.cn/download?appid=1407&amp;fileid=EhQYTEP5jeMs6DOIjKMk07D9tM15yhjP1MMBIP8KKLTHvbTblpADMgRwcm9kUIC9owFaEJYK_Te5TLsvUl_nbtQn7vx6AgMPggECbmo&amp;spec=0&amp;rkey=CAMSMEkNZDK0Qs9Oo4RJ2rVZ8baB7AcxBE-HPJDj20iE0gvQ9i-sFHysrl4LNWk4QCvctA,file_size=3205711]183y
[16:37:40] 挽天倾: [CQ:at,qq=397945077,name=星稚方舟 玩具采购员 0/5] 出猪的感觉。到底是什么
[16:42:16] Soleil: [CQ:image,file=84E650478730FC82A8C27942B0413DCC.png,subType=0,url=https://multimedia.nt.qq.com.cn/download?appid=1407&amp;fileid=EhRm3jzA2Hf-Yte0gVmijRoSlYE9JRjdqgYg_woo2OnWudyWkAMyBHByb2RQgL2jAVoQo5QN82YQJRSW6OvM3EHuknoCRkqCAQJneg&amp;spec=0&amp;rkey=CAMSMEkNZDK0Qs9Oo4RJ2rVZ8baB7AcxBE-HPJDj20iE0gvQ9i-sFHysrl4LNWk4QCvctA,file_size=103773]20卡
[16:43:00] 苦命鹦鹉: 116右上
[16:49:40] 苦命鹦鹉: 147左
[17:11:22] 钤科百合子: 26z
[17:25:05] Soleil: 40卡
[17:31:11] 【Φόβος】: 191崖之遗迹
[17:31:59] hh。: 89zp
[17:36:58] 毛卡DuD: 12yz
[17:40:33] 苦命鹦鹉: 168左
[17:52:32] 冬筱: 83ys
[17:59:37] kirakiradokidoki: 150右
[18:02:51] 冬筱: 69zp
[18:04:53] 辰霓: 102m
[18:10:55] 钤科百合子: [CQ:image,file=2B658792BF3F4E382EAFB6E81D7FF82B.png,subType=0,url=https://multimedia.nt.qq.com.cn/download?appid=1407&amp;fileid=EhTFhvNp4FCag-DIhNUH2ZyPqROLlxiFqYIBIP8KKJzn_KDwlpADMgRwcm9kUIC9owFaEOuIhtmJcPIbiHKdhKNHJKh6AvkFggECbmo&amp;spec=0&amp;rkey=CAQSMP4ZCSDLqVxkUvGWgpx7-Ya_m3jkzmP2GXa9BvMRQ8n-f2-svN-xEvUhF0shPSwW-w,file_size=2135173]43y
[18:17:48] 钤科百合子: 102麦
[18:22:57] Adege: 153右
[18:23:58] 【Φόβος】: 153右上
[18:28:22] 铃夢: 115ys
[18:33:21] 冬筱: 89zp
[18:46:32] : 154崖
[18:59:44] 南北: 120卡
[18:59:44] 不吃桃子: [CQ:image,file=477995A9C7E0B274A10E526D8C179673.jpg,subType=1,url=https://multimedia.nt.qq.com.cn/download?appid=1407&amp;fileid=EhQOEoOVF-yjT6_uak0GsouVfOcTfhjr7A8g_wooxuvzlvuWkAMyBHByb2RQgL2jAVoQ0fbMVV_1OQ4BrNP2-hkcO3oClyeCAQJneg&amp;spec=0&amp;rkey=CAESMH2e6sQ30CY7fosm7yiQEb2a4xIQDMNoxLGhXlYjHBvtT1ZdOIj0YTebI2pnXswlnA,file_size=259691]
[19:22:37] Soleil: 91zp
[19:25:48] hh。: 48卡
[19:29:02] M̶r̶.̶J̶a̶v̶s̶e̶n̶: 67ys
[19:33:04] 苦命鹦鹉: 61崖
[19:35:01] Soleil: 51麦
[19:38:41] Soleil: 130左
[19:42:17] Soleil: 122yz
[19:42:52] M̶r̶.̶J̶a̶v̶s̶e̶n̶: 159崖
[19:47:48] 苦命鹦鹉: 55右上
[19:53:28] 今天也睡不着觉: 162ys
[20:00:46] Minor沬絾年: 65zp
[20:02:48] xx: 187右
[20:05:57] Minor沬絾年: 59zp
[20:05:57] 苦命鹦鹉: 182驿站
[20:09:34] ______Vincent.: 166m
[20:14:37] Soleil: 7yz
[20:33:36] hh。: 198ya
[20:36:30] 苦命鹦鹉: 118帐篷
[20:41:28] ‭: 134右
[20:44:13] 苦命鹦鹉: 133驿站
[20:46:45] 遠いそら: 16yz
[20:46:45] 雪糕: 猪骂人
[20:48:35] FrostAro: 143右
[20:48:35] Yassu7:): 嘲讽吧
[20:48:35] 小情绪: 满世界喊奶sdm的
[20:56:36] : 24yz
[21:02:27] 半醒的狐狸: 28右
[21:05:08] ‭: 197ys
[21:09:45] M̶r̶.̶J̶a̶v̶s̶e̶n̶: 184ys
[21:11:43] kirakiradokidoki: 66右
[21:14:39] 莫染: 6zp
[21:16:40] FrostAro: 173yz
[21:16:44] 苦命鹦鹉: 4右上
[21:17:09] Soleil: 4右上
[21:21:02] 咕咕: 35左
[21:23:44] 莫染: 98右
[21:26:43] ______Vincent.: 146卡
[21:28:18] 祝愿: 75右
[21:28:48] 莫染: 75左
[21:35:03] ______Vincent.: 169yz
[21:35:37] 咕咕: 85卡
[21:38:37] Soleil: 177崖
[21:44:42] ______Vincent.: 95ys
[21:45:26] Shaddoll_Naga: 68zp
[21:49:54] 猫来发几枝: 135y
[21:53:00] Soleil: 82m
[21:54:47] Soleil: 18m
[21:56:39] ⑨在这里发电: 86yz
[22:00:31] 猫来发几枝: 33卡
[22:03:33] ⑨在这里发电: 99左
[22:05:01] Soleil: 192ys
[22:06:39] Soleil: 196右
[22:08:10] Soleil: 145ys
[22:08:10] : 这是steam的在线榜
[22:14:57] ze: 113ys
[22:17:04] Soleil: 14yz
[22:23:12] 你对月慕几许: 161y
[22:25:11] Soleil: 101左
[22:28:57] 小无忧: 142卡
[22:30:48] : [CQ:image,file=5E3D74B38D921795662BAD64664A2365.png,subType=0,url=https://multimedia.nt.qq.com.cn/download?appid=1407&amp;fileid=EhQvG0aflf7fbR1vpps4-csmxTRqXBjE8B4g_woo27C1raqXkAMyBHByb2RQgL2jAVoQZvpLfSkhS7hV0dKxhEzSGXoCJe-CAQJneg&amp;spec=0&amp;rkey=CAQSMKxoeDyX2VmfgfPtuzwwHrUTbhkK1_8Ae5meBfgUnc0fHOEIw_sbJ6DOLUi3OyNjNw,file_size=505924]139ys
[22:35:37] Minor沬絾年: 54ys
[22:42:36] 乌鸦Rabble: 77z
[22:45:22] kido: 52ys
[22:48:28] Silver♢: 46卡
[22:52:59] 莫染: 46卡
[22:54:12] kido: 112ys
[22:56:05] 苦命鹦鹉: 140左
[23:03:51] 乌鸦Rabble: 165麦
[23:10:26] kirakiradokidoki: 176右
[23:11:54] 乌鸦Rabble: 80崖
[23:17:58] 苦命鹦鹉: 129右上
[23:17:58] 性灵: 这辈子交情就到那了
[23:19:59] 苦命鹦鹉: 128左
[23:22:27] Soleil: 8ys
[23:30:05] 今天也睡不着觉: 10zp
[23:30:34] Yassu7:): 10zp-160右
[23:32:27] M̶r̶.̶J̶a̶v̶s̶e̶n̶: 106右
[23:34:53] Soleil: 11崖
[23:35:26] 时间: 2ya
[23:37:30] kido: 190右
[23:41:59] hh。: 31右
[23:48:19] hh。: 70ya
[23:48:27] 猫月: 45 zp
[23:54:39] 纸月: 156yz
