[00:29:10] 冬筱: 89m
[00:33:22] 冬筱: 99z
[00:50:02] 冬筱: 7zp
[00:56:03] 冬筱: 96右
[01:22:32] Shaddoll_Naga: 6 24ys
[01:41:46] Shaddoll_Naga: 23崖
[01:48:47] /fd: 57yz
[01:55:41] Shaddoll_Naga: 2卡
[02:04:05] ‭: 46zp
[02:26:12] /fd: 32卡
[02:32:00] ‭: 9ys
[02:45:59] ‭: 37崖
[04:25:08] ㅤㅤㅤㅤㅤㅤㅤㅤ朝花夕誓: 13zp
[04:34:01] 钤科百合子: 14-76右
[04:48:50] 钤科百合子: 90m
[05:38:48] : 53zp
[05:46:47] ‭: 82麦
[07:15:26] 背着果实的刺猬: 92卡
[08:07:46] 已: 17m
[09:26:06] 金平糖: 35k-77m
[09:27:20] 金平糖: 20右-35k-77m
[09:37:41] 金平糖: 94k
[09:56:57] 金平糖: 28m
[10:11:31] 金平糖: 26yz
[10:47:01] 金平糖: 62m
[11:34:01] 金平糖: 60m
[11:34:17] 金平糖: 60卡
[11:41:39] 钤科百合子: 30麦
[11:45:02] 已: 62m
[11:46:06] 已: 26yz
[11:52:47] 钤科百合子: 86zp
[12:02:42] 金平糖: 67yz
[12:38:41] 钤科百合子: 22右
[12:39:01] 金平糖: 80zp
[13:12:36] hh。: 70卡
[14:03:33] hh。: 12ys
[14:31:11] ______Vincent.: 56卡
[14:37:37] ______Vincent.: 5y
[15:15:51] ______Vincent.: 29卡
[15:27:57] ______Vincent.: 81右 双胞胎
[15:33:16] 金平糖: 93卡
[16:14:46] ______Vincent.: 42ys
[16:24:07] ______Vincent.: 63-75z
[16:50:27] ______Vincent.: 65崖
[16:53:46] hh。: 59ys
[16:57:19] : 1玉足
[17:09:52] Shaddoll_Naga: 66m
[17:10:59] : 66麦 83 ys
[17:59:43] Minor沬絾年: 91麦
[18:03:13] 钤科百合子: 15z
[18:09:14] 钤科百合子: 4ys
[18:09:25] ㅤ: 40ys
[18:13:20] ᝰꪖⱤᥴꫝꫀⱤ⚓: 39ys
[18:36:13] ᝰꪖⱤᥴꫝꫀⱤ⚓: 97右
[18:38:37] .: 71zp
[18:43:51] ______Vincent.: 85zp
[18:53:37] : 45yz
[18:57:35] ______Vincent.: 69y
[19:03:38] hh。: 47-38-19z
[19:22:16] 末島空晴: 43右
[19:24:52] Shaddoll_Naga: 48ys
[19:27:25] hh。: 52ys
[19:30:09] hh。: 51-87麦
[19:38:51] 末島空晴: 95右
[19:49:17] : 10左
[19:52:16] hh。: 18麦
[19:58:52] 󠀡󠀡: 58zp
[20:09:02] hh。: 84z
[20:28:51] ______Vincent.: 50麦
[20:56:24] ______Vincent.: 36麦
[21:11:47] ______Vincent.: 27-41z
[21:16:44] ______Vincent.: 34y
[21:18:58] hh。: 98麦
[21:23:18] Minor沬絾年: 79卡
[21:36:36] ______Vincent.: 54卡
[21:48:44] hh。: 11z
[22:39:30] hh。: 21卡
[22:49:48] ᝰꪖⱤᥴꫝꫀⱤ⚓: 72ys
[22:52:59] hh。: 44麦
[23:02:07] ᝰꪖⱤᥴꫝꫀⱤ⚓: 7右  23右+银  78右+银
[23:05:06] 末島空晴: 23右
[23:05:08] 末島空晴: 78右
[23:11:06] Shaddoll_Naga: 7右
[23:14:06] sana: 68卡
[23:17:56] 安藤i: 31右
[23:38:50] 白: 6m
[23:40:33] 想要莉莉丝: 99驿站
[23:54:06] 想要莉莉丝: 8右上
