[00:00:12] 77oakr: 15yz
[02:37:56] hh。: 59z
[03:26:10] 钤科百合子: 21崖
[04:24:05] 77oakr: 45k
[04:35:08] hh。: 30yz
[05:18:53] 77oakr: 20zp
[08:29:10] ______Vincent.: 8-70y
[08:37:43] 晗子: 23崖
[08:41:45] ______Vincent.: 125z
[08:46:16] ______Vincent.: 6-43-120ys
[08:57:03] ______Vincent.: 75右
[09:00:59] ______Vincent.: 57yz
[09:04:56] ______Vincent.: 17zp
[09:08:29] ______Vincent.: 31卡
[09:17:30] 饕餮: 5yz
[09:20:50] ‭: 4zp
[09:28:12] AAAsoyo外卖专送: 9右上
[09:36:30] ‭: 42zp
[09:40:37] 曲奇十三香: 54右
[09:44:19] 钤科百合子: 18y
[09:48:04] ______Vincent.: 81-108yz
[10:10:24] Silver♢: 41右
[10:14:44] ______Vincent.: 100yz
[10:17:58] Soleil: 100-150右
[10:21:39] ______Vincent.: 60右 真
[10:25:26] 想要莉莉丝: 129 右
[10:33:51] ______Vincent.: 58麦
[10:38:31] 采堇: 58麦-114zp-92右
[10:41:11] 想要莉莉丝: 93y
[10:52:26] ______Vincent.: 105-149麦
[10:54:05] 咕咕: 97ys
[10:56:19] ______Vincent.: 105-149-55麦  97ys
[11:09:22] 冬筱: 122-98-89-85z
[11:10:12] 想要莉莉丝: 145y
[11:24:50] ______Vincent.: 76yz
[11:29:52] 冬筱: 109卡
[11:34:37] M̶r̶.̶J̶a̶v̶s̶e̶n̶: 69zp
[11:42:37] 冬筱: 65y
[11:53:25] ______Vincent.: 53麦
[12:00:52] 冬筱: 52ys
[12:03:15] M̶r̶.̶J̶a̶v̶s̶e̶n̶: 52ys-71卡
[12:10:37] 咕咕: 25Z
[12:16:09] 冬筱: 139-136zp
[12:20:15] 冬筱: 136-49zp
[12:27:19] 采堇: 111y
[12:27:32] 3: 12y  111ya
[12:35:01] ______Vincent.: 138yz
[12:41:20] 想要莉莉丝: 1m
[12:42:55] : 130z
[13:00:52] ______Vincent.: 46右
[13:03:27] ______Vincent.: 62yz[CQ:image,file=588FC73D47AE1E16831C8C9700E75695.png,subType=0,url=https://multimedia.nt.qq.com.cn/download?appid=1407&amp;fileid=EhT2TkOd8mbYcO6bNVPqHQSGBJW0jhj6pQEg_woopfSf08W5kAMyBHByb2RQgL2jAVoQWqDt32i5T3VlPIM3hL6swnoC5eCCAQJuag&amp;spec=0&amp;rkey=CAESMDOD-hc65eb8kGSBK-_HG0jKzc5BlZSCffq0cAHAVj_sGoqBUQU8zs--AToL0D8kjw,file_size=21242]
[13:10:38] hh。: 118zp
[13:11:34] : [CQ:image,file=37973BBEBD32EE7691AF6DEBC8000AC1.png,subType=0,url=https://multimedia.nt.qq.com.cn/download?appid=1407&amp;fileid=EhQwzJe9ZyxQDsB8a3CC5tqL0EzRRBjJ34EFIP8KKOWgv7rHuZADMgRwcm9kUIC9owFaEP8r3tvFnz6NBRJ-aaBn6DR6AnwqggECZ3o&amp;spec=0&amp;rkey=CAQSMNviHOaecuHY0LI0iMSLwjZaQ7GwJjawN4uZgBKDInQ1SHz4oEPZwr5PkqUtmJUTbg,file_size=10514377]27y
[13:12:00] : 27右 发错了
[13:13:44] 本性: 27y
[13:13:49] hh。: 27右
[13:15:20] hh。: 24右
[13:22:53] hh。: 29卡
[13:35:35] ______Vincent.: 133ys
[13:38:53] VCMellon: 99zp
[13:41:30] ______Vincent.: 73ys
[13:47:00] ______Vincent.: 33zp
[13:49:30] 冬筱: 64右
[13:52:49] ______Vincent.: 128ys
[14:00:41] 末島空晴: 90ya
[14:05:09] 末島空晴: 102ya
[14:07:50] 采堇: 132yz cb
[14:11:20] ______Vincent.: 140z
[14:16:05] ______Vincent.: 16ya
[14:24:05] ______Vincent.: 86左
[14:28:14] 冬筱: 126左
[14:30:56] .: 126左
[14:31:04] ______Vincent.: 107z
[14:31:20] VCMellon: 107z
[14:33:35] Soleil: 104左
[14:38:03] 冬筱: 94右
[14:39:45] 想要莉莉丝: 146右上
[14:40:39] VCMellon: 2ys
[14:42:45] Soleil: 95右
[14:45:18] 冬筱: 67-66右
[14:46:15] 采堇: 67-66右-7右
[14:51:12] 冬筱: 124yz
[14:52:52] 冬筱: 3yz
[14:54:53] 冬筱: 38崖
[14:57:10] 冬筱: 40卡
[15:11:27] 冬筱: 127ys
[15:19:22] hh。: 48卡
[15:30:25] hh。: 35麦
[15:38:27] Soleil: 144左
[15:41:10] hh。: 84卡
[15:42:19] ______Vincent.: 84-32卡
[15:46:16] hh。: 123崖
[15:57:22] 钤科百合子: 103yz
[16:04:30] hh。: 148卡
[16:14:46] 冬筱: 28y
[16:23:36] ______Vincent.: 117zp
[16:27:55] hh。: 2yz
[16:37:40] ______Vincent.: 96卡
[16:52:18] Soleil: 101zp
[16:57:14] Soleil: 134ys
[16:59:32] M̶r̶.̶J̶a̶v̶s̶e̶n̶: 74yz
[17:11:14] hh。: 135崖
[17:26:58] M̶r̶.̶J̶a̶v̶s̶e̶n̶: 116ys
[17:30:10] hh。: 63ys
[17:33:38] Soleil: 119yz
[17:48:45] ______Vincent.: 79麦
[17:51:10] hh。: 141麦
[17:57:04] 钤科百合子: 115右
[18:09:10] 钤科百合子: 83-106ys
[18:10:19] 想要莉莉丝: 68驿站
[18:14:37] M̶r̶.̶J̶a̶v̶s̶e̶n̶: 142yz-88m
[18:51:41] M̶r̶.̶J̶a̶v̶s̶e̶n̶: 56ys
[19:04:54] 木子李: 36左
[19:09:26] 芒果假面波奇酱: 47yz世界
[19:15:33] 芒果假面波奇酱: 37左
[19:15:41] 木子李: 37-77左
[19:20:11] 毛卡DuD: 10卡
[19:32:40] 木子李: 137右
[19:40:29] hh。: 112右
[19:40:40] hh。: 113右
[19:41:14] 芒果假面波奇酱: 131zp
[19:43:24] Shaddoll_Naga: 131-50-22zp
[19:49:32] 末島空晴: 72崖
[19:50:57] 我是你工人👴🏻👴🏻: 14卡
[19:52:03] hh。: 26ys
[19:56:14] 芒果假面波奇酱: 110卡
[19:57:13] Clong: 112驿站
[20:11:40] 木子李: 19卡
[20:14:30] Clong: 34右
[20:42:13] ______Vincent.: 121卡
[21:27:40] ______Vincent.: 80ys
[21:47:26] ______Vincent.: 82ys
[22:08:06] ﹉: 147y
[22:29:55] 纸月: 61zp
[22:39:26] ______Vincent.: 87右
[23:00:00] 末島空晴: 15yz
[23:03:22] 末島空晴: 51yz
[23:09:01] M̶r̶.̶J̶a̶v̶s̶e̶n̶: 13ys
[23:22:56] 人間になりたい: 39左
[23:51:01] M̶r̶.̶J̶a̶v̶s̶e̶n̶: 21左
