[00:00:22] 已: 121yz 世界
[00:01:18] 难受呀⊙﹏⊙: 46左 cb
[00:03:39] 想要莉莉丝: 15右 世界
[00:04:15] hh。: 73-67-54-48-32-30-16-13yz
[00:04:25] Soleil: 14-29-33-46-47-50-59-75-93-104-105-111-115-117-123-134-141左
[00:05:25] Soleil: 14-29-33-46-47-50-59-75-93-104-105-111-115-117-123-134-141左 线回收下一条
[00:06:11] 已: 24左 世界
[00:07:18] 难受呀⊙﹏⊙: 46-47-50-59-75-93-104-105-111-115-117-123-134-141左 线回收下一条
[00:09:04] hh。: 148-145-132-129-128-96-49-20-15右
[00:12:27] Soleil: 146-135-78-23ys
[00:13:12] 难受呀⊙﹏⊙: 37k cb
[00:16:09] hh。: 23ys
[00:16:32] Soleil: 150-126-92-8卡
[00:19:28] : [CQ:reply,id=1302201652][CQ:at,qq=2471060199,name=露露缇雅 4616+10380] 87m
[00:20:50] 饕餮: 5m
[00:20:52] hh。: 5-22-25-82麦
[00:24:51] Soleil: 103崖
[00:25:41] 饕餮: 103崖
[00:27:40] lauirf: 16yz
[01:24:08] lauirf: 39zp
[01:25:03] Soleil: 39-76zp   32-48-54-136yz
[01:26:14] ______Vincent.: 39-76zp 32-42-48-54-136yz
[01:33:47] Soleil: 49-128-129-132右
[01:37:37] hh。: 129-132-145右
[01:40:17] ______Vincent.: 27-34-71-72ys
[01:45:12] Soleil: 29-75-80-138z
[01:47:53] Soleil: 80-138-104-105z
[01:52:21] Soleil: 26-28-31-35-38-51-52-142卡
[02:02:11] Soleil: 113-112-53-44m
[02:08:40] : 116麦
[02:29:52] Soleil: 119zp
[02:31:18] Soleil: 57-63-67yz
[02:34:47] ______Vincent.: 67-88-89yz
[02:35:12] Soleil: 88-89-97yz
[02:38:45] 你对月慕几许: 60-69-99崖
[02:42:54] ______Vincent.: 59-117左
[02:45:17] Soleil: 56-64-66-70ys
[02:48:30] ______Vincent.: 66-70-90ys
[02:49:47] Soleil: 70-90-109-110ys
[02:54:04] Soleil: 96-120-148右
[02:58:00] Soleil: 68-106卡
[03:01:28] Soleil: 58-61-62-65-86-87-100-147麦
[03:10:57] ______Vincent.: 100ys
[03:46:42] 纸月: 102zp
[04:23:53] Soleil: 94ys
[04:42:17] Soleil: 93左
[12:52:27] Hatsune: 41右 银
[21:13:47] ______Vincent.: 77-13卡
[21:17:27] ______Vincent.: 146麦
[21:19:07] ______Vincent.: 24zp
[21:20:54] ______Vincent.: 131yz
[21:32:42] 想要莉莉丝: 141右
[21:51:22] Chlorine: 33卡
[21:54:30] ______Vincent.: 126zp
[21:56:31] hh。: 101右
[22:07:45] Chlorine: 114m
[22:14:16] Chlorine: 83m
[22:18:49] 阿杰: 133ys
[22:20:03] 纸月: 42ys
[22:21:24] ‭: 111ys
[22:47:39] ______Vincent.: 92-37zp
[22:49:57] ______Vincent.: 138y
[22:51:27] ______Vincent.: 39-72卡
[22:54:07] ______Vincent.: 71-143m
[22:56:34] ______Vincent.: 20z
[22:57:59] ______Vincent.: 125ys
[22:58:35] ______Vincent.: 125右
[22:59:31] ______Vincent.: 14-35右
[23:01:43] ______Vincent.: 73-124zp
[23:04:36] 想要莉莉丝: 41驿站
[23:20:28] hh。: 15m
[23:24:20] kirakiradokidoki: 23右
[23:27:59] ______Vincent.: 21右
[23:29:28] ______Vincent.: 135zp
[23:31:11] ______Vincent.: 40崖
[23:32:44] ______Vincent.: 136-119卡
[23:35:30] ______Vincent.: 16麦
[23:36:56] ______Vincent.: 107yz
[23:44:42] ______Vincent.: 19zp 藏的猪被发现了
[23:48:17] ______Vincent.: 61yz
[23:51:16] ______Vincent.: 59右
