[00:11:32] 毛卡DuD: 43右
[00:15:50] 毛卡DuD: 43右-82z
[00:35:51] 毛卡DuD: 90z
[00:57:13] 冬筱: 32z
[00:59:43] 冬筱: 35yz
[01:02:31] 冬筱: 68y
[01:05:32] 冬筱: 37-38右
[01:10:04] 冬筱: 14z
[01:12:36] 冬筱: 13-40麦
[01:17:26] 冬筱: 76右 77z
[01:21:13] 冬筱: 74z
[01:24:07] 冬筱: 94zp
[01:26:23] 冬筱: 92ys
[02:10:41] 冬筱: 60崖-57卡
[02:21:56] 冬筱: 46m
[02:26:05] 冬筱: 62卡
[03:01:39] 冬筱: 17zp-20z
[07:05:25] ‭: 53卡
[09:38:16] : 26左[CQ:image,file=256589D55D7FD4037EECBA66A618350B.png,subType=0,url=https://multimedia.nt.qq.com.cn/download?appid=1407&amp;fileid=EhQW8NiY3uXmNe3HTQn--SgT1UUqxBiumxMg_woo4sWvwpu-kAMyBHByb2RQgL2jAVoQcf-9eR7Ikt8pCRKCMIGRs3oC506CAQJneg&amp;spec=0&amp;rkey=CAQSMLTDRJkk2Fe60QwskGcK4t_JAP61ermExm6QbobxEQMhCiYOrvh1DoZSBeLzPm16rg,file_size=314798]
[09:43:15] ______Vincent.: 26左 28驿站 30帐篷
[09:50:27] 钤科百合子: 29y
[12:30:29] 采堇: 57麦
[14:56:20] ______Vincent.: 火大师说 10z
[15:22:58] ㅤ: 86左
[15:33:59] : 93 卡
[15:39:09] : 15z
[15:42:29] ______Vincent.: 83ys
[15:45:46] ______Vincent.: 80zp
[15:47:14] ______Vincent.: 80-65zp
[15:49:47] ______Vincent.: 56zp
[15:52:55] ______Vincent.: 22yz
[15:57:49] : 34右
[16:00:57] ______Vincent.: 18右
[16:02:50] ______Vincent.: 85z
[16:05:10] ______Vincent.: 71崖
[16:13:36] 颜夏墨: 5ya
[16:17:34] kirakiradokidoki: 67yz
[16:35:17] : 75ys
[16:38:16] ______Vincent.: 52-41z
[16:42:24] : 59yz
[16:44:30] : 73yz
[16:46:35] 钤科百合子: 45y
[17:06:45] 想要莉莉丝: 87卡
[17:09:50] ______Vincent.: 89右上
[17:26:02] .: 69麦
[17:29:06] 木子李: 78右上
[17:53:53] ______Vincent.: 42z
[17:58:01] lauirf: 2y
[18:12:27] /fd: 70卡 cb
[18:17:20] ______Vincent.: 100ys
[18:20:48] ______Vincent.: 31右
[18:26:43] 木子李: 54右
[18:31:59] 冰魄: 81帐篷
[18:36:02] : 7yz
[18:42:45] 冰魄: 33zp
[18:45:35] M̶r̶.̶J̶a̶v̶s̶e̶n̶: 39卡
[19:06:38] 冬筱: 1崖
[19:20:42] lauirf: 63zp
[19:27:56] ㅤ: 47zp
[19:30:57] 冬筱: 48yz
[19:33:21] 冬筱: 58ys
[19:36:01] 冬筱: 66yz
[19:37:51] 冬筱: 11yz
[19:51:41] 纸月: 91yz
[20:02:43] 烧火棍，樱花糕与铁桶僵尸: 12m
[20:05:02] 钤科百合子: 96m
[20:06:50] M̶r̶.̶J̶a̶v̶s̶e̶n̶: 61zp
[20:12:52] ㅤ: 16左
[20:13:00] ㅤ: 16右
[20:16:14] ______Vincent.: 3zp
[20:18:35] ㅤ: 49zp
[20:21:03] : 44yz
[20:29:53] .: 36右
[20:35:34] 冬筱: 50y
[20:38:32] 冬筱: 21z
[20:45:40] 钤科百合子: 88卡
[20:48:43] : 43麦
[20:51:17] ______Vincent.: 64zp
[20:53:52] ______Vincent.: 97卡
[21:00:22] 77oakr: 72ys
[21:03:44] •︿•: 4z
[21:06:17] .: 95ys
[21:10:55] 末島空晴: 79ya
[21:16:43] 77oakr: 8zp
[21:24:02] Clong: 84左
[21:26:39] Luv: 99左
[21:34:33] Minor沬絾年: 98m
[21:46:22] .: 19卡
[21:56:33] 【Φόβος】: 55驿站
[22:02:10] 钤科百合子: 51z
[22:07:38] 小无忧: 38麦
[22:12:55] 芒果假面波奇酱: 6zp
[22:20:42] 芒果假面波奇酱: 25zp
[22:28:26] 芒果假面波奇酱: 9卡
[22:54:10] ‭: 27麦
[23:34:19] /fd: 40崖
[23:49:36] ______Vincent.: 74z
