[00:24:19] Asahina Yukino: 20y 世界
[00:40:23] Soleil: 37zp
[00:42:01] Soleil: 2k
[00:43:39] Soleil: 24-31-38-116卡
[00:47:59] Soleil: 92麦  124崖  110ys
[00:52:02] Soleil: 35zp 15卡
[01:02:01] Soleil: 7右
[01:17:11] VCMellon: 140右
[02:04:56] ㅤ: 133zp
[02:10:34] Soleil: 62 36zp
[02:13:53] Soleil: 139 119 76yz
[02:18:27] Soleil: 98 65 43右
[02:21:26] ‭: 43 85右
[02:23:22] hh。: 127崖
[02:25:08] Soleil: 106崖
[02:25:33] Soleil: 106-104崖
[02:27:18] Soleil: 71 26 17左
[02:31:32] Soleil: 52卡 22m
[02:38:42] Soleil: 94崖
[04:31:53] hh。: 44ya
[04:40:25] hh。: 68ya
[04:59:02] hh。: 74ya
[05:26:23] hh。: 93ya
[05:34:45] hh。: 142-120-115崖
[06:10:15] ______Vincent.: 91崖 兄弟萌
[06:20:51] hh。: 3yz
[06:23:56] hh。: 51-108zp
[06:24:16] hh。: 51-108yz
[06:32:04] hh。: 5k-8m-10ys
[06:43:02] hh。: 28    32    50    69    87    112侦察左
[06:55:54] ______Vincent.: 112z 41-48ys
[06:58:34] ______Vincent.: 41-48-55ys
[07:01:05] ______Vincent.: 48-55-57ys
[07:03:34] ______Vincent.: 55-57-97ys
[07:05:54] ______Vincent.: 57-97-121ys
[07:10:43] FrostAro: 134-128-123-118-117k
[07:21:42] ______Vincent.: 118-117-88卡
[07:24:24] ______Vincent.: 117-88-84卡
[07:27:01] ______Vincent.: 88-84-82卡
[07:29:16] ______Vincent.: 84-82-81卡
[07:31:47] ______Vincent.: 82-81-64-60卡
[07:41:01] ______Vincent.: 54-75-95麦
[07:43:33] ______Vincent.: 75-95-89麦
[07:47:50] ______Vincent.: 89-90-102-130麦
[07:56:04] hh。: 49-79-105右
[08:00:51] hh。: 105-109-122右
[08:06:45] ______Vincent.: 122右 56ys 96z
[08:09:28] ______Vincent.: 96z 58崖
[08:13:55] hh。: 29-53-66-104-129zp
[08:22:50] hh。: 86左 34卡
[08:25:28] hh。: 34-145卡
[08:28:40] ______Vincent.: 70右
[08:41:50] Soleil: 144麦
[09:50:30] 冬筱: 148yz
[10:06:45] 冬筱: 63右
[17:03:36] : 10卡 就换个衣服和骑宠
[17:35:43] 提: 141zp世界
[18:35:30] hh。: 72 右
[18:37:16] hh。: 72右-21z
[18:41:18] hh。: 83ya
[19:01:25] 苦命鹦鹉: 77崖
[19:56:58] y: 107右
[19:58:41] y: 13崖
[20:00:50] y: 27zp
[20:02:32] y: 135zp
[20:14:38] y: 30驿站  世界
[20:36:51] 烧火棍，樱花糕与铁桶僵尸: [CQ:image,file=11158E0CCEB49A65248E6AB66273A45B.png,subType=0,url=https://multimedia.nt.qq.com.cn/download?appid=1407&amp;fileid=EhQm7vBOGS4x35iSlAw0d5bFFP3_sxiKhywg_woo3KrCxKOwkAMyBHByb2RQgL2jAVoQ-Eia38uJwsovtPl2osbYsnoC5BqCAQJuag&amp;spec=0&amp;rkey=CAESMFJY6wzyVnjpIEZEhs9KVbVny07P1Ua-QqiN-4-hSp43UDZ8ec_oiSpYUkK2byW1ew,file_size=721802]11z
[20:39:06] y: 45左
[20:40:41] y: 16右上-111崖-40驿站
[20:44:49] y: 99崖 还有一只
[21:38:15] y: 100帐篷
[21:41:32] y: 114左  125左
[21:43:56] y: 80右  146崖
[22:36:37] hh。: 101ya
[22:39:12] hh。: 2ya
[22:41:14] hh。: 59-113卡
[22:43:23] hh。: 143ys
[22:46:33] hh。: 138z
[22:48:15] hh。: 137z
[22:49:49] hh。: 39yz 42yz
[22:53:29] VCMellon: 67zp 136麦
[22:54:37] 想要莉莉丝: 19右 yuki
[23:07:13] hh。: 42右
[23:08:18] : 15右
[23:11:46] VCMellon: 92zp
[23:13:51] hh。: 126yz 47卡
[23:23:58] 木子李: 4右上
[23:26:04] hh。: 22卡-61卡
[23:27:57] 奇迹于你: 185崖
[23:34:31] hh。: 9卡
[23:35:31] 想要莉莉丝: 78崖
[23:38:29] VCMellon: 85yz
[23:38:46] hh。: 150ys-85yz
[23:41:03] hh。: 24右
[23:45:44] Soleil: 106麦
[23:48:07] hh。: 73ys
[23:49:01] y: 127右上
