[00:05:28] 烧火棍，樱花糕与铁桶僵尸: [CQ:image,file=1C154164D846E1F8CE0FC1E1C0F8CAC3.png,subType=0,url=https://multimedia.nt.qq.com.cn/download?appid=1407&amp;fileid=EhSZ1VHQ3Hb1stSLVbREtWFthBjPDBjXvB4g_woowp2i2sqmkAMyBHByb2RQgL2jAVoQ0jebAa8uFTOtRlc5o0ARD3oCswKCAQJneg&amp;spec=0&amp;rkey=CAMSMKiEcuGf0XhtGP8TfzkvnNy-mauYBbS5tDZizP3MiU54j_ErPjv5hhJ9pLyUDKTlIw,file_size=499287]122zp
[00:05:29] 烧火棍，樱花糕与铁桶僵尸: [CQ:image,file=7219FB32F4E85651C04AE6621EEF3995.png,subType=0,url=https://multimedia.nt.qq.com.cn/download?appid=1407&amp;fileid=EhQr5FMud8jBojBYF89mCsY1L6Wc3RiPoxUg_woo-qik2sqmkAMyBHByb2RQgL2jAVoQ67OpX3oyZfI2QpH8tX4UgHoCEN6CAQJneg&amp;spec=0&amp;rkey=CAMSMKiEcuGf0XhtGP8TfzkvnNy-mauYBbS5tDZizP3MiU54j_ErPjv5hhJ9pLyUDKTlIw,file_size=348559]120ys
[00:05:30] 烧火棍，樱花糕与铁桶僵尸: [CQ:image,file=F845812893A78ACF1C2EBE4E3F3DD1F4.png,subType=0,url=https://multimedia.nt.qq.com.cn/download?appid=1407&amp;fileid=EhT2c2-8FuMTR5mfxLWI5w4O2YdiHhiZoTUg_woo2Je_2sqmkAMyBHByb2RQgL2jAVoQPWpVVCjFAPi0yssTzyBeIHoCVN-CAQJneg&amp;spec=0&amp;rkey=CAMSMKiEcuGf0XhtGP8TfzkvnNy-mauYBbS5tDZizP3MiU54j_ErPjv5hhJ9pLyUDKTlIw,file_size=872601]12m
[00:05:31] 烧火棍，樱花糕与铁桶僵尸: [CQ:image,file=75384BEBBFB38929B21E626EB5A938E7.png,subType=0,url=https://multimedia.nt.qq.com.cn/download?appid=1407&amp;fileid=EhQOVZIf3YwLz5JjUXyKPf2TOVjJbhiv-TUg_woor4TC2sqmkAMyBHByb2RQgL2jAVoQLEZ6RALOc514uefdp7-01XoC1q6CAQJneg&amp;spec=0&amp;rkey=CAMSMKiEcuGf0XhtGP8TfzkvnNy-mauYBbS5tDZizP3MiU54j_ErPjv5hhJ9pLyUDKTlIw,file_size=883887]13m
[00:06:00] Soleil: 137右 14-120ys
[00:10:41] Soleil: 12-13-138-139麦
[00:15:40] Soleil: 77zp-83yz
[00:20:13] Soleil: 15-65-80-82卡
[00:25:35] Soleil: 52-62ys 55左
[00:30:01] 爆炸糖.: 55左
[01:17:45] Soleil: 22ys 23-24yz 39卡
[01:19:42] Soleil: 22ys-56ys 23-24yz 39卡
[01:27:45] Soleil: 34卡 35yz
[01:43:14] 已: 29左
[02:15:04] 瑞鳳: [CQ:image,file={62FA7430-B03F-3E49-6367-A087E7B329DD}.png,subType=0,url=https://gchat.qpic.cn/gchatpic_new/874096522/875329843-2257394696-62FA7430B03F3E496367A087E7B329DD/0?term=255&amp;is_origin=0,file_size=1142598]18麦
[16:29:55] Soleil: [CQ:image,file=C125F937BAD498236EB0C16A358EE090.jpg,subType=1,url=https://multimedia.nt.qq.com.cn/download?appid=1407&amp;fileid=EhR5O-l8GKYXtYrj3ryPXKhSfl5FbBiDwAMg_woo9pDe36aokAMyBHByb2RQgL2jAVoQkexs2kSS6CPNzJkJNdYvsnoC8faCAQJneg&amp;spec=0&amp;rkey=CAESMPTsB63BTNhTepzgvYCMFGkAOCddGSyBFdgZZPLN0DdYh1rVG2IcN2Bba_3WASTgPA,file_size=57347]30-84-129zp
[16:35:27] Soleil: 140yz 79崖
[16:38:54] Soleil: 143左 16-105ys
[16:43:45] hh。: 95右
[16:45:13] Soleil: 37-42-61-150卡
[16:48:49] hh。: 61-150-6卡
[16:50:38] Soleil: 6卡 20-134麦
[18:00:20] Soleil: 3-141zp
[18:03:27] Soleil: 4-49-40-68yz
[18:06:42] Soleil: 40-68-106yz
[18:10:36] Soleil: 45-53-60崖
[18:13:31] Soleil: 60-71-110y
[18:17:23] Soleil: 28-48左
[18:19:17] Soleil: 48-107左
[18:21:01] hh。: 打完10-135ys
[18:21:30] Soleil: 10-135ys
[18:23:10] Soleil: 135ys 51-72右
[18:26:37] Soleil: 66-74-108卡
[18:28:13] Soleil: 74-108-119卡
[18:29:33] Soleil: 108-119-124卡
[18:30:06] 3W_AwayOne: 130卡
[18:33:10] Soleil: 130卡 147麦
[18:35:31] Soleil: 109崖
[18:45:52] 你对月慕几许: 111zp
[18:46:01] Soleil: 111-94zp
[18:49:14] Soleil: 104yz
[18:50:45] Soleil: 128左 136右上
[19:01:25] hh。: 50zp
[19:10:59] Soleil: 21-89右 59麦
[19:13:43] Soleil: 89右-59麦-54yz
[19:35:39] Soleil: 17zp 116yz 8-32ys
[19:41:34] Soleil: 32ys 7崖
[19:45:10] hh。: 90ys
[19:45:24] Soleil: 90ys-67崖
[20:19:11] Soleil: 113zp
[20:21:49] Soleil: 146崖 46左  2-121右
[20:25:03] Soleil: 46左 2右上 112-121右
[20:31:00] Soleil: 36卡
[20:32:34] Soleil: 9yz-78右
[20:34:17] Soleil: 78-144右
[20:35:29] Soleil: 78ys
[20:36:06] Soleil: 144ys
[20:50:28] Soleil: 91麦
[21:03:08] Soleil: 1zp
[21:07:28] ______Vincent.: 122麦
[21:10:00] Soleil: 81yz
[21:11:25] Soleil: 13-57-98-123崖
[21:16:56] Soleil: 5-86-137左 142右上
[21:18:12] hh。: 5-86-137左 142右上
[21:22:11] Soleil: 85-100-125卡
[21:26:35] Soleil: 70zp
[21:26:43] hh。: 70zp
[22:00:35] Soleil: 23-27-31-77-93-101-118-126卡
[22:11:04] Soleil: 63-131左 19ys 64右
[22:12:53] Soleil: 131左 19-47ys 64右
[22:17:45] Soleil: 69-96zp 25yz
[22:57:52] Soleil: 127zp 76-117yz 41崖 102左 73麦
[23:20:05] Soleil: 58左
[23:21:20] 饕餮: 50m
[23:28:15] hh。: 24卡
[23:30:53] 冬兔: 9z
[23:30:57] ______Vincent.: 11麦
[23:31:03] 采堇: 149yz
[23:31:17] 烧火棍，樱花糕与铁桶僵尸: [CQ:image,file=B5D3CF644F368A44491D44EB23B3D52F.png,subType=0,url=https://multimedia.nt.qq.com.cn/download?appid=1407&amp;fileid=EhTm_2Y_-CsLqzi4oVWpRdMAfMIdbhjzslYg_woo5smx9oSpkAMyBHByb2RQgL2jAVoQTpSVdotlLkbxJk4ZvvhsqXoCobyCAQJuag&amp;spec=0&amp;rkey=CAESMKJjsmmo3dnDkrPMtrAyufZXqXYeUoKMZlmOxyxyEL07E8AEmo2vJa6pGwmjUp-2Iw,file_size=1415539]3k
[23:33:11] 想要莉莉丝: 4右
[23:35:00] 已: 7zp 世界
[23:35:22] 想要莉莉丝: 17-21y
[23:35:33] 想要莉莉丝: 140帐篷 cb
[23:38:12] Soleil: 140-114zp
[23:39:12] Soleil: 114-131zp
[23:39:33] Soleil: 114-131-130zp
[23:40:30] Soleil: 131-130-127-45-43zp
[23:41:16] 已: 125zp 世界
[23:42:00] hh。: 130-127-125-45-43zp
[23:42:37] Soleil: 130-127-125-55-45-43zp
[23:42:49] Soleil: 125-55-45-43-2zp
[23:43:01] Soleil: 125-108-55-45-43zp
[23:45:27] Soleil: 45-43-74zp
[23:45:35] Soleil: 45-43-74zp
[23:46:15] Soleil: 43-74-77-98zp
[23:47:26] ______Vincent.: -74-77-98z
[23:47:40] 南北: 74-77-98 2zp
[23:49:05] Soleil: 143-139-136-124-118-40-36-21-17-10崖
[23:50:35] 乐意: 135-110-100-94-90-78-72-70-64-34ys
[23:51:01] 南北: 137崖世界
[23:51:36] hh。: 124-118-40-36-21-17-10崖
[23:51:41] 南北: 124-118-40-36-21-17-10 137崖
[23:51:55] Soleil: 124-118-40-36-21-17-10-107-103崖
[23:52:50] 已: 84yz 世界
[23:53:00] Soleil: 118-40-36-21-17-10-107-95-41崖
[23:53:16] 想要莉莉丝: 41-79-83-85y
[23:55:05] 想要莉莉丝: 5左 世界
[23:55:12] 想要莉莉丝: 50z
[23:55:17] 难受呀⊙﹏⊙: 144yz世界
[23:57:19] 想要莉莉丝: 47z 世界
[23:59:12] 已: 133yz 世界
