[00:54:07] ______Vincent.: 25卡
[01:20:28] ______Vincent.: 32右
[01:27:41] ______Vincent.: 9ys
[02:07:02] 一行瑠璃: [CQ:image,file=1842D8FD3E342A4D69A754905D13FC65.png,subType=0,url=https://multimedia.nt.qq.com.cn/download?appid=1407&amp;fileid=EhRs3CiMNy8qDMUyW7EnC7n2VNGExBiQz-UBIP8KKOXE7LG6wpADMgRwcm9kUIC9owFaEEAro5-uh4Tl8WY0QfIfIpR6ApIuggECZ3o&amp;spec=0&amp;rkey=CAISMBvu-PxwHuk13VugBEEWZ7xpIAVml83I1Ku4ExKbNCJd6gDhugHvbr_IN0NxzGtfzA,file_size=3762064]23右
[02:07:34] 一行瑠璃: 24右
[02:40:47] ______Vincent.: 53zp
[02:58:17] ______Vincent.: 13y
[03:07:51] ______Vincent.: 82z
[03:18:14] ______Vincent.: 92右[CQ:image,file=55FE3EED8AE64B2624E9F539CCECE132.jpg,subType=1,url=https://multimedia.nt.qq.com.cn/download?appid=1407&amp;fileid=EhSErATqaQpCgeLRZFUnLMLQs2wr5hjUpDgg_woo4u2hp8rCkAMyBHByb2RQgL2jAVoQDRpbMj5OzawdyJD3W5c9_HoC-0-CAQJuag&amp;spec=0&amp;rkey=CAISMALz8pj_OiXpiP3i9BYuI646KhEBCFd5AEmz2QroTKyTsIq61qcp5rQEY7wrVkwEGw,file_size=922196]
[03:27:35] ‭: 76卡
[03:46:33] ______Vincent.: 90zp[CQ:image,file=55FE3EED8AE64B2624E9F539CCECE132.jpg,subType=1,url=https://multimedia.nt.qq.com.cn/download?appid=1407&amp;fileid=EhSErATqaQpCgeLRZFUnLMLQs2wr5hjUpDgg_woo866-0dDCkAMyBHByb2RQgL2jAVoQGQKVzvP4qq9eWhVatkeeCXoC1mqCAQJuag&amp;spec=0&amp;rkey=CAISMALz8pj_OiXpiP3i9BYuI646KhEBCFd5AEmz2QroTKyTsIq61qcp5rQEY7wrVkwEGw,file_size=922196]
[04:54:28] ‭: 14z
[05:55:06] ‭: 77右
[06:01:43] ‭: 17右
[07:05:46] ______Vincent.: 94yz
[07:32:36] 77oakr: [CQ:image,file=147EC57B9188640308F668041993F869.png,subType=0,url=https://multimedia.nt.qq.com.cn/download?appid=1407&amp;fileid=EhSYRLIoBpeQYqMrm01fFO75KjpnxRic7Tcg_wooyoSklIPDkAMyBHByb2RQgL2jAVoQNtBhlCtUbqRFqCiH0vLtBXoCOcOCAQJneg&amp;spec=0&amp;rkey=CAMSMJIrjCmgX02Fbo3aeD9b_9wHIkxefu3LRDBNmqqR_Sc3Q9nwwymFX-OvpjcJlclKxw,file_size=915100]35右
[07:50:03] 钤科百合子: 60yz
[09:46:57] 背着果实的刺猬: 62麦田
[09:50:57] 饕餮: 26m
[10:01:33] 钤科百合子: 28ys
[10:08:17] 已: 20右
[10:39:48] 冬筱: 30右
[11:13:13] ______Vincent.: 26ys
[11:37:40] 、未来 晟功`）: 56yz
[12:21:58] ᝰꪖⱤᥴꫝꫀⱤ⚓: 5zp
[12:38:36] 钤科百合子: 67卡
[12:52:23] 钤科百合子: 86崖
[12:53:15] 钤科百合子: 86-93崖
[13:22:59] 钤科百合子: 29卡
[14:02:10] 【Φόβος】: 42帐篷
[14:24:37] Clong: 15麦
[14:35:16] 末島空晴: 80崖
[14:55:22] 钤科百合子: 83左
[15:00:10] Shaddoll_Naga: 69ys
[15:06:16] 冬筱: 85ys
[15:35:41] 末島空晴: 1右-70zp
[16:10:07] 末島空晴: 22yz
[16:32:53] 末島空晴: 12卡 4zp 39z
[16:45:37] 末島空晴: 71右
[17:09:06] ٩̋(๑˃́ꇴ˂̀๑): [CQ:image,file=1328C33A8146E571264EC5CC621F62F1.png,subType=0,url=https://multimedia.nt.qq.com.cn/download?appid=1407&amp;fileid=EhRtjCOBze4g1vqf9gXIw_zin6_qThiU-yEg_woolfaKgoTEkAMyBHByb2RQgL2jAVoQMrLeBsNbxvhWmqulhvvGQnoCPVKCAQJneg&amp;spec=0&amp;rkey=CAISMM6c793kDtXF0AFC_9xpgkdc58D4_5utWDTI7bc0qsRFjrmEx4Qoc8RhTehzYXK9DQ,file_size=556436]81yz
[17:09:16] 末島空晴: 52zp
[17:59:24] hh。: 59左
[18:01:49] hh。: 87ys
[18:02:37] hh。: 87ys
[18:03:38] hh。: 91-75右
[18:54:34] 钤科百合子: 36m
[18:57:01] 钤科百合子: 43y-84yz
[19:52:40] ______Vincent.: 40zp
[19:54:52] ٩̋(๑˃́ꇴ˂̀๑): [CQ:image,file=3D1EE89F9C0340E4F112A6CB06BFC871.png,subType=0,url=https://multimedia.nt.qq.com.cn/download?appid=1407&amp;fileid=EhT5hr8oxWOlQJVl29Zyf6VsnRjPhRjJwSgg_woo-rvWiKnEkAMyBHByb2RQgL2jAVoQd4QD_ZYdcu9PT0BbvtV5t3oCFfWCAQJneg&amp;spec=0&amp;rkey=CAISMKvZCrLZdDESgZkZLvhd3Kp6JbGiZbszjCY9wvRCQybaZWKqsxn1FcP-vxrgriVlwQ,file_size=663753]38k
[19:56:14] ______Vincent.: 38卡 54m
[19:58:51] ______Vincent.: 63yz
[20:01:07] ______Vincent.: 97ys 68左
[20:03:45] : 66麦 记得吃
[20:13:37] ______Vincent.: 47ys
[20:14:43] ٩̋(๑˃́ꇴ˂̀๑): [CQ:image,file=92731D0926DFCFCC1E7ECAED782EDAA7.png,subType=0,url=https://multimedia.nt.qq.com.cn/download?appid=1407&amp;fileid=EhQ1AgTuSJvSi7rjccFcIQRRMfck3Ri55ywg_woovM3NwK3EkAMyBHByb2RQgL2jAVoQCfXId9-1knUrPtP1ng5Qn3oCROiCAQJneg&amp;spec=0&amp;rkey=CAISMKvZCrLZdDESgZkZLvhd3Kp6JbGiZbszjCY9wvRCQybaZWKqsxn1FcP-vxrgriVlwQ,file_size=734137]72m
[20:17:32] ______Vincent.: 打完 10右
[20:24:06] 冬筱: 65zp
[20:31:47] hh。: 79yz
[20:34:23] hh。: 61卡
[20:37:14] hh。: 41z
[20:53:00] Chlorine: 49右
[20:57:49] hh。: 19zp
[21:00:28] hh。: 33yz
[21:03:19] hh。: 78卡
[21:35:15] hh。: 21-27-95麦
[21:42:02] hh。: 34-44zp
[21:45:51] hh。: 73-98yz
[21:49:02] hh。: 18麦
[22:09:19] Minor沬絾年: 100卡
[22:12:31] hh。: 11zp
[22:15:03] hh。: 50麦
[22:21:54] 晗子: 48卡
[22:25:58] Minor沬絾年: 51yz
[22:30:00] Minor沬絾年: 64yz
[22:32:42] hh。: 3右
[22:36:22] hh。: 58ys
[22:38:36] hh。: 45右
[22:46:13] Minor沬絾年: 74ya
[22:49:48] Minor沬絾年: 88ya
[22:55:51] : 31yz
[23:22:53] Shaddoll_Naga: 25右
[23:29:33] : 16yz
[23:33:38] Clong: 55ys
[23:44:06] 已: 8zp
