[00:03:16] M̶r̶.̶J̶a̶v̶s̶e̶n̶: 143右
[00:08:09] 木子李: 78右
[00:08:24] 木子李: 78左
[00:18:13] sana: 11右
[03:14:19] 钤科百合子: 59zp
[03:44:05] 钤科百合子: 45zp
[05:24:09] 钤科百合子: 20m
[05:51:49] 钤科百合子: 70卡
[07:06:55] 钤科百合子: 108右
[07:20:28] ______Vincent.: 30y
[08:48:50] 钤科百合子: 114右
[08:49:27] 狐狸要乖: 114-85右
[08:53:48] 狐狸要乖: 85右-129m
[08:54:34] ‭: 122-129m
[09:01:21] ‭: 8z
[09:04:22] 钤科百合子: 65z
[09:08:30] ______Vincent.: 43卡
[09:12:53] ______Vincent.: 75zp
[09:35:40] Soleil: 17卡
[10:00:07] ㅤ: 93右
[10:08:47] 想要莉莉丝: 98y
[10:24:33] Soleil: 27zp
[10:27:44] Soleil: 60卡
[10:31:28] 冬筱: 89麦
[10:44:20] ______Vincent.: 150zp
[10:46:32] ______Vincent.: 150-92zp
[10:49:15] ______Vincent.: 81yz
[10:51:55] ______Vincent.: 18y
[10:55:34] ______Vincent.: 53y
[10:57:06] 已: 57y
[10:57:17] ______Vincent.: 57-69y
[10:58:34] ______Vincent.: 69-71y
[11:01:51] ______Vincent.: 6yz-140yz
[11:06:47] Soleil: 97卡
[11:09:46] 已: 149卡
[11:13:06] 我是你工人👴🏻👴🏻: 5m
[11:16:46] Soleil: 16z
[11:26:12] Soleil: 127yz
[11:36:05] ______Vincent.: 107麦
[11:46:02] 已: 33y
[11:49:00] M̶r̶.̶J̶a̶v̶s̶e̶n̶: 7ys
[11:57:04] 晗子: 4崖
[12:00:50] ______Vincent.: 91yz
[12:06:33] ______Vincent.: 1ys
[12:09:18] ______Vincent.: 58-102z
[12:14:40] 霸、、、霸王洗发水: 120崖
[12:15:57] 末島空晴: 54zp
[12:19:26] 霸、、、霸王洗发水: 125zp
[12:23:36] Soleil: 145yz
[12:25:39] 爆炸糖.: 23右
[12:33:24] 苦命鹦鹉: 66帐篷
[12:34:48] 梨子味: 9yz
[13:10:03] 木子李: 25左
[13:15:58] Soleil: 62卡
[13:18:54] Soleil: 95卡
[13:22:40] Soleil: 138卡
[13:27:31] hh。: 104崖
[13:30:09] hh。: 96卡 cb
[13:32:45] hh。: 90ys cb
[13:32:55] : 109右
[13:36:22] Soleil: 42右
[13:37:27] hh。: 130m cb
[13:49:46] 冬筱: 2y
[13:51:34] hh。: 118ys cb
[13:53:51] 狐狸要乖: 99m
[13:54:50] hh。: 111卡 cb
[14:00:48] Soleil: 55左
[14:06:12] hh。: 41卡 cb
[14:08:54] hh。: 12zp
[14:12:33] hh。: 84zp
[14:18:02] hh。: 139yz
[14:21:08] hh。: 24卡
[14:24:02] hh。: 38zp
[14:26:22] hh。: 123zp
[14:28:26] hh。: 83yz
[14:30:20] hh。: 79yz cb
[14:31:30] hh。: 3卡 cb
[14:35:39] Soleil: 64zp
[14:40:08] Soleil: 144-146麦
[14:48:05] : 105z
[14:49:41] 【Φόβος】: 86崖之遗迹
[14:59:38] hh。: 35卡 cb
[15:01:38] 【Φόβος】: 46卡
[15:12:03] ______Vincent.: 116右
[15:18:58] hh。: 63卡
[15:27:27] ♪琉璃川东奈♪: 76卡
[15:30:35] : 128ys
[15:41:06] kirakiradokidoki: 29右
[15:54:17] Soleil: 134左
[15:56:58] hh。: 44ys
[15:59:45] 钤科百合子: 28z
[16:06:53] 晗子: 49崖
[16:37:18] hh。: 74右
[16:44:16] hh。: 34m
[16:45:59] Soleil: 47卡
[16:46:57] 想要莉莉丝: 124y
[17:07:18] 冬筱: 133麦
[17:27:11] 想要莉莉丝: 132驿站
[17:29:44] hh。: 117卡
[17:37:15] Квай 小狸: 67m
[17:39:54] hh。: 103z
[17:42:07] hh。: 73ys
[17:49:09] hh。: 40yz
[17:56:02] : 112yz
[17:56:14] hh。: 112yz
[17:58:28] hh。: 77zp
[18:03:53] hh。: 26yz
[18:05:44] hh。: 94z
[18:09:53] 想要莉莉丝: 126右
[18:21:52] 奏: 131zp
[18:24:19] Soleil: 1麦
[18:24:28] 【Φόβος】: 63帐篷
[18:26:39] 请笃信一个梦: 3麦
[18:29:05] 莫染: 96-93zp
[18:29:05] 芙兰朵露⁧！哒⁧: 48m
[18:30:49] 【Φόβος】: 89卡
[18:31:16] 莫染: 86zp
[18:31:53] Soleil: 86-15-18-21-31zp
[18:32:09] 想要莉莉丝: 10y 曲奇
[18:32:48] 莫染: 75zp
[18:33:52] Soleil: 18-21-31-75-42-45zp
[18:34:04] 莫染: 69zp
[18:35:21] Soleil: 31-75-42-45-69-49zp
[18:36:04] 想要莉莉丝: 100驿站 大饼
[18:36:25] 想要莉莉丝: 46m 大饼
[18:36:44] 饕餮: 97yz
[18:37:30] 饕餮: 59m
[18:37:51] 想要莉莉丝: 61m
[18:39:03] 想要莉莉丝: 41m
[18:39:05] 想要莉莉丝: 64m
[18:41:06] hh。: 19-29-56-67-80-87崖
[18:41:06] 想要莉莉丝: 70麦 曲奇
[18:41:11] 想要莉莉丝: 2卡 世界
[18:41:20] 想要莉莉丝: 27驿站 世界
[18:41:48] 小楼香盈袖: 62卡
[18:42:09] hh。: 19 51 56 67 80 87 崖
[18:46:02] Soleil: 2-4-8-16-34-36-39-62-83-84-85-89卡
[18:47:43] hh。: 2-4-8-16-34-36-39-62-83-84-85-89卡
[18:57:31] Soleil: 81-100-97-35驿站
[18:57:41] 【Φόβος】: 46麦田
[18:58:00] Soleil: 76-72-66-43-6右
[18:59:20] Soleil: 100-97-35-11驿站 刷新一下
[19:01:43] 请笃信一个梦: 22左
[19:02:35] 请笃信一个梦: 22-25-44-71左
[19:03:00] 请笃信一个梦: 22-25-44-71-78-79-88-98左
[19:10:25] : 79-88-98左
[19:11:24] Soleil: 50 58 92 99ys
[19:16:28] 【Φόβος】: 7崖之遗迹
[19:18:37] Soleil: 27yz cb
[19:21:23] 末島空晴: 33ys
[19:38:46] hh。: 52z
[19:41:56] hh。: 73z
