[00:06:41] ______Vincent.: 80右
[00:07:27] hh。: 80右-45ys
[00:09:08] ______Vincent.: 45 打完 7右
[00:10:43] ______Vincent.: 105ys
[00:12:29] ______Vincent.: 110yz
[00:12:48] 南北: 110 54yz
[00:16:04] ______Vincent.: 150右
[00:18:29] ______Vincent.: 149ys
[00:20:23] ______Vincent.: 137zp
[00:32:20] hh。: 4右
[00:33:31] hh。: 4-11右
[00:34:12] : 9ys
[00:34:23] hh。: 9-22ys
[00:36:27] 3W_AwayOne: 22右
[00:37:10] hh。: 5m
[00:37:21] ______Vincent.: 5-99麦
[00:40:11] hh。: 97yz 79-108y
[00:40:46] ______Vincent.: 97yz 78-108y
[01:04:51] 【Φόβος】: 36帐篷
[01:05:32] 南北: 36zp -38ys
[01:06:55] 阿杰: 36ys
[01:06:56] ______Vincent.: 原地 116zp
[01:11:04] Soleil: 66-64-147卡
[01:14:17] 【Φόβος】: 49右上
[01:17:14] hh。: 25zp
[01:19:07] y: 144崖
[01:28:35] 【Φόβος】: 140右上
[01:31:05] 木子李: 113ys
[01:32:03] hh。: 127z
[01:33:56] Soleil: 46-68yz
[01:36:51] Soleil: 65崖
[01:38:24] Soleil: 50-17麦
[01:38:29] hh。: 50-17麦
[01:47:00] ______Vincent.: 3y
[01:49:23] Soleil: 112右
[01:51:17] hh。: 142m
[02:00:02] Soleil: 100麦
[02:01:46] Soleil: 55崖
[02:03:42] Soleil: 130崖-84yz-31左
[02:06:17] Soleil: 84yz-31左-30ys
[02:08:43] Soleil: 30ys-62卡
[02:11:34] 阿杰: 120崖
[02:31:17] Soleil: 26-85zp
[02:34:44] ______Vincent.: 32崖
[02:34:44] Soleil: 32崖 8右
[02:38:46] Soleil: 57-118卡
[02:42:27] Soleil: 96-103卡
[02:46:23] Soleil: 123-48yz
[03:10:04] ★普浪浪★: 5k 充进去绑钻 换算一下
[03:15:36] Soleil: 67-44zp 95yz
[03:21:42] Soleil: 94-98-134右 139ys
[03:28:23] Soleil: 47-56-104卡
[03:29:32] 【Φόβος】: 74卡
[03:35:10] Soleil: 53-128麦
[03:39:24] Soleil: 2右
[03:41:25] Soleil: 10左
[03:42:07] Soleil: 10左-43右上
[04:20:41] Soleil: 115yz
[04:21:25] Soleil: 115yz 106y
[04:26:18] Soleil: 88-122-145左
[04:27:35] 【Φόβος】: 88右
[04:34:51] Soleil: 82左
[04:37:02] Soleil: 29-51-81-132右上
[04:44:45] Soleil: 129右
[04:47:04] Soleil: 69卡
[04:49:30] Soleil: 58-76-121麦
[05:04:15] ______Vincent.: 75zp 34y
[05:09:56] Soleil: 79左
[05:11:56] Soleil: 93-91-52-28右 没有的话就在右上
[05:58:06] hh。: 109ya
[06:01:13] ______Vincent.: 102-90左
[06:06:53] ______Vincent.: 86右上
[06:10:02] ______Vincent.: 89-87yz
[06:15:29] ______Vincent.: 148卡
[06:19:57] hh。: 70卡
[06:26:52] ______Vincent.: 117右
[06:30:56] 纸月: 60右
[06:34:11] 木子李: 63右上
[18:37:13] hh。: 83右
[18:45:12] hh。: 101右
[18:49:37] 苦命鹦鹉: 27左
[19:59:32] 木子李: 21崖
[20:01:40] FrostAro: 125右
[20:03:56] 烧火棍，樱花糕与铁桶僵尸: 77k
[20:05:42] FrostAro: 72右
[20:08:25] hh。: 141yz
[20:14:58] hh。: 126zp
[20:22:46] hh。: 23yz
[20:24:01] Soleil: 135ys
[21:43:26] Soleil: 80崖
[21:45:07] Soleil: 13-78右
[21:47:55] hh。: 25右上 42-59左
[21:52:15] VCMellon: 45麦
[21:53:44] Soleil: 146zp
[21:54:17] Soleil: 146zp-9ys
[21:55:30] Soleil: 9左
[21:58:04] Cream.: 4左
[21:58:08] hh。: 4z
[22:08:30] 采堇: 39崖
[22:19:23] Soleil: 19右
[22:20:49] Soleil: 40右上
[22:22:04] Soleil: 46麦田
[22:22:12] Soleil: 40右-46麦田
[22:24:03] Soleil: 73zp-149yz
[22:26:18] Shaddoll_Naga: 14崖 世界
[22:34:31] hh。: 150z
[22:37:22] Soleil: 136-114ys
[22:39:58] Soleil: 107崖
[22:53:08] 両儀式: 147ys
[22:55:36] hh。: 137yz
[22:56:48] Soleil: 137yz-138麦
[22:59:10] Soleil: 61左
[23:05:36] Soleil: 99yz
[23:21:10] Soleil: 143ys
[23:22:48] Soleil: 30zp
[23:22:54] : 143原神
[23:24:05] Soleil: 30zp-16崖
[23:34:27] 别睡死了: 28右 娜
[23:48:03] 両儀式: 113zp
[23:49:52] Soleil: 111-131yz
[23:52:20] Soleil: 33崖
[23:54:11] Soleil: 11麦
[23:55:04] Soleil: 11-67-103麦
[23:59:25] Soleil: 47-100yz
