[07:29:50] 金平糖: 11-28-39zp
[08:09:18] 金平糖: 21-23yz
[08:19:05] 金平糖: 18-19卡
[08:29:25] 金平糖: 40m
[08:33:44] 金平糖: 24-34-38右
[08:44:51] 金平糖: 14-30ys
[08:49:08] 金平糖: 30ys-35z-29y
[16:38:48] ______Vincent.: 6-13zp
[16:43:52] Shaddoll_Naga: 9ys
[16:58:27] 是小刘同学: 11右
[16:58:34] 饕餮: 7you
[16:58:41] ㅤ: 40zp
[16:58:45] M̶r̶.̶J̶a̶v̶s̶e̶n̶: 1m
[17:02:27] ______Vincent.: 2yz
[17:03:25] : 4ys
[17:06:00] Soleil: 32-14-8-6卡
[17:09:20] Soleil: 39-37-27-15m
[17:13:48] Soleil: 3zp   13yz-28yz
[17:15:31] 金平糖: 13yz-28yz
[17:17:15] 金平糖: 10-22-34-38ya
[17:20:54] Soleil: 5-16-23左
[17:23:32] Soleil: 12-26右上
[17:25:34] Soleil: 18-21-30右
[17:35:07] Soleil: 16右上
[17:35:13] ______Vincent.: 16z
[17:40:27] Soleil: 33左
[19:02:42] ______Vincent.: 36z
[19:51:20] 黑白: 79右
[19:51:50] 黑白: 77右
[19:54:33] 黑白: 67右
[19:56:06] 黑白: 62右
[20:02:07] ______Vincent.: 59-64-71卡
[20:03:56] ______Vincent.: 64-71-74卡
[20:05:41] ______Vincent.: 71-74-76卡
[20:07:05] ______Vincent.: 74-76-78卡
[20:08:34] ______Vincent.: 76-78-80卡
[20:12:01] ______Vincent.: 75-57-55麦
[20:13:36] ______Vincent.: 57-55-47麦
[20:14:51] ______Vincent.: 55-47-43麦
[20:17:39] 金平糖: 44zp
[20:19:15] ______Vincent.: 73-66-63yz
[20:20:46] ______Vincent.: 66-63-54yz
[20:22:37] ______Vincent.: 63-54-51yz
[20:23:08] ______Vincent.: 54-51-48yz
[20:24:21] ______Vincent.: 51-48-46yz
[20:25:24] ______Vincent.: 48-46-41yz
[20:28:30] ______Vincent.: 72-60-52y
[20:30:08] ______Vincent.: 60-52-50y
[20:33:38] ______Vincent.: 70-69-61z
[20:35:29] ______Vincent.: 69-61-53z
[20:38:39] ______Vincent.: 68-65-58ys
[20:40:07] ______Vincent.: 65-58-49ys
[20:41:24] ______Vincent.: 58-49-45ys
[20:47:25] ______Vincent.: 42yz
[20:49:19] ______Vincent.: 56m
[20:54:43] ‭: 41ys
[21:14:25] ______Vincent.: 55ys
[23:17:16] ______Vincent.: 35ys
[23:18:52] 芒果假面波奇酱: 31yz
[23:21:32] ______Vincent.: 31-20yz
[23:25:35] ______Vincent.: 19-17zp
[23:31:05] ______Vincent.: 32卡
[23:40:34] ______Vincent.: 25卡
[23:43:41] ______Vincent.: 24z
