[00:48:03] M̶r̶.̶J̶a̶v̶s̶e̶n̶: 59帐篷
[00:51:20] hh。: 43-45左
[01:01:57] hh。: 1右
[01:19:55] 123: 11yz
[01:25:02] 冬筱: 13麦
[01:28:44] 冬筱: 15卡-51右
[01:34:16] 冬筱: 26右
[01:34:41] 冬筱: 26右-30yz
[02:35:40] kirakiradokidoki: 17麦-20yz
[03:17:14] 阿杰: 21麦
[09:38:20] ______Vincent.: 8zp
[09:39:54] Zombie cat: 91-129右
[09:46:19] ______Vincent.: 145yz -90m
[09:55:06] 钤科百合子: 4m
[10:12:06] 钤科百合子: 18卡
[10:16:18] ______Vincent.: 104崖
[10:18:28] 想要莉莉丝: 5y
[10:24:40] ______Vincent.: 150卡 54zp
[10:27:56] 毛卡DuD: 54-108zp
[10:36:03] 烧火棍，樱花糕与铁桶僵尸: 105z
[10:38:39] M̶r̶.̶J̶a̶v̶s̶e̶n̶: 41左
[10:43:00] 烧火棍，樱花糕与铁桶僵尸: 24右
[10:54:56] 小楼香盈袖: 114卡 CB
[11:07:46] ______Vincent.: 136麦
[11:09:16] ______Vincent.: 原地 58-70麦
[11:13:00] ______Vincent.: 6-12-120崖
[11:18:45] ______Vincent.: 75-99-119左
[11:23:50] ______Vincent.: 9zp
[11:26:03] ______Vincent.: 140-130-122yz
[11:35:51] ______Vincent.: 2yz
[11:38:00] 黎维塔: 33m世界
[11:45:56] ______Vincent.: 137ys
[11:52:21] ______Vincent.: 110yz
[11:54:57] ______Vincent.: 10-23yz
[11:54:57] 想要莉莉丝: 40m 补
[11:57:27] ______Vincent.: 55-76卡
[12:04:57] ______Vincent.: 57卡 yuki
[12:06:23] ______Vincent.: 93卡
[12:10:15] VCMellon: 73崖
[12:15:21] ______Vincent.: 52右  133-127z
[12:17:22] ______Vincent.: 133-127-63z
[12:19:00] ᝰꪖⱤᥴꫝꫀⱤ⚓: 63右
[12:20:29] ______Vincent.: 62z
[12:21:34] ______Vincent.: 97ys 98右
[12:25:02] ______Vincent.: 125卡 85zp
[12:27:17] ______Vincent.: 85zp 27y
[12:30:04] ______Vincent.: 146右
[12:44:38] ______Vincent.: 31y
[12:48:07] ______Vincent.: 144zp
[12:48:17] 咕咕: 100z
[12:50:53] ______Vincent.: 29yz
[12:55:04] ______Vincent.: 69zp
[13:00:20] Silver♢: 99崖
[13:00:25] Silver♢: 89崖
[13:03:18] くそがき: 46y
[13:03:41] VCMellon: 46右
[13:06:51] ______Vincent.: [CQ:image,file=A50105BDD816E8ED65E1C1810C178BAF.png,subType=0,url=https://multimedia.nt.qq.com.cn/download?appid=1407&amp;fileid=EhSd3mNRPHjjn3sVS4U8dqRv7RvCKhjnog4g_woo8syb18K0kAMyBHByb2RQgL2jAVoQn5oL-fN6lYLoNFv-um2T7HoCp12CAQJuag&amp;spec=0&amp;rkey=CAISMH2xDGochEDhFP8eWYP8GADUuSRvMmlx12aAD-cfp21E0Vwe_D4oQ5t2fEhls3pjeg,file_size=233831]25yz
[13:13:08] 想要莉莉丝: 138卡 世界
[13:14:37] 人間になりたい: 16麦
[13:15:32] 想要莉莉丝: 42驿站 世界
[13:19:25] M̶r̶.̶J̶a̶v̶s̶e̶n̶: 116ys
[13:22:43] M̶r̶.̶J̶a̶v̶s̶e̶n̶: 68zp
[13:27:55] VCMellon: 44卡
[13:28:08] VCMellon: 126m
[13:32:41] Shaddoll_Naga: 118卡
[13:41:09] 纸月: 134y
[13:49:46] ______Vincent.: 1ys
[13:52:04] M̶r̶.̶J̶a̶v̶s̶e̶n̶: 49ys
[13:54:57] hh。: 92z
[13:56:30] VCMellon: 124右
[14:14:26] Soleil: 81左
[14:15:10] hh。: 14ya
[14:15:30] VCMellon: 65ys
[14:18:37] M̶r̶.̶J̶a̶v̶s̶e̶n̶: 28yz 148-149zp
[14:20:35] hh。: 28yz 148-149zp-111m
[14:25:13] VCMellon: 84ys
[14:28:14] hh。: 123k
[14:30:40] hh。: 50zp
[14:30:45] Banana Co.: 32崖
[14:31:10] VCMellon: 94右
[14:33:25] hh。: 94右-16-50zp
[14:34:41] VCMellon: 64右
[14:38:46] 纸月: 95帐篷
[14:39:01] 黎维塔: 74右
[14:50:13] hh。: 139右
[14:54:02] Shaddoll_Naga: 3卡
[14:56:12] M̶r̶.̶J̶a̶v̶s̶e̶n̶: 109yz
[14:57:25] M̶r̶.̶J̶a̶v̶s̶e̶n̶: 128-132-135yz
[15:07:46] 钤科百合子: 56麦
[15:13:54] : 77右
[15:16:57] ㅤ: 53ys
[15:23:43] hh。: 67右
[15:23:46] ㅤ: 107左
[15:26:27] hh。: 107z-87ys
[15:29:28] hh。: 115ya
[15:30:07] .: 115ya-131ya
[15:33:02] hh。: 88ya
[15:38:17] 毛卡DuD: 37右
[15:48:36] ㅤ: 106崖
[15:52:00] VCMellon: 66左
[15:54:36] ㅤ: 101zp
[15:55:44] hh。: 101zp-83z
[15:58:14] hh。: 34卡
[16:00:17] hh。: 19卡
[16:01:42] 星野丨流萤: 7m
[16:04:21] hh。: 113z
[16:06:33] hh。: 103zp
[16:10:26] hh。: 72驿站
[16:18:43] 冬筱: 143z
[16:22:29] 冬筱: 22ys
[16:24:19] ______Vincent.: 121y
[16:28:05] hh。: 35卡
[16:34:30] ______Vincent.: 86zp
[16:38:59] hh。: 96z
[17:03:40] VCMellon: 142右
[17:10:26] ______Vincent.: 71z
[17:30:24] VCMellon: 47右
[17:35:26] ______Vincent.: 147ys
[17:40:24] ______Vincent.: 141zp
[17:45:29] ______Vincent.: 117麦
[17:48:33] hh。: 61ys
[17:51:13] hh。: 39ys
[17:53:42] hh。: 112右
[18:02:22] hh。: 80卡
[18:14:24] ______Vincent.: 82ys
[18:18:12] ______Vincent.: 48ys
[18:54:21] M̶r̶.̶J̶a̶v̶s̶e̶n̶: 38麦
[19:10:15] hh。: 36ys
[19:13:13] hh。: 38麦
[20:16:37] hh。: 79zp
[22:00:45] 想要莉莉丝: 11y
[22:45:48] 毛卡DuD: 78右
[22:47:36] hh。: 26ys
[22:49:52] hh。: 15yz
[23:36:25] hh。: 59z
[23:42:39] hh。: 13右
