[00:00:00] 両儀式: 144ya
[00:00:01] lauirf: 131右上: ✅
143右上: ❌
[00:00:01] kimiovo: 包里毛三万的玩具
[00:03:03] Soleil: 46崖
[00:03:03] 星尘四界子: [CQ:image,file=706741DAEF900778CACA14D6EBA6FD23.jpg,subType=1,url=https://multimedia.nt.qq.com.cn/download?appid=1407&amp;fileid=EhR28uXSci2kBN714ib6M33ngzp0-hiL0wkg_woonKe-poikkAMyBHByb2RQgL2jAVoQBSh1eRAFLTa8YYOGv3UVzXoCnHiCAQJuag&amp;spec=0&amp;rkey=CAMSMEUCYD2ptNbi_rsRJhKzEko1_bDux-pVHp8cC3-QpJm-KwLFdPva9u-8ULP2syxVBQ,file_size=158091]
[00:05:37] Soleil: 48ys
[00:05:38] 十六方禁行: 上不了
[00:06:11] Chlorine: 87z
[00:08:44] Soleil: 49zp
[00:12:45] Soleil: 59崖-60右
[00:12:56] 烧火棍，樱花糕与铁桶僵尸: 142m
[00:17:28] Soleil: 85麦
[00:20:27] 両儀式: 146右
[00:21:14] Minor沬絾年: 84yz
[00:21:19] Chlorine: 150右
[00:22:25] Soleil: 150右-118ys
[00:27:38] 両儀式: 92z
[00:28:24] Minor沬絾年: 64yz
[00:32:28] Soleil: 61卡
[00:36:42] 烧火棍，樱花糕与铁桶僵尸: 63右
[00:39:22] 烧火棍，樱花糕与铁桶僵尸: 81ys
[00:39:22] 你对月慕几许: 就是
[00:43:00] 烧火棍，樱花糕与铁桶僵尸: 86k
[00:48:39] 烧火棍，樱花糕与铁桶僵尸: 90m
[00:48:39] : [CQ:image,file={E93FCC3A-F8FF-3789-63F9-1098B0B94156}.png,subType=0,url=https://gchat.qpic.cn/gchatpic_new/2441767743/827630428-2534351870-E93FCC3AF8FF378963F91098B0B94156/0?term=255&amp;is_origin=0,file_size=409824]
[00:48:40] : 想要了
[00:57:41] 烧火棍，樱花糕与铁桶僵尸: 116k
[01:09:05] hh。: 42yz 43y
[01:09:06] 临璃Rinri: 如果是固定投放，其实砍线影响不大
[01:11:22] hh。: 43-45ya
[01:24:58] .: 52ys 53yz
[02:14:58] Chlorine: 29k
[02:16:28] 阿杰: 28左
[02:22:55] Soleil: 27-83zp
[03:07:49] 已: 18右
[03:10:12] ‭: 18-33右
[03:12:43] Soleil: 19右上
[03:22:52] 末島空晴: 25z
