[00:25:23] 苦命鹦鹉: 68帐篷
[00:44:47] 冬筱: 57麦
[00:47:37] hh。: 37右
[01:33:12] 苦命鹦鹉: 76驿站
[02:32:43] 栞叶るり: 82驿站
[02:38:53] hh。: 90右
[02:46:26] 栞叶るり: 92卡
[02:58:34] Chlorine: 46yz
[03:10:57] hh。: 77右
[03:20:41] .: 13卡
[03:31:57] hh。: 35卡
[03:40:46] Minor沬絾年: 32yz
[04:16:34] Chlorine: 53k
[07:01:47] ‭: 62-28zp
[07:13:45] ‭: 60-20yz
[07:25:15] ‭: 94崖
[07:31:17] ‭: 17m
[07:42:34] 烧火棍，樱花糕与铁桶僵尸: 26y
[11:54:38] y: 29帐篷
[13:11:25] M̶r̶.̶J̶a̶v̶s̶e̶n̶: 30右
[13:20:09] hh。: 85yz
[13:22:40] M̶r̶.̶J̶a̶v̶s̶e̶n̶: 52ys
[14:02:00] M̶r̶.̶J̶a̶v̶s̶e̶n̶: 93yz
[14:12:45] .: 67左上
[14:13:21] 颜夏墨: 5k
[14:16:51] M̶r̶.̶J̶a̶v̶s̶e̶n̶: 67左-71崖
[14:33:14] ______Vincent.: 15帐篷
[14:39:28] 冬筱: 56左
[14:45:26] .: 83卡
[14:49:08] M̶r̶.̶J̶a̶v̶s̶e̶n̶: 86yz
[15:46:16] : 75崖
[15:57:44] ______Vincent.: 80z
[16:28:34] 【Φόβος】: 42崖之遗迹
[16:31:28] kirakiradokidoki: 54麦
[16:43:59] 末島空晴: 70崖
[16:53:54] ______Vincent.: 39yz
[16:55:55] ______Vincent.: 22卡 大饼情报
[17:43:22] : 1右
[17:46:30] 已: 69右
[17:48:12] 冬筱: 66z
[17:50:47] 冬筱: 47zp
[17:53:18] M̶r̶.̶J̶a̶v̶s̶e̶n̶: 81卡
[18:18:16] Luv: 10右
[18:20:29] 冬筱: 4z
[18:22:32] 冬筱: 98-63yz
[18:25:42] hh。: 58m
[18:35:06] hh。: 91ys
[18:40:49] hh。: 41z
[18:42:30] hh。: 48m
[18:59:09] ㅤ: 59y
[19:06:27] 冬筱: 95卡
[19:08:34] 冬筱: 19-12右
[19:12:09] 冬筱: 11z
[19:23:51] .: 34左
[19:26:46] ______Vincent.: 65y
[19:35:20] 末島空晴: 64崖
[19:38:16] .: 87左
[19:42:04] : 18yz
[19:44:00] hh。: 55yz
[19:51:20] 末島空晴: 16崖
[19:51:28] ㅤ: 50z
[20:17:54] 末島空晴: 31崖
[20:24:20] 纸月: 78zp
[20:35:08] 冬筱: 73麦
[20:48:09] ______Vincent.: 100左
[20:55:23] ______Vincent.: 89z
[20:58:00] ______Vincent.: 84-61右
[21:10:58] ______Vincent.: 45麦
[21:13:49] hh。: 38zp
[21:15:29] 想要莉莉丝: 4y
[21:15:43] hh。: 7ya
[21:25:42] 猫来发几枝: 6m
[21:31:41] 纸月: 8卡
[21:41:00] hh。: 43-21m
[21:50:21] 晗子: 33zp
[21:50:35] 末島空晴: 33zp-96ya
[21:51:01] ______Vincent.: 33zp 2右 96ya
[21:57:25] 晗子: 36ys
[22:00:29] ______Vincent.: 79-40z
[22:17:21] 小无忧: 44麦
[22:30:36] ______Vincent.: 51ys
[22:39:11] ______Vincent.: 68z
[22:41:02] ______Vincent.: 97m
[22:45:16] 小无忧: 99zp
[22:58:24] 小无忧: 72右
[22:59:01] hh。: 72ys
[23:16:49] ______Vincent.: 27zp
[23:20:14] hh。: 37z
[23:26:50] ᝰꪖⱤᥴꫝꫀⱤ⚓: 3m
[23:28:50] 小无忧: 57yz
[23:31:54] hh。: 46zp
[23:32:00] Minor沬絾年: 46zp
[23:37:36] ______Vincent.: 49z
[23:41:45] ______Vincent.: 88y
[23:43:31] ᝰꪖⱤᥴꫝꫀⱤ⚓: 74左
