[00:02:42] 冬筱: 104z
[00:04:10] Soleil: 66右
[00:11:14] 雪糕: 143 右上
[00:11:15] 小情绪: [CQ:image,file={5AB4BC9A-F211-DBD5-2204-C6F3E6A9CF5D}.jpg,subType=1,url=https://gchat.qpic.cn/gchatpic_new/2072528166/875329843-2400461450-5AB4BC9AF211DBD52204C6F3E6A9CF5D/0?term=255&amp;is_origin=0,file_size=4101]
[00:13:53] Soleil: 165驿站
[00:21:42] 饕餮: 111麦
[00:23:12] Soleil: 24zp
[00:25:24] hh。: 193卡
[00:29:54] 十六夜之月: 31崖
[00:29:54] .: 我去刷会活动。。
[00:33:36] hh。: 62m
[00:36:09] hh。: 149zp
[00:38:23] Soleil: 101左
[00:40:41] hh。: 138zp
[00:41:54] 十六夜之月: 126ya
[00:53:57] Soleil: 14yz
[00:55:51] 十六夜之月: 23yz
[00:55:54] Soleil: 30右
[01:00:47] 饕餮: 197 yz
[01:05:27] Shaddoll_Naga: 175ys
[01:10:00] 饕餮: 135卡
[01:16:22] kido: 124左
[01:21:08] : 46麦
[01:25:22] 十六夜之月: 94ka
[01:39:31] FrostAro: 167zp
[01:41:10] 末島空晴: 137玉足
[01:46:46] 伪梦: 125yz
[01:49:50] 乌鸦Rabble: 80m
[01:50:30] Chlorine: 192ys
[01:51:18] Soleil: 80-97-107-160m
[01:51:18] 祝愿: 不骗你
[01:53:53] Shaddoll_Naga: 160m 192ys 108右
[02:06:19] 冬筱: 1麦
[02:14:00] 伪梦: 22zp
[02:14:38] Soleil: 22-53-54zp
[02:14:38] : 天生的黑奴
[02:20:14] FrostAro: 129m
[02:20:14] 末島空晴: [CQ:reply,id=41697207][CQ:at,qq=1913163275,name=倒霉蛋Kxiaodeng（-10086/5）] 不是，扫猪用。
[02:21:59] 南北: 13z
[02:25:43] 伪梦: 176yz
[02:28:20] ♪琉璃川东奈♪: 79z
[02:28:37] 乌鸦Rabble: 142ys
[02:31:52] FrostAro: 121z
[02:34:25] 乌鸦Rabble: 10麦
[02:40:12] ‭: 172m
[02:40:38] 末島空晴: 172m-37m
[02:47:26] 乌鸦Rabble: 136m
[02:56:48] 末島空晴: 81玉足
[02:57:17] Shaddoll_Naga: 81yz-15y
[03:01:39] Chlorine: 139卡
[03:08:28] 伪梦: 71z
[03:11:49] Chlorine: 9zp
[03:15:22] 小无忧: 78yz
[03:18:35] 南北: 补：129 172 37麦
[03:20:43] 伪梦: 38ys
[03:23:03] 南北: 129z
[03:33:47] FrostAro: 32yz
[03:38:40] 末島空晴: 163z
[03:41:17] Soleil: 179zp
[03:44:14] 冬筱: 158麦
[03:53:59] 已: 181崖
[04:03:07] 伪梦: 58右
[04:04:20] 小无忧: 189卡
[04:05:27] Soleil: 144右
[04:11:05] Soleil: 45麦
[04:12:00] Soleil: 45麦-132崖
[04:25:20] 伪梦: 93右上
[04:29:42] 陌影久念: 49崖
[04:35:51] 伪梦: 171右
[04:46:48] 小无忧: 110麦
[04:50:58] 已: [CQ:image,file=B5F3DF94EE0287B8B2737B27B558DEF3.png,subType=0,url=https://multimedia.nt.qq.com.cn/download?appid=1407&amp;fileid=EhTSLePAA5wgzcmz2xoVW6HnQF--8xjskpwBIP8KKI7l45fBmpADMgRwcm9kUIC9owFaEHK-XKwuQ6IzLTlG9iBmeXl6ApS7ggECZ3o&amp;spec=0&amp;rkey=CAESMNiZ5zygPY5RRaeKOCB0VRVGpa7ePLWGb6DGY-PiRZ7txRjI2snY21xlFTsCQNV42Q,file_size=2558316]180zp
[05:01:03] 小无忧: 127麦
[05:01:21] 小无忧: 152麦
[05:10:48] 小无忧: 164麦
[06:13:46] ‭: 39麦
[06:19:22] 乐意: 57-73ya
[06:24:19] 乐意: 131yz-17ys-90z
[06:41:44] 小无忧: 84卡
[06:47:10] 卤蛋: 170k
[06:53:10] 钤科百合子: 100麦
[06:57:07] 卤蛋: 74m
[06:59:34] 小无忧: 25右
[07:03:59] 卤蛋: 21z
[07:04:05] 钤科百合子: 109ys
[07:04:32] 乐意: 88麦
[07:05:47] 乐意: 21z-109ys-88m
[07:08:35] 卤蛋: 109ys-88m
[07:17:06] 乐意: 194右
[07:17:16] 钤科百合子: 92右
[07:28:54] 小无忧: 157zp
[07:29:15] 钤科百合子: 100m
[07:29:18] 乐意: [CQ:at,qq=2794173844,name=赛博登记员] 100yz
[07:30:10] 乐意: 100卡
[07:33:49] 乐意: 200yz
[07:39:19] 乐意: 195yz
[07:39:29] 乐意: 74yz
[07:45:16] 小无忧: 47右
[07:45:23] ‭: 76ys
[07:52:48] 钤科百合子: 188ys
[08:00:36] ‭: [CQ:at,qq=2794173844,name=赛博登记员] 补 126崖
[08:01:27] 小无忧: 63右
[08:02:57] 钤科百合子: 63ys
[08:06:47] ‭: 185ys
[08:12:45] 钤科百合子: 3ys
[08:18:41] y: 27崖
[08:23:26] y: 155右上
[08:27:54] y: 96麦
[08:29:21] 小无忧: 34麦
[08:36:01] y: 148驿站
[08:44:44] ‭: 19右
[09:06:23] 小无忧: 29麦
[09:06:46] 钤科百合子: 36y
[09:14:24] : 72帐篷
[09:15:20] 小无忧: 42-50麦田
[09:15:20] ~: 包的
[09:15:45] 小无忧: 56麦
[09:18:51] 晗子: 56-50-42麦
[09:19:28] 钤科百合子: 56-50-42麦
[09:26:14] : 64z
[09:29:58] 纸月: 199z
[09:29:58] lauirf: 64左上: ❌
[09:44:13] 木子李: 41帐篷
[09:44:19] 木子李: 41驿站
[09:44:30] M̶r̶.̶J̶a̶v̶s̶e̶n̶: 41-60yz
[09:50:27] 木子李: 5左
[11:18:30] 木子李: 103左
[11:28:27] 木子李: 28驿站
[11:52:06] Minor沬絾年: 83崖
[12:21:16] 冬筱: 174zp
[12:47:39] ٩̋(๑˃́ꇴ˂̀๑): 87右
[13:12:55] 乐意: 150z
[14:04:35] 乐意: 43ys
[14:23:10] 钤科百合子: 183yz
[14:38:11] Eto Demerzel: 69ys
[15:07:15] 鏡椛氺月: 162m
[15:42:54] 苦命鹦鹉: 44右上
[15:52:51] 想要莉莉丝: 40驿站
[15:56:45] 辰霓: 48y
[16:37:44] hh。: 134m
[16:43:51] hh。: 177m
[17:08:50] Adege: 191崖
[17:11:15] 烧火棍，樱花糕与铁桶僵尸: 26y
[17:27:00] kirakiradokidoki: 187左
[17:30:43] Soleil: 12驿站
[17:33:34] 九色: 6右
[17:36:34] 伪梦: 120m
[17:40:52] 烧火棍，樱花糕与铁桶僵尸: 113m
[17:44:11] 镜花水月: 52yz
[17:56:50] 伪梦: 89zp
[17:59:43] 钤科百合子: 102zp
[18:12:46] 思念变成海: 20右
[18:26:40] 木子李: 153右
[18:30:39] 烧火棍，樱花糕与铁桶僵尸: 146m
[18:36:27] 冬筱: 196右
[18:37:17] 烧火棍，樱花糕与铁桶僵尸: 51yz
[19:00:43] 星星: 33ya
[19:18:22] 木子李: 117帐篷
[19:30:05] 毛卡DuD: 140ya
[19:44:41] 钤科百合子: 161右
[19:51:00] Soleil: 55右
[19:57:23] 钤科百合子: [CQ:image,file=5B953CB6A7B36168B1CA8CEA4FF9E335.png,subType=0,url=https://multimedia.nt.qq.com.cn/download?appid=1407&amp;fileid=EhQw9TBvZt3AonqzhNrVACRXiXCl-hjD_ngg_wooyuCN5IuckAMyBHByb2RQgL2jAVoQ5m-QZxELcQ13EBCmuXCQpnoCp2SCAQJuag&amp;spec=0&amp;rkey=CAQSMEX8ThzOzSAnihCSHIVRsqLGhGnfurkInZebL4r68hVfKdXEqnRE5VBtJVcOhNyPzA,file_size=1982275]154ys
[20:16:52] 钤科百合子: [CQ:image,file=2B1FB58E8A780BF08A39C2FF472BCADC.png,subType=0,url=https://multimedia.nt.qq.com.cn/download?appid=1407&amp;fileid=EhRxuUqxrt1syjHGCVpLd-B0vRFQvBiKplYg_woozMSQkpCckAMyBHByb2RQgL2jAVoQQRJICocJr7237xnHgicXQnoChiuCAQJuag&amp;spec=0&amp;rkey=CAQSMEX8ThzOzSAnihCSHIVRsqLGhGnfurkInZebL4r68hVfKdXEqnRE5VBtJVcOhNyPzA,file_size=1413898]133ys
[20:24:23] 雨天绿粽子: [CQ:image,file={B876A884-547C-53C0-AB92-218463EA61DA}.jpg,subType=0,url=https://gchat.qpic.cn/gchatpic_new/3142330026/4122883592-2603126500-B876A884547C53C0AB92218463EA61DA/0?term=255&amp;is_origin=0,file_size=234703]116m
[20:26:09] Soleil: 116麦-77卡
[20:30:34] 芒果假面波奇酱: 61右
[20:31:49] 芒果假面波奇酱: 159yz
[20:34:32] 人間になりたい: 147yz
[20:36:47] ＞TIAMO＜: 130m[CQ:image,file=27972F36F3F618D6C06D29EC6FFEE7F9.png,subType=0,url=https://multimedia.nt.qq.com.cn/download?appid=1407&amp;fileid=EhR4g8fxJheLMaB1Kj-o3naUg0vD_hi9wTsg_woos7HIzJSckAMyBHByb2RQgL2jAVoQRe2dpJnO-w2cuDx84UWgEXoCaWOCAQJneg&amp;spec=0&amp;rkey=CAISMLs2mj_VrkyaUYBG0WTH7DzBOCxmmN34QkjX5LMnZtk-cmcHEeJKJf0gldiMxAJQgw,file_size=975037]
[20:36:47] 饕餮: [CQ:image,file=47CF05FFC0B49A7AE3C4A8144303C890.jpg,subType=1,url=https://multimedia.nt.qq.com.cn/download?appid=1407&amp;fileid=EhTwa_t38yFQGkeY86LC9-NlmEcsYBi4gQsg_woohenrzJSckAMyBHByb2RQgL2jAVoQ7-744-izFfkac92lMn1Ru3oCwOyCAQJuag&amp;spec=0&amp;rkey=CAISMLs2mj_VrkyaUYBG0WTH7DzBOCxmmN34QkjX5LMnZtk-cmcHEeJKJf0gldiMxAJQgw,file_size=180408]
[20:37:02] 曲音希: 166右上
[20:42:58] ＞TIAMO＜: [CQ:image,file=B8D294DACAEE0A15D3DF5D14A13AB957.png,subType=0,url=https://multimedia.nt.qq.com.cn/download?appid=1407&amp;fileid=EhT9oDMNl-k3Y5CzO4B3ETEUClDI7hjT5UUg_wooq_Gl_ZWckAMyBHByb2RQgL2jAVoQeqsLdI_3pyYO0ITtgluSC3oCHBuCAQJneg&amp;spec=0&amp;rkey=CAISMLs2mj_VrkyaUYBG0WTH7DzBOCxmmN34QkjX5LMnZtk-cmcHEeJKJf0gldiMxAJQgw,file_size=1143507]178z
[20:54:34] 、未来 晟功`）: 11右
[20:55:21] 南北: 11 145右
[20:58:18] Akyuu: 198yz
[20:59:32] kirakiradokidoki: 55卡
[20:59:55] 九色: 59k
[21:03:17] 人間になりたい: 68M
[21:09:28] 猫月: 2m
[21:14:54] 人間になりたい: 85Z
[21:17:51] 九色: 98ys
[21:21:31] ＞TIAMO＜: 122m
[21:30:54] 人間になりたい: 105yz
[21:33:12] hh。: 123右
[21:40:16] 钤科百合子: [CQ:image,file=6CC8E2915777EF159CB8F5FBCC6583E3.png,subType=0,url=https://multimedia.nt.qq.com.cn/download?appid=1407&amp;fileid=EhRXF7UlOV3vx6L_KRkvdEXDc_mz0RjO9V8g_woo_4CK5KKckAMyBHByb2RQgL2jAVoQov1mdJ8ZP526tj5fdpbBYnoCwiSCAQJuag&amp;spec=0&amp;rkey=CAQSMFntDXX87jeQ6orWhQy0vh9j7zVv06oGqKovvuNDfNp1w19HJ9gu3movIWNUhwgDaA,file_size=1571534]104m
[21:40:46] y: 99右
[21:46:48] 77oakr: [CQ:image,file=BAFF65233595E9EA311376FC7A340469.png,subType=0,url=https://multimedia.nt.qq.com.cn/download?appid=1407&amp;fileid=EhTi615C3IfBVoYqRvZMFPMYMc7OZxj_gUEg_wookf3OmKSckAMyBHByb2RQgL2jAVoQ2KaMEmRW2gL-99yF8emJH3oCeG-CAQJneg&amp;spec=0&amp;rkey=CAQSMFntDXX87jeQ6orWhQy0vh9j7zVv06oGqKovvuNDfNp1w19HJ9gu3movIWNUhwgDaA,file_size=1065215]190z
[21:49:40] ‭: 65卡
[21:52:09] hh。: 184yz
[22:03:13] 烧火棍，樱花糕与铁桶僵尸: 186y
[22:13:47] 木子李: 168右上
[22:13:53] ‭: 8麦
[22:17:31] 【Φόβος】: 75右
[22:18:18] 三面？！: 75y
[22:18:25] Soleil: 75右
[22:24:20] hh。: 30ya
[22:32:21] 是小刘同学: 86ka
[22:37:02] ٩̋(๑˃́ꇴ˂̀๑): 118卡
[22:39:14] 人間になりたい: 173m
[22:40:48] Soleil: 95帐篷
[22:42:47] Soleil: 18左
[22:43:18] 请笃信一个梦: 18右
[22:45:00] Soleil: 193右
[22:52:57] hh。: 106右
[23:04:26] hh。: 79ys
[23:09:13] 烧火棍，樱花糕与铁桶僵尸: 128zp
[23:11:13] Soleil: 91崖
[23:12:41] Soleil: 107卡
[23:14:41] Soleil: 156麦
[23:20:20] Soleil: 112右-114右上
[23:20:20] Luv: 15号
[23:37:48] Soleil: 167卡
[23:37:49] 冬兔: [CQ:image,file=084144108661C489CB40EF13B0B91BBF.jpg,subType=1,url=https://multimedia.nt.qq.com.cn/download?appid=1407&amp;fileid=EhRwpABe8nd4WGbYxjH7Teep63cUTBiawAEg_woonqaIiL2ckAMyBHByb2RQgL2jAVoQGfpv-S7x2yKI25RpSOoxU3oCmuyCAQJneg&amp;spec=0&amp;rkey=CAMSMMVlP3TWHbE5fAJMgyRyI0dJ5eO-lCc0CnqycAvc0cvA3wwapcHlFfQQmV8ozjR5VQ,file_size=24602]
[23:37:52] hh。: 168k
[23:54:02] hh。: 97zp
[23:55:42] Soleil: 135卡[CQ:image,file=CA766C9004533F40AF4B9235103E412B.png,subType=0,url=https://multimedia.nt.qq.com.cn/download?appid=1407&amp;fileid=EhROs5t2ikpdqhnUPsuy-LMAKWuyRhiVzQEg_woondKCiMGckAMyBHByb2RQgL2jAVoQo-EPzCQiS4znMhFLvdYDIXoCmtOCAQJneg&amp;spec=0&amp;rkey=CAMSMMVlP3TWHbE5fAJMgyRyI0dJ5eO-lCc0CnqycAvc0cvA3wwapcHlFfQQmV8ozjR5VQ,file_size=26261]
[23:59:23] 钤科百合子: 10z
