[00:05:00] 懒癌中毒: 98卡
[00:06:53] y: 23崖
[00:08:31] y: 116崖
[00:27:21] hh。: 33ya
[00:33:43] hh。: 147yz
[00:34:43] 木子李: 20右上
[00:56:25] ㅤㅤㅤㅤㅤㅤㅤㅤ朝花夕誓: 149zp
[01:04:25] hh。: 38麦
[01:04:43] 末島空晴: 43ya
[01:10:55] 冬筱: 7zp
[01:12:12] hh。: 7zp-65ys世界
[01:15:00] hh。: 14右
[01:21:34] hh。: 131ys
[01:24:20] hh。: 110卡
[01:28:28] ㅤㅤㅤㅤㅤㅤㅤㅤ朝花夕誓: 25zp
[01:37:52] 末島空晴: 140崖
[02:02:29] 冬筱: 124z
[02:05:47] Soleil: 124z-133卡
[02:11:54] : 17yz
[02:32:17] Soleil: 46ya
[02:33:54] Soleil: 46崖-62右
[02:43:18] 冬筱: 139zp
[02:47:37] 冬筱: 103右
[02:54:15] 冬筱: 26m
[06:20:00] Soleil: 51-58-68-74-76右上
[06:30:31] 已: 71右
[06:31:57] Soleil: 70-66右
[06:32:06] 已: 70-60右
[06:35:13] Soleil: 10右
[06:36:37] Soleil: 52右
[06:38:02] Soleil: 119-94右
[06:41:49] Soleil: 86崖
[06:43:10] Soleil: 31-118-33崖
[06:46:36] Soleil: 81-44-5-25-149帐篷
[06:51:31] Soleil: 35-48-50yz
[06:57:49] Soleil: 87麦
[06:58:21] Soleil: 90-93卡
[07:01:46] Soleil: 121右-36左
[07:12:29] Soleil: 108麦
[07:27:03] Soleil: 55右
[07:33:47] 烧火棍，樱花糕与铁桶僵尸: [CQ:image,file=7961CA960512452460BFAD3AFCF07926.png,subType=0,url=https://multimedia.nt.qq.com.cn/download?appid=1407&amp;fileid=EhS-dVF38klajvWkGvdpt0PCKFdTxRjF4S0g_wooqKORr7axkAMyBHByb2RQgL2jAVoQFnzYxSYziO0YRJ2_X8N4i3oCUV2CAQJuag&amp;spec=0&amp;rkey=CAISMLrvjYtxQg3GHw3qXmEx9W4PlWhHFsvMCqb1yHMKVihkDGgbMGrZV3-qiFQRX4fEdg,file_size=749765]112z
[07:41:33] 烧火棍，樱花糕与铁桶僵尸: 3yz
[08:05:04] ______Vincent.: 117yz
[08:05:24] 烧火棍，樱花糕与铁桶僵尸: 142-120z
[08:06:12] Silver♢: 75yz
[08:09:03] 饕餮: 56右
[08:14:15] ______Vincent.: 79卡
[08:14:57] ______Vincent.: 123崖 世界
[08:17:17] Silver♢: 95崖
[08:19:20] ______Vincent.: 8yz
[08:20:15] ______Vincent.: 91zp
[08:26:43] Silver♢: 129崖
[08:29:22] ______Vincent.: 132y
[08:39:21] ______Vincent.: 57zp
[08:43:22] Silver♢: 145麦
[08:58:29] Shaddoll_Naga: [CQ:image,file=DB8ABEB35EAF9B236FB2F26DB914C4CD.jpg,subType=1,url=https://multimedia.nt.qq.com.cn/download?appid=1407&amp;fileid=EhQGVp7dgjEfIYn2aNWHxngCPRKiXhiSihwg_woonraCp8mxkAMyBHByb2RQgL2jAVoQAgmV2tOH4X566ECEpnfis3oCeleCAQJneg&amp;spec=0&amp;rkey=CAISMLmhxrFcgNfkCPRycDxUXepooLMomo2lSOsEf9QtxDWm0obGZN3v-DVMWMkKpCgO9w,file_size=460050]41卡
[09:09:23] 晗子: 34左 世界
[09:12:15] 钤科百合子: 102卡
[09:19:55] Soleil: 53崖
[09:20:47] Soleil: 122右
[09:24:14] 苏: 32右上
[09:28:34] : 97左
[09:29:17] kirakiradokidoki: 69崖
[09:29:42] 苏: 60左
[09:30:55] : 130yz
[09:31:40] : 105左
[09:34:00] 采堇: 60崖-15左
[09:34:46] : 60-105左
[09:37:17] 钤科百合子: 89y
[09:39:00] : 109 左
[09:43:23] 苏: 82右
[09:44:22] kirakiradokidoki: 134左-82右
[09:45:59] Silver♢: 54yz
[09:53:04] Silver♢: 96右上
[09:53:07] Silver♢: 28zp
[10:08:33] 苏: 104右上
[10:11:39] kirakiradokidoki: 29左
[10:20:09] 采堇: 64yz
[10:26:34] 苏: 49卡
[10:35:52] 苏: 128右上
[11:14:15] 苦命鹦鹉: 88右上
[11:56:19] 纸月: 1右
[11:57:44] Soleil: 1右-41崖
[11:58:32] 纸月: 6yz
[12:01:38] Soleil: 4麦
[12:03:26] Soleil: 150-144-140-139-138卡
[12:04:26] ______Vincent.: 62yz
[12:04:36] 莫染: 3崖
[12:05:24] Soleil: 144-140-139-138-77卡
[12:07:17] 采堇: 57右
[12:07:26] Soleil: 139-138-77-134-129卡
[12:09:58] Soleil: 77-134-129-126-123卡
[12:11:45] Soleil: 129-126-123-118-103卡
[12:13:08] Soleil: 123-118-103-99-91卡
[12:14:08] Soleil: 118-103-99-91-89卡
[12:15:10] Soleil: 103-99-91-89-85卡
[12:16:16] Soleil: 99-91-89-85-75卡
[12:17:15] Soleil: 91-89-85-75-74-42卡
[12:21:11] 狸沐: 90左上
[12:22:05] Soleil: 149-146-143-131-122-119麦
[12:24:27] Soleil: 143-131-122-119-111麦
[12:24:30] 霸、、、霸王洗发水: 40右上世界
[12:25:28] Soleil: 131-122-119-111-107麦
[12:27:01] Soleil: 119-111-107-105-100-98-81麦
[12:29:13] Soleil: 107-105-100-98-81-79麦
[12:30:15] Soleil: 105-100-98-81-79-67麦
[12:31:10] Soleil: 100-98-81-79-67-55麦
[12:31:53] Soleil: 98-81-79-67-55-36麦
[12:32:11] Soleil: 81-79-67-55-36-23-21-17-16麦
[12:34:09] Soleil: 141-133-113-112-94崖
[12:35:42] 纸月: 72崖
[12:36:12] Soleil: 72-27-19崖
[12:36:55] Soleil: 44-27-19崖
[12:39:08] 徒花: 19-133ya
[12:39:25] Soleil: 125-92-58-29zp
[12:39:26] 霸、、、霸王洗发水: 81m世界
[12:39:51] 木子李: 2崖
[12:39:53] 塔兹米.: 60yz
[12:43:13] Soleil: 14-53-60-145yz
[12:47:11] Soleil: 24-25-28-49-56-97ys
[12:52:42] Soleil: 7-22-31-35-54右
[12:55:28] Soleil: 31-35-54-65右
[12:58:14] Soleil: 114-76-70-68-37左
[13:01:56] Soleil: 68-37左 83右
[13:05:09] Soleil: 52右
[13:08:03] Soleil: 55-10麦
[13:09:44] Soleil: 然后8-9zp
[13:10:49] Soleil: 8-9帐篷
[13:15:48] ______Vincent.: 69yz
[13:21:44] hh。: 104yz
[13:24:26] ______Vincent.: 102-101右
[13:28:42] 冬筱: 106ys
[13:30:55] hh。: 96-108-109左
[13:32:36] VCMellon: 121yz-88卡
[13:37:03] VCMellon: 86m
[13:37:44] 乐意: 87卡
[13:41:02] hh。: 110zp
[13:42:02] hh。: 110-147zp
[13:42:24] VCMellon: 120卡
[13:42:26] hh。: 110-124-147zp
[13:45:25] ______Vincent.: 116-130yz
[13:49:04] hh。: 98-127-148麦
[13:52:05] VCMellon: 113y
[13:54:45] ______Vincent.: 141y
[13:56:26] ٩̋(๑˃́ꇴ˂̀๑): 136左 117右
[13:59:21] ______Vincent.: 142-132zp
[14:02:31] hh。: 95-94-93崖
[14:09:45] ______Vincent.: 71-73zp
[14:17:43] hh。: 82卡 84麦
[14:22:57] hh。: 61-64-65右
[14:23:56] VCMellon: 63y 世界
[14:30:50] hh。: 48y-47z-46卡
[14:32:13] hh。: 48y-47z-50ys-46卡
[14:34:43] VCMellon: 135-137右
[14:35:59] hh。: 50ys-34ys-46卡
[14:41:42] VCMellon: 32y
[14:41:46] ______Vincent.: 46卡 32y-33yz
[14:46:19] hh。: 112y 115z
[15:27:04] 毛卡DuD: 36m-38卡-39zp
[15:43:26] ______Vincent.: 66z 67麦
[15:54:09] 采堇: 128yz
[19:27:36] 钤科百合子: 79m
[19:31:11] ______Vincent.: 80zp
[19:35:13] ______Vincent.: 78y
