[00:13:16] 末島空晴: 55z
[00:16:43] 想要莉莉丝: 24卡
[00:23:23] 想要莉莉丝: 33帐篷
[00:23:42] 想要莉莉丝: 33-46帐篷
[00:26:19] 想要莉莉丝: 100帐篷
[00:35:26] 末島空晴: 49崖
[00:37:39] 想要莉莉丝: 49y-61麦
[00:45:09] 末島空晴: 96崖
[00:49:12] 77oakr: 88z
[00:59:32] 冬筱: 57右
[01:07:36] 小狐星: 3ya
[01:07:39] 冬筱: 74z
[01:19:31] 77oakr: 16y
[01:21:10] 想要莉莉丝: 16y-89卡
[01:31:30] 冬筱: 25zp
[01:37:34] Shaddoll_Naga: 73zp
[01:44:10] 77oakr: 32z
[01:58:44] Shaddoll_Naga: 82麦
[02:12:25] Shaddoll_Naga: 76yz
[02:19:16] Shaddoll_Naga: 90崖
[03:45:46] 77oakr: 14右
[04:48:32] 77oakr: 9z
[05:09:52] 钤科百合子: 2yz
[05:51:32] 77oakr: 53k
[06:04:34] 77oakr: 37y
[07:26:43] 金平糖: 13右
[07:53:15] 77oakr: 94y
[08:23:59] 钤科百合子: 35zp
[09:19:30] 毛卡DuD: 17yz
[09:48:12] 毛卡DuD: 92zp
[10:05:53] 毛卡DuD: 20z
[10:24:48] 毛卡DuD: 12y
[10:33:16] 毛卡DuD: 62右
[12:01:15] 冬筱: 77右
[12:05:44] 冬筱: 86麦
[13:21:56] 末島空晴: &#91;存活&#93;&#91;小猪·闪闪&#93;·&#91;安德拉驿站&#93; 70 70驿站
[13:28:41] ______Vincent.: 28zp
[13:40:23] ______Vincent.: 29麦
[13:43:30] ______Vincent.: 67z 22右
[13:54:32] ______Vincent.: 26zp 60yz
[14:24:48] ______Vincent.: 63-75zp
[14:58:31] 毛卡DuD: 83右
[15:28:28] 冬筱: 56崖
[15:33:07] ______Vincent.: 30ys
[15:39:49] ______Vincent.: 80zp
[15:43:20] ______Vincent.: 1yz
[15:51:10] ______Vincent.: 5z
[16:42:04] 毛卡DuD: 43yz
[17:05:45] 钤科百合子: 58麦
[17:09:53] 毛卡DuD: 87y
[17:10:24] 金平糖: 93z
[17:14:52] 木子李: 10z
[17:25:02] 毛卡DuD: 48卡
[17:27:51] 冬筱: 52yz
[17:30:25] Shaddoll_Naga: 47z
[17:36:17] 木子李: 19左
[17:44:57] hh。: 84zp
[17:47:15] 末島空晴: 打完40右 4卡
[17:47:58] hh。: 40右 4卡
[18:05:46] Shaddoll_Naga: 59z
[18:11:02] hh。: 66zp
[18:20:46] hh。: 38麦
[18:50:40] 毛卡DuD: 42卡
[18:53:42] 毛卡DuD: 95卡
[19:03:04] 木子李: 97左
[19:11:49] hh。: 81yz
[19:17:58] 冬筱: 39z
[20:12:08] 金平糖: 36y
[20:31:53] hh。: 27m
[20:35:14] hh。: 45m
[20:37:24] hh。: 65zp 51右
[20:40:05] 狐狸要乖: 33m
[20:40:11] 狐狸要乖: 27m
[20:50:44] 木子李: 15右上
[21:00:22] hh。: 50卡
[21:17:01] ______Vincent.: 91卡
[21:20:29] hh。: 69yz
[21:37:33] ______Vincent.: 71卡
[21:40:04] hh。: 8yz
[22:00:20] 末島空晴: 21y
[22:15:58] hh。: 44ys
[22:56:16] M̶r̶.̶J̶a̶v̶s̶e̶n̶: 85-96卡
[23:00:56] M̶r̶.̶J̶a̶v̶s̶e̶n̶: 16yz
[23:03:23] 3W_AwayOne: 79y
[23:04:16] M̶r̶.̶J̶a̶v̶s̶e̶n̶: 72-100zp
[23:07:12] /fd: 74zp
[23:09:00] M̶r̶.̶J̶a̶v̶s̶e̶n̶: 98右
[23:10:26] .: 18左
[23:10:55] M̶r̶.̶J̶a̶v̶s̶e̶n̶: 18-31左
[23:33:35] M̶r̶.̶J̶a̶v̶s̶e̶n̶: 61卡
[23:36:37] 金平糖: 49ys
