[00:58:03] 我是你哥。: 2k
[03:04:05] Shaddoll_Naga: 11ys
[03:18:56] Shaddoll_Naga: 15zp
[03:21:29] Shaddoll_Naga: 15zp 10卡
[03:30:35] 夜雪: 20k
[11:05:11] : 21卡[CQ:image,file=FF7A43F3142A151B16862BDC0DE612F1.png,subType=0,url=https://multimedia.nt.qq.com.cn/download?appid=1407&amp;fileid=EhT1KFHi7PQ1ovmkjFmRFDJALpk5vhiAiSMg_woo-c237r3SkAMyBHByb2RQgL2jAVoQFqA6V1_Zc7l1hr8ocZWWu3oC7cyCAQJneg&amp;spec=0&amp;rkey=CAESMDGb9YMgYD1BGCpu6frbUaQZJ7FcF-zKlwFhSfjkrxuZ8RKqZVN5KEvusAo3QyhCNg,file_size=574592]
[11:13:10] ______Vincent.: 30m
[11:19:34] ______Vincent.: 28崖
[11:38:53] : 49麦田[CQ:image,file=93210D725F272802A50AB8DC3D70780A.png,subType=0,url=https://multimedia.nt.qq.com.cn/download?appid=1407&amp;fileid=EhT-5Rm24QomVpLeC0d-DX_c_Q5kTBjs0Bog_woo1dyTs8XSkAMyBHByb2RQgL2jAVoQ8yON9oF8W6phzOlbP9mRpHoCseqCAQJneg&amp;spec=0&amp;rkey=CAESMCBBY4WhWjcEfjxPamsdaGUj3rw8eCkpp8qAdWXmbyRcHBMxRM0r6PrvOfESReYJig,file_size=436332]
[11:51:27] : 39卡[CQ:image,file=64472E8DED158B3C902B9AA9B11976DE.png,subType=0,url=https://multimedia.nt.qq.com.cn/download?appid=1407&amp;fileid=EhTV7H8xAr6AlUW0e9Ljn2kLFxB_DBjw2CAg_woorebmmsjSkAMyBHByb2RQgL2jAVoQGW-7qXPYGIgamEExpPOts3oCD8yCAQJneg&amp;spec=0&amp;rkey=CAESMCBBY4WhWjcEfjxPamsdaGUj3rw8eCkpp8qAdWXmbyRcHBMxRM0r6PrvOfESReYJig,file_size=535664]
[11:51:39] 想要莉莉丝: 39卡-80崖
[11:58:56] Shaddoll_Naga: 79崖
[12:02:19] ______Vincent.: 66yz
[12:07:43] ______Vincent.: 2zp
[12:09:00] : 31卡[CQ:image,file=C4648B6BA68DC6919C6785F6CBF22099.png,subType=0,url=https://multimedia.nt.qq.com.cn/download?appid=1407&amp;fileid=EhQP3BDn-ip49zMmk9qiZbnOifn05xjNni0g_wooxZCwkMzSkAMyBHByb2RQgL2jAVoQtPKuacFTBGQV8XpuNSvsN3oCcziCAQJneg&amp;spec=0&amp;rkey=CAESMCBBY4WhWjcEfjxPamsdaGUj3rw8eCkpp8qAdWXmbyRcHBMxRM0r6PrvOfESReYJig,file_size=741197]
[12:26:49] ______Vincent.: 34yz
[12:28:32] : 20卡[CQ:image,file=C0D0A619376182DC87181B27B0ACEA3F.png,subType=0,url=https://multimedia.nt.qq.com.cn/download?appid=1407&amp;fileid=EhRYwz85wctWVnmceuDA_5PJ0khV_xiQgA0g_wooitPev9DSkAMyBHByb2RQgL2jAVoQ3SdX330CS-8s6LGK9FPKTnoCaV-CAQJneg&amp;spec=0&amp;rkey=CAISMOycmqWXBY4EspwnAn1euPe4mUJmyyLB7Cad8G_LiFeOzpHdxlnHhfN8gHNCAmaHpg,file_size=213008]
[12:44:07] : 42m
[12:48:17] ______Vincent.: 7ys
[12:48:44] hh。: 8m-7ys
[12:59:55] : 77帐篷[CQ:image,file=61F42D725A142B1697567E6D50DF0ECE.png,subType=0,url=https://multimedia.nt.qq.com.cn/download?appid=1407&amp;fileid=EhQI99_bGWlyZJa8S3NQhZxqXag-xRjNgyAg_woo1OukwNfSkAMyBHByb2RQgL2jAVoQUHDl5Qr11kOwvnL11GYHzHoCxneCAQJneg&amp;spec=0&amp;rkey=CAISMOycmqWXBY4EspwnAn1euPe4mUJmyyLB7Cad8G_LiFeOzpHdxlnHhfN8gHNCAmaHpg,file_size=524749]
[13:13:38] : 70右上[CQ:image,file=C741A6A2ACF6D3452608DA9F11F51270.png,subType=0,url=https://multimedia.nt.qq.com.cn/download?appid=1407&amp;fileid=EhTzyTYQ6fRVhX8bCB6sUld1BjdoxBjvjg8g_woo-tH9ydrSkAMyBHByb2RQgL2jAVoQKxEYnCXFOQ6Nbehkum81r3oCxcWCAQJneg&amp;spec=0&amp;rkey=CAESMPmhyAnWgwx2InH6hnkc-HuB1eqJU_6EjgAcZh-voWShACFJBYfQkX4QRxj94CJIGA,file_size=247663]
[13:18:21] : 69帐篷[CQ:image,file=246BE0DC3D2A3205E4E1B4909A1B04DE.png,subType=0,url=https://multimedia.nt.qq.com.cn/download?appid=1407&amp;fileid=EhS1CP8az4JkX0UmuwxGXPFnCuWZIhih2xkg_wooqJ_P0NvSkAMyBHByb2RQgL2jAVoQiaZHRNZXeK6YkZJW4NoB7XoCPj-CAQJneg&amp;spec=0&amp;rkey=CAESMPmhyAnWgwx2InH6hnkc-HuB1eqJU_6EjgAcZh-voWShACFJBYfQkX4QRxj94CJIGA,file_size=421281]
[13:21:07] : 67驿站[CQ:image,file=0DCA57C672B3F6854B430BDA54DC049B.png,subType=0,url=https://multimedia.nt.qq.com.cn/download?appid=1407&amp;fileid=EhTE0cQiiBvA1pNAVfXGu2_591ybnBjcwhkg_woomvmQoNzSkAMyBHByb2RQgL2jAVoQ-Z3lXfV24tHeJsDSGOcXw3oCbQGCAQJneg&amp;spec=0&amp;rkey=CAESMPmhyAnWgwx2InH6hnkc-HuB1eqJU_6EjgAcZh-voWShACFJBYfQkX4QRxj94CJIGA,file_size=418140]
[13:29:50] : 63卡[CQ:image,file=9F95A822A9CFCD1177D8261A230909F3.png,subType=0,url=https://multimedia.nt.qq.com.cn/download?appid=1407&amp;fileid=EhQ21ExGKmfDV-2DN0kQ69ee1VapNxjtlA8g_woo3I6omd7SkAMyBHByb2RQgL2jAVoQrFuc2jjxOdAMkUvE-2Ul7HoCYeGCAQJneg&amp;spec=0&amp;rkey=CAESMPmhyAnWgwx2InH6hnkc-HuB1eqJU_6EjgAcZh-voWShACFJBYfQkX4QRxj94CJIGA,file_size=248429]
[13:37:56] : 60帐篷[CQ:image,file=D0390B469F9C98734C6CBD530063F6BC.png,subType=0,url=https://multimedia.nt.qq.com.cn/download?appid=1407&amp;fileid=EhRMx1EBg1mf-cmmldcCaIZRjePK9Ri6uBAg_woo9cmRgeDSkAMyBHByb2RQgL2jAVoQrlilF3Fp6srYHDJv8nwwy3oCrfOCAQJneg&amp;spec=0&amp;rkey=CAESMPmhyAnWgwx2InH6hnkc-HuB1eqJU_6EjgAcZh-voWShACFJBYfQkX4QRxj94CJIGA,file_size=269370]
[13:42:05] hh。: 76麦
[13:45:10] 马蚤犭苗娜塔莉娅: 17右
[13:51:45] hh。: 6卡
[13:52:36] : 54卡[CQ:image,file=FCE4598276F5CCE6B71F4518D81F8C79.png,subType=0,url=https://multimedia.nt.qq.com.cn/download?appid=1407&amp;fileid=EhRN4QaNsDnJfIxe_p5VP1EchYw0KRi11Ccg_woo4eDSpOPSkAMyBHByb2RQgL2jAVoQJioHd8GBtmfyQXIqh9SGAHoCIgOCAQJneg&amp;spec=0&amp;rkey=CAESMPmhyAnWgwx2InH6hnkc-HuB1eqJU_6EjgAcZh-voWShACFJBYfQkX4QRxj94CJIGA,file_size=649781]
[13:56:40] hh。: 16卡
[14:01:55] : 51驿站[CQ:image,file=5BC511D8205F619EFF41E32E10A37FBB.png,subType=0,url=https://multimedia.nt.qq.com.cn/download?appid=1407&amp;fileid=EhT9MPSHoxlLNpG4-8s2kJZ6_YNtYxiNyxMg_woohvy3r-XSkAMyBHByb2RQgL2jAVoQLbWd8kRkp_GFC8utqA5wlHoCwsOCAQJneg&amp;spec=0&amp;rkey=CAESMPmhyAnWgwx2InH6hnkc-HuB1eqJU_6EjgAcZh-voWShACFJBYfQkX4QRxj94CJIGA,file_size=320909]
[14:05:12] hh。: 19右
[14:07:03] : 48侦察左[CQ:image,file=5817C5E85AB5320D69B6E52EF6903C2D.png,subType=0,url=https://multimedia.nt.qq.com.cn/download?appid=1407&amp;fileid=EhQQZu66xt1TS7XQbr-7jS1kFcWoFRjZ2hMg_woosZD8webSkAMyBHByb2RQgL2jAVoQDKj_U1YAvAicn5ytPZlHnXoCv1yCAQJneg&amp;spec=0&amp;rkey=CAESMPmhyAnWgwx2InH6hnkc-HuB1eqJU_6EjgAcZh-voWShACFJBYfQkX4QRxj94CJIGA,file_size=322905]
[14:16:25] : 40右上[CQ:image,file=A91343EF5D03EFA882DFEDE45EF7F599.png,subType=0,url=https://multimedia.nt.qq.com.cn/download?appid=1407&amp;fileid=EhQL_Kx4tBFS7ZOI7feJUFO_2BvHbRj03xAg_woozbStzujSkAMyBHByb2RQgL2jAVoQzBQcHPvaZxS51pqGpZcGYXoCRXmCAQJneg&amp;spec=0&amp;rkey=CAISMB5tHwOhVjPA5IYM98pTzaHvtSuxEDEGWn7t_j3hOoQOLrFK6FYBsjR87K2-58GXIw,file_size=274420]
[14:20:47] M̶r̶.̶J̶a̶v̶s̶e̶n̶: 9帐篷 大饼&#93;
[14:37:50] hh。: 57yz
[14:41:44] : 25侦察左[CQ:image,file=53EEAE77A5480BF80DC2572AF195215A.png,subType=0,url=https://multimedia.nt.qq.com.cn/download?appid=1407&amp;fileid=EhTqNQJfZBzVfsLf6-A2m3rzC7Oj2xjNuRwg_wooibKqou7SkAMyBHByb2RQgL2jAVoQTGgQPWfE8bODDtbaX34IlXoCgzCCAQJneg&amp;spec=0&amp;rkey=CAISMB5tHwOhVjPA5IYM98pTzaHvtSuxEDEGWn7t_j3hOoQOLrFK6FYBsjR87K2-58GXIw,file_size=466125]
[14:48:49] hh。: 59yz
[14:52:16] : 18卡[CQ:image,file=050CD9CA5FBECDCDEAF6DDF517303217.png,subType=0,url=https://multimedia.nt.qq.com.cn/download?appid=1407&amp;fileid=EhQa-g4s7kP_ttENOsV__NDugEBlxhiY1hEg_woo0uSF0PDSkAMyBHByb2RQgL2jAVoQfv4W2NKL3_UKIAz-fUXyWnoCO0eCAQJneg&amp;spec=0&amp;rkey=CAISMB5tHwOhVjPA5IYM98pTzaHvtSuxEDEGWn7t_j3hOoQOLrFK6FYBsjR87K2-58GXIw,file_size=289560]
[14:57:18] hh。: 71麦
[14:59:23] : 1卡 5zp
[15:07:47] ______Vincent.: 3z
[15:26:02] 叮咚鸡: 50zp
[15:26:03] : 64帐篷[CQ:image,file=FC3AAD26769FD8320F684C8B330DD430.png,subType=0,url=https://multimedia.nt.qq.com.cn/download?appid=1407&amp;fileid=EhQNp71C6VFItalH1xfZQYJh0tILORjW-xkg_wooiKGUlvjSkAMyBHByb2RQgL2jAVoQlpOT7kSiZx3h02_eaFB4i3oCFvSCAQJneg&amp;spec=0&amp;rkey=CAISMFUO9KDD_724SvKYXKPWhk7oVYNgPmU4iUgyhfRufEZNRw3eAbgo_OBxqPgFF01iJA,file_size=425430]
[15:41:08] hh。: 12yz
[15:43:58] 灯晚°: 78y
[15:45:15] hh。: 65ya
[15:48:29] hh。: 26z
[15:56:29] ______Vincent.: 35k
[16:06:46] hh。: 75ya
[16:09:11] ______Vincent.: 62ys
[16:12:11] ______Vincent.: 74yz
[16:18:07] 鱼猫酱: 13yz
[16:30:12] 冬筱: 14右
[16:30:23] 金平糖: 56yz
[16:31:09] 想要莉莉丝: 22驿站世界
[16:31:34] ______Vincent.: 14右 22-56yz 45m
[16:44:41] 金平糖: 38zp
[17:05:41] 金平糖: 4卡 37右
[17:20:18] ______Vincent.: 24z
[17:25:03] hh。: 27右
[17:33:58] hh。: 68右
[17:47:49] 金平糖: 52-61m
[17:55:18] 金平糖: 29zp
[18:32:28] 金平糖: 32ys
[18:37:14] : 55侦察右[CQ:image,file=95C265293D6D1C21EE5F0F37FDC69A20.png,subType=0,url=https://multimedia.nt.qq.com.cn/download?appid=1407&amp;fileid=EhTlBy8cD3n7InKSP8RKDjK5phG2GBithRMg_wookp7N86LTkAMyBHByb2RQgL2jAVoQZ6AOjpdIC-NLktvXxHnDqHoCXBmCAQJneg&amp;spec=0&amp;rkey=CAQSMCWgVuuiE7CUx8X89xtR9wpX7wEXtgT99X3Hrwq_x72l0v24gvAwEntlEYfck0oUXA,file_size=311981]
[18:41:55] 金平糖: 43yz
[19:03:41] 想要莉莉丝: 33y
[19:04:08] 金平糖: 33-36崖
[19:10:15] 毛卡DuD: 72右
[19:12:46] 毛卡DuD: 47左
[19:15:33] 半醒的狐狸: 64左
[19:16:20] 毛卡DuD: 53zp
[19:18:51] 毛卡DuD: 58麦
[19:20:02] kirakiradokidoki: 64卡
[19:53:54] : 44崖[CQ:image,file=E36B276A5C36AD9E0F815E7AC4E7D77A.png,subType=0,url=https://multimedia.nt.qq.com.cn/download?appid=1407&amp;fileid=EhSHOMsBCMLqJNwaVhzkx00uoDlUZxiu0RIg_wooyca6hbTTkAMyBHByb2RQgL2jAVoQNkdvNNSMAJKlsdA85FQUHXoC6RiCAQJneg&amp;spec=0&amp;rkey=CAISMNjKs8Aj8re7b4-L11WiHRavOxACYHrAl3GeCYJCHe1C8X0cGjglugShNW_lAi9dhg,file_size=305326]
[20:05:06] : 73帐篷[CQ:image,file=905A6EC50A7523938D317FB1F277D94B.png,subType=0,url=https://multimedia.nt.qq.com.cn/download?appid=1407&amp;fileid=EhQHYu-nhqWWuX-PzNbEsEWT6TM6nhjb5A4g_woo_IDbxbbTkAMyBHByb2RQgL2jAVoQlYVrbJ4aURduSfqJuiCI_noCsD-CAQJneg&amp;spec=0&amp;rkey=CAISMNjKs8Aj8re7b4-L11WiHRavOxACYHrAl3GeCYJCHe1C8X0cGjglugShNW_lAi9dhg,file_size=242267]
[20:09:42] 金平糖: 23卡
[20:31:35] : 41卡[CQ:image,file=8DD78585A96B05339DA85BAF60C46941.png,subType=0,url=https://multimedia.nt.qq.com.cn/download?appid=1407&amp;fileid=EhTF07vhHrLpdPTT_bCS4R8ue4ZKRRizrBog_woo2MzMu7zTkAMyBHByb2RQgL2jAVoQfYbgbnO_DgYxbZ_mb_rJ2noC-k2CAQJneg&amp;spec=0&amp;rkey=CAISMNjKs8Aj8re7b4-L11WiHRavOxACYHrAl3GeCYJCHe1C8X0cGjglugShNW_lAi9dhg,file_size=431667]
[20:41:27] : 46麦田[CQ:image,file=0DF2BF4AF196121808CBEAF88A90C337.png,subType=0,url=https://multimedia.nt.qq.com.cn/download?appid=1407&amp;fileid=EhRvmvRdjuOWjqrIVageBlxcNcmFnRi5vBYg_woo1PLu1b7TkAMyBHByb2RQgL2jAVoQViJKVe3rBxQPXl7Z0HvFXHoCJpqCAQJneg&amp;spec=0&amp;rkey=CAISMNjKs8Aj8re7b4-L11WiHRavOxACYHrAl3GeCYJCHe1C8X0cGjglugShNW_lAi9dhg,file_size=368185]
