[10:58:33] hh。: 2右
[10:59:13] Minor沬絾年: 世界1yz
[11:00:09] hh。: 2右-1-3yz
[11:00:45] hh。: 2右-1-3-4yz
[11:05:08] hh。: 4yz 6-8-10zp
[11:08:43] hh。: 10zp 5ys 9右 7k
[11:13:10] 卡布达不卡: 10zp 5ys 9右 7k  这几个还在，啊
[11:13:14] hh。: 7卡 34右
[11:13:40] ✨: [CQ:image,file=6F95E19781D49DE5445333DA91EC5728.png,subType=0,url=https://multimedia.nt.qq.com.cn/download?appid=1407&amp;fileid=EhT4Yw8XfoSZGxvWDKF1ek_kYZ3sCBjqkN4BIP8KKKeb4LGukZEDMgRwcm9kUIC9owFaEHz5hE4vXX1NAsSJCHHuLUh6AgOCggECZ3o&amp;spec=0&amp;rkey=CAISMJrccsvtmEQvlwkrDujBQmeHuGXJ5NfhsYLLbOvG5p9U8OsUEjQita0zgLkzfVvT-w,file_size=3639402]34y-11-16-30-38卡
[11:17:02] hh。: 30-38-43卡
[11:18:18] hh。: 38-43-61-69卡
[11:20:14] hh。: 61-69-73-76卡
[11:23:54] hh。: 47-59-64-72ys
[11:25:39] Shaddoll_Naga: 48右 世界
[11:27:46] hh。: 72-78-80右上
[11:30:14] hh。: 21-23-24ys
[11:31:52] hh。: 23-24-26-29ys
[11:35:23] hh。: 79-70-37-34右
[11:38:50] hh。: 12-14-15zp
[11:40:13] hh。: 14-15-18-25帐篷
[11:42:54] hh。: 18-25-31帐篷
[11:44:17] hh。: 31-67-71帐篷
[11:46:17] hh。: 71-75-77帐篷
[11:49:37] hh。: 77帐篷 32-36-40驿站
[11:52:21] hh。: 40-45-46-49驿站
[11:54:56] hh。: 46-49-50-60驿站
[11:58:41] hh。: 20-27-53-57麦田
[12:02:42] hh。: 57麦田 13-19-22左
[12:05:52] hh。: 22-28-33-35左
[12:08:56] hh。: 35-39-51-52左
[12:12:04] hh。: 52-55-56-62左
[12:14:35] hh。: 56-62-65-74左
[12:18:05] hh。: 74左 17-42-54-58崖
[12:21:04] hh。: 54-58-63-66-68崖
