[00:08:07] ______Vincent.: 72zp
[02:51:51] Smile＇.。❤: 46右
[08:19:09] 金平糖: 15ys
[12:02:42] ______Vincent.: 17zp 有只遁地金猪
[12:21:07] 钤科百合子: 29z
[13:40:31] : 62m
[13:42:24] 你没有活干吗😡😡: 17剑 23 36麦
[13:50:24] hh。: 38右
[13:57:37] クロコ: 21卡
[14:01:26] hh。: 7zp
[14:10:41] : 2崖
[14:12:53] 陌影久念: 39麦
[14:14:45] hh。: 78zp
[14:32:27] hh。: 52z
[14:55:33] 已: 35yz
[15:00:02] hh。: 56zp
[15:05:01] hh。: 20卡
[15:21:50] 想要莉莉丝: 39右上
[15:22:58] hh。: 39右
[15:25:00] hh。: 66ys
[15:28:05] hh。: 28z
[15:33:29] kirakiradokidoki: 51卡
[15:44:56] hh。: 6崖
[15:54:23] /fd: 40m
[15:57:17] hh。: 42m
[16:33:09] : 53卡
[16:36:52] hh。: 50ys
[16:41:40] hh。: 30ya
[16:44:27] : 69卡
[16:46:27] hh。: 69-5卡
[16:50:19] .: 61zp
[16:51:35] hh。: 31-64崖
[17:00:27] Clong: 8右 世界
[17:19:04] /fd: 27zp
[17:23:22] Smile＇.。❤: 77zp
[17:26:41] /fd: 16崖
[17:45:25] /fd: 9卡
[17:45:50] 山茶铺子: 1卡
[17:48:30] /fd: 25卡
[17:57:25] 钤科百合子: 60右
[18:00:58] hh。: 57驿站
[18:10:47] 金平糖: 74卡
[18:14:16] hh。: 48ya
[18:22:05] 金平糖: 45y
[18:26:37] hh。: 12zp
[18:26:54] 金平糖: 12-79zp
[18:39:35] hh。: 68zp
[18:59:03] 山茶铺子: 44ya
[19:02:46] hh。: 23卡
[19:11:48] 阿杰: 1右
[19:20:19] 钤科百合子: 43右
[19:36:03] 金平糖: 67麦
[19:40:21] 芒果假面波奇酱: 70卡
[19:58:58] 123: 34麦
[20:03:15] 濑邺: 63ys
[20:03:37] 阿杰: 37zp
[20:09:06] 金平糖: 26崖
[20:44:07] 金平糖: 59麦
[20:44:34] 金平糖: 59麦-33-65z
[20:52:50] 金平糖: 4ys
[20:57:42] 金平糖: 13yz
[21:00:36] 金平糖: 19m
[21:22:26] ______Vincent.: 75m
[21:22:49] 金平糖: 75m 76-3ys
[21:28:34] 金平糖: 76-3-22ys
[21:32:18] ______Vincent.: 47zp
[22:01:49] Zombie cat: 49右
[22:03:13] ______Vincent.: 49右 80ys
[22:09:02] ______Vincent.: 41ys
[22:14:19] ______Vincent.: 54右
[22:24:31] 123: 73y
[22:32:56] 123: 10ys
[22:44:05] ‭: 18麦
[23:14:09] 金平糖: 14ys
[23:56:46] 金平糖: 36卡
