[10:11:47] 金平糖: 33-53-68右
[10:18:15] 金平糖: 68右 13-19-37z
[10:25:39] 金平糖: 78-76-71zp
[10:28:13] 金平糖: 76-71-67zp
[10:29:56] 金平糖: 71-67-10zp
[10:41:03] 金平糖: 1-7-36yz
[10:45:50] 金平糖: 36yz 6k
[10:48:48] 金平糖: 52-69m
[12:01:46] 金平糖: 22-46-51崖
[12:05:43] 金平糖: 46-51-58崖
[12:08:03] 金平糖: 51-58-66崖
[12:11:55] 金平糖: 66崖 5-20-54右
[12:18:52] 金平糖: 9-35-44ys
[12:24:02] 金平糖: 61左
[12:25:47] 金平糖: 23-63-70卡
[12:29:43] 金平糖: 70卡 24-65m
[12:32:55] 金平糖: 65m 17-73zp
[12:37:38] 金平糖: 34-41-45yz
[12:39:32] 金平糖: 41-45-48yz
[12:40:56] 金平糖: 45-48-64yz
[12:42:21] 金平糖: 48-64-75-77yz
[13:51:44] hh。: 15-38卡
[13:58:32] hh。: 30-47-49麦
[14:05:21] hh。: 8-12-16帐篷
[14:10:54] hh。: 16-42-57-74zp
[14:17:08] hh。: 32右 21-27ys
[14:22:01] hh。: 27ys-55z
[14:24:24] hh。: 3-18-29-39卡
[15:12:14] hh。: 26zp
[15:15:02] hh。: 26zp  28-31-59yz
[15:22:50] hh。: 59yz 4崖
[15:25:33] hh。: 4崖 25-40-56z
[15:29:03] hh。: 25-40-50-56z
[15:31:52] hh。: 50-56-79z
[15:37:27] hh。: 14-60ys
[15:40:41] hh。: 60ys 62-72-80右
[15:43:28] hh。: 72-80右 43卡
[15:57:24] 金平糖: 11卡
[19:03:36] 彼岸: 80ys
[19:05:36] 落樱不逝待君归: 2ys
[19:05:38] 纸月: 4yz
[19:05:51] 末島空晴: 3-7 崖
[19:06:35] 落樱不逝待君归: 80-2ys 4yz 3-7崖
[19:06:42] Shaddoll_Naga: 6ys
[19:07:06] Shaddoll_Naga: 2-6-10ys 4yz 3-7崖
[19:07:56] 彼岸: 1zp
[19:07:58] 想要莉莉丝: 8卡
[19:08:58] Shaddoll_Naga: 6-10-9ys 4yz 3-7崖 8卡
[19:14:35] 毛卡DuD: 7崖 8卡 1zp 5右
[19:19:18] 毛卡DuD: 19-23-43-53-76右
[19:23:45] 金平糖: 76右 24-46ys
[19:24:34] 金平糖: 24-46-62右上
[19:25:16] 金平糖: 46-62-64右上
[19:27:24] 金平糖: 16-33-61左
[19:29:19] 金平糖: 33-61-65左
[19:30:08] 金平糖: 61-65-67左
[19:35:48] 金平糖: 11-18-21驿站
[19:37:59] 纸月: 41yz
[19:39:24] 金平糖: 35yz
[19:41:08] 金平糖: 73-79m
[19:42:52] 金平糖: 79m-54y
[19:46:00] 纸月: 20y
[19:49:28] 金平糖: 17yz
[20:34:44] 纸月: 78yz
[20:37:48] hh。: 38y
[20:37:58] 莫染: 36z
[20:38:41] hh。: 38y-36z-37右
[20:43:03] hh。: 37右 39-40m
[21:01:32] ㅤ: 50崖
[21:04:27] ㅤ: 49m
[21:06:40] 金平糖: 49-14m
[21:07:43] ㅤ: 48yz-47右
[21:10:15] ㅤ: 66卡
[21:10:33] ‭: 47-70右
[21:12:51] ‭: 70右 66-13卡
[21:16:17] ㅤ: 69zp-68y
[21:17:10] ‭: 69-12zp 68y
[21:20:43] ‭: 68y 15ys
[22:00:07] 纸月: 31-34yz
[22:03:52] .: 34yz
[22:07:16] 纸月: 32k
[22:55:21] 纸月: 51y
[23:00:23] ‭: 52yz
[23:04:45] ㅤ: 55m
[23:29:53] ㅤ: 71y-72yz
[23:32:53] ㅤ: 74-75卡
[23:45:11] ‭: 77yz
