[04:52:23] ‭: 15右
[06:53:51] hh。: 11卡
[12:47:13] 钤科百合子: 2-6麦
[12:56:32] 已: 21右
[13:00:15] ______Vincent.: 28右
[13:00:23] Minor沬絾年: 28右
[13:03:50] ______Vincent.: 17ys
[13:04:20] ______Vincent.: 29右 -17ys
[13:10:23] ______Vincent.: 66卡
[13:14:24] ______Vincent.: 20-30-77崖
[13:15:06] ______Vincent.: 39右 世界
[13:22:36] 已: 35崖
[14:08:03] ______Vincent.: 25zp
[14:11:01] 金平糖: 57yz
[14:14:25] 金平糖: 79崖
[14:16:52] 金平糖: 50-78ys
[14:46:55] 金平糖: 53-62右
[14:53:57] 金平糖: 16麦
[16:06:42] hh。: 31卡
[16:13:03] hh。: 32卡
[16:14:28] hh。: 32-63卡
[16:17:11] hh。: 7z
[16:19:43] hh。: 71崖
[16:21:03] hh。: 71崖-60麦
[16:24:25] hh。: 69zp
[16:25:00] 毛卡DuD: 69-59zp
[16:25:53] 毛卡DuD: 59-52zp
[16:27:58] 毛卡DuD: 59-52-40zp
[16:55:15] hh。: 56崖
[16:57:46] hh。: 19z
[17:00:31] hh。: 49-34ys
[17:05:20] hh。: 48-64卡
[17:10:00] hh。: 45yz
[17:12:05] hh。: 8yz
[17:14:08] hh。: 12zp
[17:16:17] hh。: 51z
[17:28:08] 已: 38卡
[17:48:53] 想要莉莉丝: 4右上
[19:23:10] hh。: 26麦
[19:23:18] hh。: 23麦
[19:37:20] 想要莉莉丝: 1z世界
[19:52:05] hh。: 43zp
[20:15:04] 想要莉莉丝: 36m世界
[20:20:20] hh。: 22右
[20:27:26] hh。: 75ys
[20:29:43] hh。: 76麦 大饼
[20:31:19] hh。: 5麦 大饼
[20:58:39] hh。: 13崖
[21:15:35] hh。: 47右
[21:19:46] hh。: 18z
[21:23:24] hh。: 65z
[21:25:57] hh。: 9yz
[22:12:43] 白: 37yz世界
[22:38:46] Minor沬絾年: 10左上
[22:43:35] 阿杰: 14z
[23:01:16] ______Vincent.: 73m 33z
[23:59:55] ______Vincent.: 55yz
