[00:00:20] Shaddoll_Naga: 54ys
[00:00:51] Shaddoll_Naga: 54ys-60右
[00:01:50] 楠又Nayo: 60ys
[00:02:06] ______Vincent.: 30zp
[00:02:14] ______Vincent.: 54-60-63ys
[00:02:15] Shaddoll_Naga: 45z 33m 30zp
[00:02:53] Shaddoll_Naga: 45z  30zp 71yz
[00:09:48] Shaddoll_Naga: 24z
[00:11:13] Shaddoll_Naga: 24-50z
[00:21:32] ______Vincent.: 12-13ys
[00:23:54] ______Vincent.: 12-13ys 15zp
[01:07:35] kirakiradokidoki: 47zp 49y 46z
[01:09:14] ______Vincent.: 47zp 49-79y
[01:15:04] Shaddoll_Naga: 79y
 76-77ys
[01:22:46] Shaddoll_Naga: 77ys 46-53z
[01:24:29] Shaddoll_Naga: 77ys 46-53z 34-36卡 28-32-58m 59yz
[01:32:31] ______Vincent.: 28-32-44-58m
[01:40:44] ______Vincent.: 58m 37-56zp
[01:45:38] ______Vincent.: 56zp 40-59yz
[01:50:58] ______Vincent.: 59yz 42-52y
[01:55:35] ______Vincent.: 43-53z
[02:00:36] ______Vincent.: 25z
[02:02:58] ______Vincent.: 22ys 41右
[02:05:31] ______Vincent.: 41右 65z
[02:07:44] ______Vincent.: 65z  51卡
[02:17:16] MisakaManaQAQ: 73z
[02:18:12] ______Vincent.: 73-72-75z
[02:23:00] ______Vincent.: 75z 74m
[06:00:18] 钤科百合子: 7-9zp 10z
[11:43:06] 饕餮: 1ya
[11:46:08] Shaddoll_Naga: 4ys
[11:46:25] Shaddoll_Naga: 4ys-7右-3z
[11:46:45] 想要莉莉丝: 2驿站
[11:50:09] Shaddoll_Naga: 3z 2-5yz
[11:52:19] Shaddoll_Naga: 5yz 10k 8m
[11:55:47] Shaddoll_Naga: 11-38-41右
[11:58:17] Shaddoll_Naga: 41-47-52右
[12:00:33] Shaddoll_Naga: 52-58-59右
[12:02:05] Shaddoll_Naga: 59右 15-26-35右上
[12:05:42] Shaddoll_Naga: 35-39-49-55ys
[12:08:34] Shaddoll_Naga: 55-57-67ys
[12:11:13] Shaddoll_Naga: 67ys 18-19-28左
[12:14:25] Shaddoll_Naga: 28-29-36左
[12:16:43] Shaddoll_Naga: 36-40-56-74左
[12:18:45] Shaddoll_Naga: 16yz
[12:20:34] Shaddoll_Naga: 73yz
[12:21:51] Shaddoll_Naga: 80yz 20-24m
[12:23:52] Shaddoll_Naga: 20-24-68m
[12:26:18] Shaddoll_Naga: 61-79崖
[12:28:49] Shaddoll_Naga: 14-21-43zp
[12:32:16] Shaddoll_Naga: 25k 12m
[12:40:04] Shaddoll_Naga: 17m
[13:59:15] hh。: 74z 60y
[14:08:15] hh。: 44yz
[14:11:57] hh。: 65ys 62zp
[14:18:40] hh。: 63k 64m
[15:29:26] hh。: 40z 51zp
[15:36:58] hh。: 53-54m
[17:37:45] hh。: 42-66-76崖
[17:46:52] hh。: 50-75帐篷
[17:50:15] ㅤㅤㅤㅤㅤㅤㅤㅤ朝花夕誓: 50-75帐篷
[17:52:35] hh。: 46-48-72驿站
[17:59:46] hh。: 70-71-37卡
[18:07:47] hh。: 69-77-78m
[18:15:27] hh。: 34z 33y
[18:21:11] hh。: 31-32zp
[18:26:00] hh。: 30yz 27m
[18:29:33] hh。: 27m 26ys
[18:58:46] 叙利亚吟游诗人: 30卡
[19:30:46] hh。: 13ys
[20:23:20] hh。: 23yz
[20:26:49] hh。: 22k
