[00:33:27] hh。: 47右 36崖 10卡
[00:42:32] hh。: 26ya
[00:42:58] hh。: 26崖-39右
[00:55:25] hh。: 61m 72yz 53y
[01:12:04] hh。: 28-42崖  31z
[01:21:18] hh。: 11右  44yz
[01:26:39] hh。: 73麦
[01:54:57] Soleil: 27yz
[02:06:56] hh。: 37m
[02:32:46] hh。: 40yz
[02:46:10] 123: 38z
[02:53:25] hh。: 71右
[03:47:59] ‭: 9卡
[06:01:09] ______Vincent.: 7y
[06:23:31] ‭: 14ys
[11:05:16] 已: 1右
[11:05:38] : 80m
[11:08:05] 想要莉莉丝: 1右-80麦-2驿站
[11:08:52] 俗世求道，红尘炼心: 37帐篷金猪
[11:09:22] 想要莉莉丝: 2驿站 3y
[11:10:31] 想要莉莉丝: 2驿站-4驿站-3y
[11:11:42] 想要莉莉丝: 5帐篷
[11:13:37] 想要莉莉丝: 6右
[11:15:25] 想要莉莉丝: 8y
[11:17:41] Shaddoll_Naga: 6右-9卡
[11:19:38] ‭: 15-23-29右
[11:20:07] ‭: 23-29-42-43-47-49-58右
[11:20:42] 楠又Nayo: 世界28麦
[11:20:56] 马蚤犭苗娜塔莉娅: 23-28m     -    29-42-43-47-49-58右
[11:22:18] 晗子: 66麦 世界
[11:26:06] ㅤ: 69-66-62-61-50-30-26-13-12m
[11:33:49] 冬筱: 10-24-25-36-38-57崖
[11:39:23] ‭: 18-19-22-41-48-64-65帐篷
[11:43:01] ‭: 32-33-34-35-45-51-53驿站
[11:47:44] 冬筱: 77-76-75-67-46左
[11:50:16] ‭: 16-40ys
[11:51:54] ‭: 40ys-44右
[11:54:11] ‭: 79-17卡
[11:55:42] ‭: 17卡-31崖
[11:59:12] ‭: 15右-59zp
[12:18:23] 金平糖: 63卡
[12:26:43] 金平糖: 46z 48zp
[12:36:12] 金平糖: 68-70-71k
[12:43:20] 金平糖: 73-74ys
[12:48:41] 冬筱: 67z
[12:51:18] 冬筱: 72崖
[12:54:03] 冬筱: 64-65zp
[13:01:00] 冬筱: 27z-21卡
[13:05:17] ‭: 21卡-24崖
[13:14:13] 冬筱: 11-14z
[13:18:37] : 54右上-55麦田
[13:22:29] ‭: 55-39麦
[13:24:45] 冬筱: 39麦 51-53yz
[13:53:42] ______Vincent.: 56ys
[13:59:07] ______Vincent.: 60k
[20:12:16] hh。: 34yz
[21:09:54] hh。: 19zp 20卡
[21:23:48] hh。: 76z
[21:24:15] hh。: 76z-78ys
