[00:01:03] hh。: 18右
[00:23:22] hh。: 40卡
[00:26:14] hh。: 33-41-51麦
[00:33:57] hh。: 23yz
[00:38:40] hh。: 79z
[01:02:10] hh。: 31麦
[01:16:48] 冬筱: 55zp
[02:23:08] : 76-50m
[02:32:55] : 67z 70ys
[02:40:24] ‭: 63卡
[02:49:19] 冬筱: 37麦
[03:16:42] ‭: 52麦
[05:55:06] ‭: 28右
[10:49:14] 金平糖: 6右 1-17ys
[13:22:14] ______Vincent.: 2-10-47卡
[13:36:41] ______Vincent.: 22ys
[15:12:44] 想要莉莉丝: 8右上
[15:18:45] hh。: 54z
[15:59:24] ______Vincent.: 48卡
[16:05:16] ______Vincent.: 26右
[16:10:33] ______Vincent.: 35崖
[16:12:01] ______Vincent.: 36zp 世界发了
[16:54:59] /fd: 9yz
[17:16:30] ______Vincent.: 16-80卡
[17:23:52] ______Vincent.: 64右
[17:27:11] ______Vincent.: 14-65y
[18:01:04] kirakiradokidoki: 34右
[18:36:34] ______Vincent.: 69zp 世界
[18:40:33] ______Vincent.: 7zp
[18:44:52] ______Vincent.: 12-77yz
[18:49:37] ______Vincent.: 78z
[18:51:09] ______Vincent.: 78z 15-19右上
[18:55:43] ______Vincent.: 45-61-66麦
[19:01:47] ______Vincent.: 27zp
[19:50:50] Silver♢: 38右 世界
[19:54:20] ______Vincent.: 3z
[19:58:30] ______Vincent.: 25麦
[20:02:44] ______Vincent.: 49m
[20:26:45] : 68崖[CQ:image,file=A96837688F271CC8194A769671D61C20.png,subType=0,url=https://multimedia.nt.qq.com.cn/download?appid=1407&amp;fileid=EhRfwxjKX4F4f546bhN5AYgU25pA9xjb_RQg_wootvuDndn7kAMyBHByb2RQgL2jAVoQgwVBeQBaS8DebkL9uC4SDnoCzTCCAQJneg&amp;spec=0&amp;rkey=CAISMA2wZx7eIep69G4-OzOkL0fpbJhYEjUbtAjQz6a07jlpXUeGOxc8Hb9PRl5JCcTRJA,file_size=343771]
[20:48:26] : 40yz 世界
[20:54:47] ‭: 44yz
[21:40:05] ______Vincent.: 4-13-32卡
[21:48:59] ______Vincent.: 18-62yz
[21:54:04] ______Vincent.: 75崖
[21:57:06] ______Vincent.: 73右
[22:32:52] ______Vincent.: 5-53ys
[22:34:14] ‭: 5-41-53ys
[22:39:57] ______Vincent.: 11zp
[22:43:27] ______Vincent.: 71卡
[22:46:19] ______Vincent.: 20-55麦
[22:51:02] ______Vincent.: 39zp
[23:04:03] kirakiradokidoki: 21右
[23:06:59] ______Vincent.: 42z
[23:09:58] ______Vincent.: 30m
[23:48:52] ______Vincent.: 46-72zp
[23:56:14] ______Vincent.: 63ys 51左
