[00:15:45] Shaddoll_Naga: 50m 世界
[00:16:28] Zombie cat: 50-76m
[00:30:21] ______Vincent.: 29y
[01:08:11] ______Vincent.: 37yz
[01:27:49] hh。: 74右
[01:40:23] hh。: 24-43z
[01:53:37] ______Vincent.: 79崖
[02:24:00] ______Vincent.: 52ys
[02:39:03] ‭: 31ys
[03:15:45] ‭: 23左
[03:36:17] ‭: 33左
[03:47:27] ‭: 28yz
[11:47:01] ______Vincent.: 1y
[11:55:06] 钤科百合子: 70卡
[12:02:37] 冬筱: 67麦
[13:32:43] hh。: 48yz
[13:36:47] hh。: 2右
[13:42:13] 钤科百合子: 6yz
[13:48:12] AAAsoyo外卖专送: 10yz
[15:12:52] ______Vincent.: 64右上
[15:18:10] hh。: 9左
[15:23:13] hh。: 54卡
[16:04:24] hh。: 14-22zp
[16:12:07] hh。: 35右
[17:15:00] ______Vincent.: 8-47ys
[17:21:34] ______Vincent.: 25z
[17:24:08] hh。: 12卡
[17:28:24] hh。: 36m
[18:38:13] 人間になりたい: 69y
[18:42:52] ______Vincent.: 3-61-73yz
[18:50:08] hh。: 16卡
[18:52:58] hh。: 40-68m
[19:52:58] ______Vincent.: 80zp
[19:56:19] ______Vincent.: 20-45-66yz
[20:04:00] ______Vincent.: 49-65z
[20:08:53] hh。: 7-62卡
[20:15:00] : 44左[CQ:image,file=A9FE00729B1E9D90D0F2B29A2DA5DE89.png,subType=0,url=https://multimedia.nt.qq.com.cn/download?appid=1407&amp;fileid=EhTZrOdNlYn2pDkMI6lFgKY06YTBARiMshgg_woozKy3u5j-kAMyBHByb2RQgL2jAVoQe49LjTOdX1Bd7KYkfQC--XoCKFOCAQJneg&amp;spec=0&amp;rkey=CAMSMFUN5bHn1cojjcCzniBVfZZmMMFY8oUrwExLdBTX5XAll537kSrbXgjsyAHNNi9jww,file_size=399628]
[20:15:57] hh。: 44右
[20:16:24] ______Vincent.: 44-26右
[20:38:17] 可爱的小波比: 18左[CQ:image,file=B14771DD7BFE0414EA72AB781F1B25AD.png,subType=0,url=https://multimedia.nt.qq.com.cn/download?appid=1407&amp;fileid=EhTmom8auzqb419vtXctm4A9vx8m2Rin7Bwg_woog5jr1Z3-kAMyBHByb2RQgL2jAVoQgUsABvRmX9Kz3e3TCgvA3XoCEsyCAQJneg&amp;spec=0&amp;rkey=CAMSMFUN5bHn1cojjcCzniBVfZZmMMFY8oUrwExLdBTX5XAll537kSrbXgjsyAHNNi9jww,file_size=472615]
[21:03:28] 可爱的小波比: 77右[CQ:image,file=CE2D662BA9BFD6C821D113D7082B72DB.png,subType=0,url=https://multimedia.nt.qq.com.cn/download?appid=1407&amp;fileid=EhTfk5Lwz0Ri2_BrTvme-eLAvzOEeBiS_Sgg_wootvyqpqP-kAMyBHByb2RQgL2jAVoQQjnS9I4hVOlNjlL2V9Anv3oCk_WCAQJneg&amp;spec=0&amp;rkey=CAESMAoVHS02ch961qJvfhuBtKFKkxIJV5YgsbX12ThWWtpxBpaJEX-YY65Rkt0cY_-sSQ,file_size=671378]
[21:13:01] ______Vincent.: 34zp
[21:19:27] 可爱的小波比: 71帐篷[CQ:image,file=E135629B01DBE742D1822AB08278585B.png,subType=0,url=https://multimedia.nt.qq.com.cn/download?appid=1407&amp;fileid=EhSplQu8Fkuei-nIePgU9y1mJVxAyRiZ7R8g_wook5LG76b-kAMyBHByb2RQgL2jAVoQLn5VEYY1Ejbmn2OaZtkvWXoCIfGCAQJneg&amp;spec=0&amp;rkey=CAESMAoVHS02ch961qJvfhuBtKFKkxIJV5YgsbX12ThWWtpxBpaJEX-YY65Rkt0cY_-sSQ,file_size=521881]
[21:48:02] 可爱的小波比: 29左[CQ:image,file=C523D7E5DFE57605F0C7793DDAB38F5F.png,subType=0,url=https://multimedia.nt.qq.com.cn/download?appid=1407&amp;fileid=EhSYO84viHrKIC5v0nWfaTYDdLe4txjxzCog_woor76Woa3-kAMyBHByb2RQgL2jAVoQY4fDN23JovHWHeoAqZvjfHoCduWCAQJneg&amp;spec=0&amp;rkey=CAQSMB6mppeNddiQAzg99TiJ6K-IGj0eivXseFUpZo723Qu0lCHHqOm2xMgMHHczDgz21w,file_size=697969]
[21:51:44] ______Vincent.: 27z
[22:11:07] ㅤ: [CQ:image,file=5C973BF8CED591C02AA13B3B7294E722.png,subType=0,url=https://multimedia.nt.qq.com.cn/download?appid=1407&amp;fileid=EhRStMkoHj67zFb7Y58lYjpLGKuY5xjGua8BIP8KKLv6_LWy_pADMgRwcm9kUIC9owFaEDBuzsmyDwu7SqtWhoRVU9R6AqtMggECbmo&amp;spec=0&amp;rkey=CAQSMB6mppeNddiQAzg99TiJ6K-IGj0eivXseFUpZo723Qu0lCHHqOm2xMgMHHczDgz21w,file_size=2874566]32zp
[22:15:18] ______Vincent.: 78zp
[22:15:52] ______Vincent.: 78zp 4yz
[22:22:15] hh。: 30-55卡
[22:47:03] ㅤ: 21z
[23:10:30] hh。: 19崖
[23:14:35] hh。: 38ys
[23:17:36] hh。: 15-72yz
[23:22:46] hh。: 75卡
[23:46:20] MisakaManaQAQ: 10m
[23:51:24] ㅤ: 37m
[23:57:05] ㅤ: 43崖
