[09:37:35] 菠萝啤: 31卡
[10:13:40] 菠萝啤: 68m
[10:51:55] 菠萝啤: 50右
[11:00:46] Minor沬絾年: 世界51yz
[11:27:33] Shaddoll_Naga: 23y 世界
[11:29:20] 金平糖: 23-28y
[11:35:29] hh。: 79-14ys
[11:39:12] 可爱的小波比: 40卡[CQ:image,file=67C6BE652D745E3EBDAB6D27DE596075.png,subType=0,url=https://multimedia.nt.qq.com.cn/download?appid=1407&amp;fileid=EhRQuhWq2ZOl2M2AkI6rTWhzmnxkKRjVhRYg_wootO-I0ayHkQMyBHByb2RQgL2jAVoQ-QA_Sgbabm2bbgBrfOn_M3oCP42CAQJneg&amp;spec=0&amp;rkey=CAQSMCD9CmmoUSunleUVlJhk-huki6DZsYLA0OpQ8mEBqZHT5Am4HFQ6X23N6cRVy-3fCQ,file_size=361173]
[11:41:28] 可爱的小波比: 39右[CQ:image,file=6C89F461BA5F4734F38D569A30A59897.png,subType=0,url=https://multimedia.nt.qq.com.cn/download?appid=1407&amp;fileid=EhR9p4H0r8a4jKWELlx5vzyKIknA3xiVhQkg_woo8qaOkq2HkQMyBHByb2RQgL2jAVoQQC-nLLrmUknI0uTITUAHsXoCK_OCAQJneg&amp;spec=0&amp;rkey=CAQSMCD9CmmoUSunleUVlJhk-huki6DZsYLA0OpQ8mEBqZHT5Am4HFQ6X23N6cRVy-3fCQ,file_size=148117]
[11:44:52] hh。: 5zp
[11:47:05] hh。: 52卡
[11:48:54] hh。: 52卡-67m
[12:03:40] 可爱的小波比: 25右上[CQ:image,file=796A89C4073079D321B9CC02DDBE97FA.png,subType=0,url=https://multimedia.nt.qq.com.cn/download?appid=1407&amp;fileid=EhToN1D4MWeAt220oUVsgXaALh3OORiw2B0g_wooxPnqjLKHkQMyBHByb2RQgL2jAVoQ_T4GTc2TmF9xLpX07nanXXoCXHiCAQJneg&amp;spec=0&amp;rkey=CAQSMCD9CmmoUSunleUVlJhk-huki6DZsYLA0OpQ8mEBqZHT5Am4HFQ6X23N6cRVy-3fCQ,file_size=486448]
[12:20:48] hh。: 32右
[12:22:48] hh。: 80ys
[12:25:39] hh。: 41-48z
[12:29:36] 可爱的小波比: 9右
[12:47:43] hh。: 20-73崖
[12:49:10] 咕咕: 57崖
[12:55:05] hh。: 11-75卡
[13:01:15] hh。: 36ys
[13:04:54] hh。: 4右
[13:29:59] 菠萝啤: 65左
[13:33:02] hh。: 63左
[13:35:11] hh。: 18右
[13:37:11] hh。: 33-37崖
[13:41:02] hh。: 59zp
[14:10:56] hh。: 7ya
[14:14:23] hh。: 34yz
[14:17:55] hh。: 62z
[14:20:55] hh。: 17-26k
[14:26:16] hh。: 24m
[14:29:35] hh。: 64卡
[14:42:43] Kagami-Official: 1卡
[14:45:54] hh。: 55-71m
[14:51:40] hh。: 72ys
[14:54:25] hh。: 49崖
[14:57:33] hh。: 8yz
[15:01:17] hh。: 43z
[15:31:14] hh。: 3-60ys
[15:37:57] hh。: 35-76-77ya
[15:45:11] hh。: 2卡
[15:48:15] hh。: 10-38-61-70m
[15:48:52] Minor沬絾年: 10-38-61-70m
[15:57:38] hh。: 66zp 54yz
[16:41:46] hh。: 27右
[16:46:10] hh。: 19z
[16:50:27] hh。: 30卡
[18:18:31] hh。: 21右 58z
[18:29:24] hh。: 47-69崖
[18:36:01] hh。: 16卡 56 麦
[18:42:39] hh。: 46右
[18:45:49] hh。: 74zp
[18:49:32] hh。: 22yz
[19:19:15] 霸、、、霸王洗发水: 78k
[20:31:15] ‭: 42-45ys
[20:37:31] ‭: 45ys-29z
[20:43:32] ‭: 44卡-53yz
[23:17:47] ‭: 13卡
