[11:28:51] ______Vincent.: 9卡
[12:15:30] ______Vincent.: 9卡 补
[13:16:01] 已: 2崖
[13:19:13] 已: 4yz
[13:19:48] 饕餮: 4-3yz
[13:20:15] : [CQ:image,file=C3CF5EAD6EFB370E9D9CA12F1606176E.jpg,subType=1,url=https://multimedia.nt.qq.com.cn/download?appid=1407&amp;fileid=EhRUZ5cKv9J8eaBIXw0cXwe0m5dFZhjAnCAg_woo8-jLmJrQkAMyBHByb2RQgL2jAVoQ0_x2pWnsoUt2jmkvFSknpXoC2gOCAQJneg&amp;spec=0&amp;rkey=CAESMGLdEZb9z6swdfVjhJIM63-sglUYXGEwo8sccDOmX4mFifkTo1PpXHwo9LAI_cnRFQ,file_size=527936]5m
[13:20:40] 想要莉莉丝: 9y
[13:21:49] 想要莉莉丝: 7m
[13:24:11] 想要莉莉丝: 8帐篷
[13:25:55] 想要莉莉丝: 1麦
[13:27:42] Soleil: 66-41-39-16zp
[13:30:52] Soleil: 19-20-21-25yz
[13:33:12] Soleil: 21-25-31-35yz
[13:36:44] Soleil: 49-50-57-69-70yz
[13:40:58] Soleil: 70yz  76-75-17-14崖
[13:45:16] Soleil: 80-78-71-68-65侦察左
[13:48:33] Soleil: 71-68-65-64左
[13:50:48] Soleil: 64-54-53-52-24z
[13:51:56] Soleil: 11-12-13-18-28右上
[13:52:52] Soleil: 11-12-13-18-28左
[13:53:09] Soleil: 11-12-13-18-28右上
[13:53:50] ______Vincent.: 13-34ys
[13:55:14] Soleil: 38右
[13:57:18] Soleil: 74卡
[13:59:12] Soleil: 48麦
[14:08:25] ______Vincent.: 56ys
[14:09:26] ______Vincent.: 56-60ys
[14:15:00] ______Vincent.: 79ys
[14:19:18] ______Vincent.: 30右
[14:22:06] hh。: 26卡
[14:30:42] Soleil: 38右
[15:13:57] : 36崖[CQ:image,file=BE1936AC1A9679C465107C39CC266717.png,subType=0,url=https://multimedia.nt.qq.com.cn/download?appid=1407&amp;fileid=EhSrkSytrveJgkMApeRQulGYmw6jQhji_iAg_woo8NyhzbPQkAMyBHByb2RQgL2jAVoQsSqKlWIutb0E1cyK04cCs3oCKlmCAQJneg&amp;spec=0&amp;rkey=CAMSMNM9wjn-cc-rZlN0Iw2K9altjaIhnKRemrT2MSXbPgoOOTCBvFblIm5hNQFNWyQWBw,file_size=540514]
[15:19:27] : 27右上  29卡尼曼
[15:23:56] : 40侦察右-42卡尼曼-63崖
[15:24:32] ______Vincent.: 27ys 40右 29-42-37-77卡 63y
[15:38:58] ______Vincent.: 77-61卡 63y
[15:39:21] ______Vincent.: 77-61卡 62m 63y
[15:40:11] ______Vincent.: 61卡 62m 63y 67z
[15:50:59] : 58侦察右
[15:53:07] ______Vincent.: 58右 59ys
[16:20:30] : 72帐篷-73侦察右
[16:43:35] ______Vincent.: 46zp
[16:44:27] : 47麦田
[16:50:44] : 51侦察右-52侦察左-53驿站-55卡尼曼
[16:50:56] ______Vincent.: 52-53-6z  51右 55卡
[16:52:16] ______Vincent.: 51右 52-6z 53yz  55卡
[17:02:30] ______Vincent.: 22崖  24z
[17:12:44] : 23麦田
[17:50:51] : 32卡尼曼-33帐篷
[18:46:44] : 41帐篷-44帐篷-43侦察右-45麦田
