[02:09:10] ‭: 46zp
[02:15:33] ‭: 55ys
[02:20:24] ‭: 58麦
[02:46:45] ‭: 72卡
[05:49:53] 阿杰: 15zp
[05:50:11] 阿杰: 15yz
[06:51:47] ‭: 11ys
[10:59:13] hh。: 3右
[10:59:14] 晗子: 1ys
[11:02:20] 晗子: 41yz  世界
[11:04:23] Soleil: 4-10-11yz
[11:05:09] 晗子: 43YZ
[11:06:44] Soleil: 11-43-28yz
[11:08:42] Soleil: 28-39yz
[11:08:47] hh。: 28-39yz
[11:10:16] 楠又Nayo: 78yz
[11:10:18] Soleil: 8-9-19-22左
[11:11:34] Soleil: 9-19-22-30左
[11:12:10] 饕餮: 77yz
[11:12:44] Soleil: 19-22-30-33左
[11:13:53] Soleil: 22-30-33-36左
[11:14:42] Soleil: 30-33-36-42-54左
[11:16:38] Soleil: 36-42-54-56-60-71左
[11:18:07] Soleil: 42-54-56-60-71-80左
[11:19:20] ジグソーパズル: 76ys
[11:22:46] Soleil: 76-73-68-40-37-35-26-2右上 76可能死了
[11:24:20] 已: 69右 世界
[11:30:58] Soleil: 52-48-32-27-17右
[11:31:50] 晗子: 64麦 世界
[11:35:37] 晗子: 63 yz 世界
[11:36:03] 晗子: 61麦
[11:36:23] Soleil: 50-63-65-70yz
[11:36:44] 阿杰: 50-63-65-70-78yz
[11:40:25] Soleil: 74-66-51-34-16-6帐篷
[11:45:16] くそがき: 57m 世界
[11:46:43] Soleil: 79-75-72-47-46麦
[11:49:28] Soleil: 47-46-38-24-23-20-13麦
[11:56:30] Soleil: 5-7-12-14-15-21-25-29卡
[12:04:26] Soleil: 31-44-53-55-59-62-67卡
[12:11:34] Soleil: 18-49崖
[20:47:58] hh。: 1右
[20:48:56] hh。: 1-8右
[20:49:12] hh。: 1-8-4右
[20:49:51] Soleil: 1-8-4右
[20:51:44] hh。: 16-18右
[20:53:07] hh。: 16-18-22右
[20:54:06] Soleil: 18-22-29右
[20:55:08] Soleil: 22-29-35右
[20:57:24] Soleil: 17-20-30-69-79yz
[21:02:25] Soleil: 5-13-23-32-58-66-78崖
[21:09:23] Soleil: 77-76-72-47-36-34帐篷
[21:15:14] Soleil: 31-26-24-6-3帐篷
[21:20:02] Soleil: 43-49-51-54-75右
[21:21:36] Bullet: 19 m
[21:24:03] Soleil: 21-40-42-48-53-63-68右上
[21:28:19] Soleil: 11-12-15-27-64左
[21:31:58] Soleil: 39-19-2麦
[21:34:21] Soleil: 25-41-57-59-73-80卡
[21:40:37] hh。: 53ys
[22:21:39] kirakiradokidoki: 75右
[23:13:19] 冬筱: 33麦
[23:19:45] ______Vincent.: 28yz 27z
[23:27:33] ______Vincent.: 40ys
[23:28:22] 透明: 37y
[23:28:28] ______Vincent.: 40ys 37崖  38卡
[23:37:18] ______Vincent.: 70yz 67z 75右
[23:52:27] ______Vincent.: 42ys  45zp  44卡
