[00:02:34] ______Vincent.: 2-23zp
[00:04:23] ______Vincent.: 3-4-21卡
[00:07:08] ______Vincent.: 21-31-59卡
[00:09:25] ______Vincent.: 31-59-76卡
[00:14:22] ______Vincent.: 36-18m
[00:18:29] ______Vincent.: 67右 44ys  8z
[00:24:25] ______Vincent.: 71zp 79yz
[00:28:32] ______Vincent.: 19右 80卡
[00:41:14] ______Vincent.: 78右
[01:10:09] ______Vincent.: 24z
[01:13:06] ______Vincent.: 45y
[01:15:55] ‭: 16卡
[01:22:58] ______Vincent.: 75zp
[01:35:02] ______Vincent.: 56麦
[01:51:16] ______Vincent.: 40zp  烤猪蹄
[02:18:56] ______Vincent.: 9卡
[02:30:25] ______Vincent.: 42zp
[02:50:39] ‭: 49崖
[02:58:08] ______Vincent.: 73麦
[03:50:09] ______Vincent.: 10z
[04:16:54] ‭: 28右
