[09:28:26] 钤科百合子: 4-77y
[09:40:28] 钤科百合子: 15-69右
[09:44:23] 钤科百合子: 69-13右
[09:50:55] ‭: 28z
[09:53:09] ‭: 28z 37右
[09:57:18] ‭: 6-45卡
[10:00:30] ‭: 45-61卡
[10:05:30] ‭: 34-75麦
[10:11:00] ‭: 24-38zp
[10:14:16] ‭: 38zp 52yz
[11:14:20] ‭: 21-43yz
[11:18:13] ‭: 43-59yz
[11:24:51] 钤科百合子: 60-70yz
[11:30:00] Shaddoll_Naga: 41右
[11:32:23] Shaddoll_Naga: 26-44ys
[11:37:17] Shaddoll_Naga: 44-62-71ys
[11:42:44] Shaddoll_Naga: 56卡
[11:43:18] 金平糖: 56-50卡
[11:47:58] Shaddoll_Naga: 53麦
[11:50:47] Shaddoll_Naga: 46崖
[12:30:01] hh。: 16右
[12:35:07] hh。: 5-72ys
[12:39:54] hh。: 29z
[12:42:13] hh。: 33-57ya
[12:46:28] hh。: 73zp
[12:48:54] hh。: 10-11-18-68yz
[12:56:31] hh。: 7卡
[14:00:17] hh。: 40 右
[14:04:11] hh。: 19-30-63-76z
[14:14:31] hh。: 51-55ya
[14:18:25] hh。: 64yz
[14:19:17] hh。: 8-12卡
[14:22:18] hh。: 12卡-23麦
[14:28:49] ㅤ: 2zp
[14:29:09] ㅤ: 3zp
[14:30:00] ㅤ: 4ys
[14:30:47] 落樱不逝待君归: 9涯
[14:31:39] ㅤ: 5yz
[14:32:58] ㅤ: 6ys
[14:33:22] hh。: 5-1yz 4-6-8ys 9ya
[14:33:43] hh。: 5-1-7yz 4-6-8ys 9ya
[14:41:15] hh。: 9ya 14-15-17右
[14:44:00] hh。: 17-20-45右
[14:46:09] hh。: 45右 25-34-40右上
[14:50:01] hh。: 40-43-55-58ys
[14:51:18] hh。: 55-58-60-62-71右上
[14:55:38] hh。: 71ys 16-30-38-46左
[14:59:20] hh。: 46-52-68-76左
[15:03:49] hh。: 77yz
[15:05:31] hh。: 36y 51m
[15:06:42] hh。: 36y 51m 47zp
[15:07:24] hh。: 51-13m 47zp
[15:10:48] hh。: 42zp
[15:11:55] hh。: 41y
[15:13:17] hh。: 43ys 76z 44k
[15:27:06] hh。: 74m
[15:32:22] hh。: 66-67yz
[15:32:56] 金平糖: 66-67-70yz
[15:37:00] hh。: 19zp-18k 69z
[15:54:27] hh。: 61zp 63yz 64y 65k
[16:13:19] 金平糖: 11yz
[16:16:37] hh。: 33驿站 37崖
[16:19:32] hh。: 37ya-12yz
[16:22:53] hh。: 35-39卡
[16:27:04] hh。: 31-32麦田
[16:54:20] hh。: 50zp 49y
[17:00:26] hh。: 48卡 72m
[17:06:38] hh。: 73zp 75ys
[17:20:57] hh。: 54k 53m
[17:47:26] hh。: 79ys 80z
[17:52:01] hh。: 80z 78yz
[19:50:31] hh。: 57zp-59zp
[20:00:38] hh。: 22-56-59右
[20:08:14] hh。: 57右上 10-29左
[20:14:38] hh。: 29z 21-24帐篷
[20:19:56] hh。: 23-27-28卡
[20:25:52] hh。: 26麦田
[21:00:49] hh。: 37-49右 31右上
[21:06:36] hh。: 31右上 30-72-73左
[21:13:02] hh。: 32-40-80崖
[21:18:18] hh。: 11-12-25驿站
[21:22:29] hh。: 25-54-58-75驿站
[21:28:02] hh。: 6-33-35-48卡
[21:33:19] hh。: 48-50-60-63卡
[21:38:34] hh。: 9-38-53-79麦田
[21:45:28] hh。: 39-78ys
[23:24:04] 人間になりたい: 6右世界
[23:24:05] 黑白: 1右
[23:24:09] .: 2ys
[23:24:28] 末島空晴: 5y
[23:25:12] Shaddoll_Naga: 1-6右-2右上-8右上-4左
[23:31:26] Shaddoll_Naga: 5y-3zp
[23:33:54] Shaddoll_Naga: 17-18-19麦田
[23:36:39] Shaddoll_Naga: 19-23-27m
[23:39:23] Shaddoll_Naga: 27m-80zp
[23:40:43] Shaddoll_Naga: 80zp 11-14-31崖
[23:43:05] Shaddoll_Naga: 78zp 世界
[23:45:16] Shaddoll_Naga: 68右
[23:46:12] Shaddoll_Naga: 68右 35-38-39崖
[23:48:56] Shaddoll_Naga: 39y 64右
[23:49:58] Shaddoll_Naga: 64-62-61右
[23:51:15] Shaddoll_Naga: 61-55-48右
[23:52:41] 冰魄: 26右
[23:53:34] .: 62右
[23:54:55] Shaddoll_Naga: 48-55-21右
[23:55:46] Shaddoll_Naga: 55-21-29右
[23:58:09] Shaddoll_Naga: 57yz
[23:59:28] Shaddoll_Naga: 54z
