[00:00:05] 冬筱: 61y-62右-65z
[00:06:54] ______Vincent.: 52m 55zp
[00:12:11] ______Vincent.: 46zp 50z
[00:19:54] ______Vincent.: 60ys 56zp
[00:50:31] ㅤㅤㅤㅤㅤㅤㅤㅤ朝花夕誓: 71yz
[00:50:39] ______Vincent.: 74zp 71yz
[03:24:24] ‭: 7卡
[03:36:05] 纸月: 9卡
[08:36:00] 金平糖: 14z
[18:15:02] hh。: 34-80卡
[18:22:33] hh。: 15麦 1zp
[18:29:45] hh。: 68z
[18:33:29] hh。: 23z
[19:02:46] 喃鸹: 13zp金猪
[19:07:46] hh。: 57-64zp
[19:14:14] hh。: 21ya
[19:14:24] 金平糖: 78ys
[19:15:21] hh。: 21ya-78-29ys
[19:27:03] hh。: 35-43-48z
[19:56:30] 喃鸹: 75z
[20:07:00] 喃鸹: 18卡
[20:13:09] 喃鸹: 24卡
[20:17:24] : 77崖
[20:24:41] 冬筱: 19崖
[20:28:13] .: 25右
[20:31:50] 钤科百合子: 59-12m
[20:41:41] 钤科百合子: 51zp
[20:46:17] M̶r̶.̶J̶a̶v̶s̶e̶n̶: 8zp 大饼
[20:57:50] 纸月: 70z
[21:03:01] M̶r̶.̶J̶a̶v̶s̶e̶n̶: 62ys 大饼&#93;
[21:21:29] : 63侦察左[CQ:image,file=06107D894FA361698AC48D5C8AFB90AE.png,subType=0,url=https://multimedia.nt.qq.com.cn/download?appid=1407&amp;fileid=EhTE5fVz39Yrrb6nmjOuOXqep5WbxRiF9RIg_woom7Hg-JDgkAMyBHByb2RQgL2jAVoQohXJp2U8j-QoVm8YZ4pL6XoCcwOCAQJneg&amp;spec=0&amp;rkey=CAISMM_fx1rk1ZO8e3TGBR2bFtfBGsBVsoqBwyI9ydbFGWJrC37C7YWerV_opJlY7trN2w,file_size=309893]
[21:45:50] 77oakr: [CQ:image,file=AD097F5DCD8AB9AC1D53965F7962B5D4.png,subType=0,url=https://multimedia.nt.qq.com.cn/download?appid=1407&amp;fileid=EhRgaret9R6H__wsjIe20aMfeEhNvhiJgnEg_woo-6mXspbgkAMyBHByb2RQgL2jAVoQdLrCq4NT-R9S-fqEE0KkyXoCmXeCAQJneg&amp;spec=0&amp;rkey=CAISMM_fx1rk1ZO8e3TGBR2bFtfBGsBVsoqBwyI9ydbFGWJrC37C7YWerV_opJlY7trN2w,file_size=1851657]32y
[21:48:43] kirakiradokidoki: 4左
[21:53:30] 纸月: 16右
[21:58:41] 冬筱: 17麦
[22:01:54] 冬筱: 6-30-45-46卡
[22:11:38] 3: 49y
[22:13:17] M̶r̶.̶J̶a̶v̶s̶e̶n̶: 58麦
[22:15:48] M̶r̶.̶J̶a̶v̶s̶e̶n̶: 50右上 大饼猪&#93;
[22:21:58] .: 3yz
[22:32:30] ______Vincent.: 60yz
[22:35:53] ______Vincent.: 79zp
[22:39:06] .: 20右
[22:41:43] 芒果假面波奇酱: 22m
[22:42:37] 透明: 2右上
[22:46:40] 透明: 33zp
[22:46:44] ______Vincent.: 33zp  65yz
[23:02:17] hh。: 55-41右
[23:07:48] hh。: 67麦  76卡 66yz
[23:20:37] hh。: 74右
[23:26:23] ______Vincent.: 5zp
[23:29:24] ______Vincent.: 56m
[23:43:41] hh。: 52ys
[23:48:44] hh。: 69右
