[00:19:54] hh。: 44zp 42-45驿站
[00:31:48] hh。: 45驿站 63右
[11:46:19] 金平糖: 22-29-58-60卡
[11:49:01] 金平糖: 58卡-28m
[11:54:15] 末島空晴: 3崖
[11:57:41] 金平糖: 1z
[11:58:30] 金平糖: 1z-5右
[11:59:20] 金平糖: 1z 5-2-7右
[12:01:31] 金平糖: 2-7-10右
[12:02:42] 金平糖: 7-10右 9ys
[12:04:39] 金平糖: 10右-9ys-4yz
[12:06:42] 金平糖: 4yz-8zp
[12:08:44] 金平糖: 8-71-63-62zp
[12:10:09] 金平糖: 63-62-50zp
[12:14:36] ______Vincent.: 50-40-33zp
[12:16:05] 饕餮: 14崖世界
[12:17:20] 金平糖: 34-39-44yz
[12:18:59] 金平糖: 39-44-55yz
[12:20:07] 金平糖: 44-55-67yz
[12:20:33] 金平糖: 55-67-77yz
[12:22:26] 金平糖: 77yz-25-26-27m
[12:24:46] 金平糖: 26-27-43m
[12:25:54] 金平糖: 27-43-57m
[12:27:00] 金平糖: 43-57-64m
[12:28:56] 金平糖: 79-49右
[12:29:13] ㅤㅤㅤㅤㅤㅤㅤㅤ朝花夕誓: 79-49右
[12:30:37] 金平糖: 49-41右
[12:31:47] 金平糖: 41右-18ys
[12:33:07] 金平糖: 18ys 11-60z
[12:35:19] 金平糖: 60z-23右
[12:36:02] 金平糖: 60z-23-36-52右
[12:37:35] 金平糖: 36-52右-17-31ys
[12:40:40] 金平糖: 31ys-61-68-73崖
[12:43:32] 金平糖: 73-15崖
[12:46:00] 末島空晴: 80右 75m 24k
[12:51:18] 金平糖: 51崖
[14:23:15] hh。: 16右 19ys
[14:27:30] hh。: 19ys 20-38-48z
[14:30:30] hh。: 20-38-48z 37麦
[14:33:29] hh。: 38-48z 70ys
[14:37:31] hh。: 70ys 37-66-69m
[14:43:17] hh。: 66-69-57m
[14:47:05] hh。: 59y 56ys 58k
[14:53:41] hh。: 21ys
[14:54:44] hh。: 21-22ys
[15:10:52] 钤科百合子: 32ys 35右
[15:21:48] hh。: 71zp 72-74m
[15:29:04] hh。: 76右 78ys
[16:00:22] hh。: 46-47右
[16:07:13] hh。: 29zp-30yz
[16:12:30] hh。: 64m 65右
[16:15:23] hh。: 65-53右 54ys
[17:26:20] hh。: 45ys 44yz 42卡
[23:00:47] hh。: 6zp-12m-13z
