[00:19:49] hh。: 51右
[01:08:53] : 50yz
[01:15:35] ‭: 28ys
[03:39:52] 钤科百合子: 55yz
[11:01:34] 银雪之契: 6卡
[11:30:35] : 1ys
[11:38:08] : 17卡
[13:14:29] : 10ys
[13:19:43] : 16卡
[13:51:40] : 2m
[13:58:32] : 47zp
[14:31:59] hh。: 77ys
[14:43:09] hh。: 54-22-19z
[14:55:29] hh。: 34zp
[16:17:32] : 3y
[16:23:42] : 9-36ys
[16:31:36] : 69右
[16:35:46] : 7-49zp
[16:38:31] 山茶铺子: 14k
[16:43:09] hh。: 26麦
[17:29:09] Zombie cat: 80右
[18:32:42] hh。: 12-53y
[18:39:02] hh。: 39ys
[18:41:33] hh。: 35右
[18:44:07] hh。: 8-48卡
[18:48:32] hh。: 27麦 30yz
[18:51:17] 阿杰: 40yz
[18:53:12] hh。: 71右
[18:54:30] hh。: 71-78右
[18:58:06] hh。: 11右
[19:38:09] Akyuu: 72Y
[19:42:22] Akyuu: 20M
[19:47:24] : 4-65-73zp
[19:56:14] 莫染: 64麦 世界
[20:04:54] Chlorine: 44m世界
[20:14:18] : 61右
[20:25:18] ㅤ: 5ys
[20:29:20] : 38yz
[20:30:06] : 38yz -14y
[21:07:02] ㅤ: 15zp 66m
[21:15:18] : 13-75卡
[21:20:27] : 42崖
[21:25:46] : 45右
[21:31:47] : 62zp
[21:39:02] : 25m
[22:55:44] : 29-32卡
[22:57:24] 徒花: 74zp
[23:03:33] : 32卡 68麦
[23:06:27] hh。: 43崖
[23:08:45] hh。: 21-24z
[23:13:10] hh。: 46右
