[00:21:02] hh。: 29z 30ys 28右
[00:28:16] hh。: 71-72y 73-75m
[00:36:53] : 47右
[00:39:08] : 52z 54k
[00:48:32] : 76卡 80z
[00:54:13] : 69-66右 67卡
[01:10:40] : 34y
[01:27:07] : 37y
[03:02:24] : 7ys
[03:08:21] : 14右
[16:03:53] 金平糖: 56-57-58卡
[16:11:18] hh。: 4麦
[16:33:58] 楠又Nayo: 1m
[16:35:52] 想要莉莉丝: 2z
[16:38:00] hh。: 4-7z
[16:38:55] hh。: 4-5z-7z
[16:42:13] 力力厘: 20z
[16:44:48] hh。: 30-35-42-68-79左
[16:46:58] hh。: 35-42-68-79-27左
[16:51:11] hh。: 77-74-64ys
[16:52:59] hh。: 64-60-59-47ys
[16:55:51] hh。: 47-39-36ys
[16:58:21] hh。: 8-19-31右
[17:00:45] hh。: 31-34-45右
[17:03:47] hh。: 11-24-43帐篷
[17:06:15] ジグソーパズル: 3yz
[17:06:29] hh。: 打完48-51-62帐篷
[17:08:48] hh。: 67-69-73-78帐篷
[17:11:19] hh。: 76m 53-44yz
[17:14:39] hh。: 40-26-18yz
[17:15:28] hh。: 40-26-22-18yz
[17:16:37] : 22-18-15-13yz
[17:19:52] hh。: 61-49-29崖
[17:22:45] hh。: 29-80ya
[17:24:18] hh。: 72-46-14-9k
[18:13:35] : 32m
[18:17:32] : 33zp
[18:39:15] : 54卡 62zp
[18:46:46] : 65y  63z
[18:47:22] 金平糖: 65-75y  63z
[19:06:42] hh。: 41z
[19:24:01] 金平糖: 77ys
[19:28:06] 金平糖: 73-78zp
[19:30:41] 金平糖: 78zp-66yz
[19:32:33] 金平糖: 66yz  70-71卡
[20:02:32] 金平糖: 37-38m
[20:19:04] 金平糖: 50右
[21:02:03] hh。: 28yz
[21:34:12] : 25-23卡 21麦
