[03:21:32] hh。: 7z
[08:27:32] 跟我的大卫戴说去吧: 50涯金猪
[08:50:58] : 79帐篷[CQ:image,file=695A5BB964C0AB5120E1413EF51BA67C.png,subType=0,url=https://multimedia.nt.qq.com.cn/download?appid=1407&amp;fileid=EhTsf9TxwT2Q8UD1ZNlkBpgox1_ntxjC8SYg_wooyPPv9ezjkAMyBHByb2RQgL2jAVoQnCErTZsfS_ZxkWV7hYuaCXoCnn-CAQJneg&amp;spec=0&amp;rkey=CAQSMMcg7HuWdUdNb-k4JlsCGtkolIJw7Vn6vgmUYaV1_wbrQnboAO0F6qKT44E5liOfkw,file_size=637122]
[09:00:18] 毛卡DuD: 79-77-52zp
[09:08:09] Квай 小狸: 6y
[09:14:07] : 67帐篷[CQ:image,file=70A6063904DE3CF564290E494D41590C.png,subType=0,url=https://multimedia.nt.qq.com.cn/download?appid=1407&amp;fileid=EhTNIK5MOf4h32cMA6SnaEyIqmF58xim-x4g_woowuWYjPLjkAMyBHByb2RQgL2jAVoQOy5j2Qct15Nqh_7346MM0XoCeiaCAQJneg&amp;spec=0&amp;rkey=CAQSMMcg7HuWdUdNb-k4JlsCGtkolIJw7Vn6vgmUYaV1_wbrQnboAO0F6qKT44E5liOfkw,file_size=507302]
[09:14:35] 饕餮: 1zp
[09:15:56] : 66侦察左[CQ:image,file=CF84B557621CDA146760B00DE177C46C.png,subType=0,url=https://multimedia.nt.qq.com.cn/download?appid=1407&amp;fileid=EhQR5t4E3PNmgh41CMKc9JPPUz-biBj5wxQg_wookLqfwPLjkAMyBHByb2RQgL2jAVoQfBkF_U21KChaGt15tKnyH3oCu4eCAQJneg&amp;spec=0&amp;rkey=CAQSMMcg7HuWdUdNb-k4JlsCGtkolIJw7Vn6vgmUYaV1_wbrQnboAO0F6qKT44E5liOfkw,file_size=336377]
[09:21:50] 饕餮: 57m
[09:25:13] 喃鸹: 31m
[09:32:28] 金平糖: 22-13yz
[09:37:58] 金平糖: 41卡
[09:41:45] 金平糖: 12崖
[09:44:23] 金平糖: 71卡
[10:03:10] Chlorine: 74z-28zp
[10:08:56] 想要莉莉丝: 35z
[10:23:49] : 64左[CQ:image,file=F9AC2E6AF2E84327C2734AEE9C20E88C.png,subType=0,url=https://multimedia.nt.qq.com.cn/download?appid=1407&amp;fileid=EhTqY0zTaFJIMDDKuBy4HU7WrGAyTRj85yUg_woo7OnY1oHkkAMyBHByb2RQgL2jAVoQkNtcAjDC9v-564TDkksWBHoCeuGCAQJneg&amp;spec=0&amp;rkey=CAMSMBDNeiXCxJ-O-6HklMmoUlS8wPRtkhGwIc8NjJlmrm_o_UnsL0LbCG6b7MiFjMeo8Q,file_size=619516]
[10:39:15] : 60崖[CQ:image,file=5B5A881E379EE2AA86BFEC9082F3693A.png,subType=0,url=https://multimedia.nt.qq.com.cn/download?appid=1407&amp;fileid=EhSQj1WR4hHJYN7pRzLohUADbWDQbhiisiAg_wooutLkj4XkkAMyBHByb2RQgL2jAVoQ2JgZxhBkHk3MrC_3d3JnknoCcpmCAQJneg&amp;spec=0&amp;rkey=CAQSMPiMe8wWYptfm9a8oDQy6goyWbtpq9AmSOmUE2rOPNS4iE24Sg3oVHbaohiawNqjsg,file_size=530722]
[10:44:54] 金平糖: 43卡-70m
[11:12:12] : 55左[CQ:image,file=8CB80A120804CCD2FAC231161873F71B.png,subType=0,url=https://multimedia.nt.qq.com.cn/download?appid=1407&amp;fileid=EhTot2hDHw_oHIG7j1Qq1G7G5jxQthjM2g4g_wooqbjnvozkkAMyBHByb2RQgL2jAVoQhD-aSdZt0EhjIl8T-nnqTnoC4MqCAQJneg&amp;spec=0&amp;rkey=CAQSMPiMe8wWYptfm9a8oDQy6goyWbtpq9AmSOmUE2rOPNS4iE24Sg3oVHbaohiawNqjsg,file_size=240972]
[11:17:46] 金平糖: 36右-39yz
[11:24:28] : 48卡[CQ:image,file=8C8316F5884336DB3BDEE291DAE56165.png,subType=0,url=https://multimedia.nt.qq.com.cn/download?appid=1407&amp;fileid=EhQLzRIQN5ax1v7A_sXnpCWjMRPSiRjTqiAg_wootZe6nY_kkAMyBHByb2RQgL2jAVoQsBSbHli2Pw8ez8wX_VMH_HoC-_GCAQJneg&amp;spec=0&amp;rkey=CAQSMMBB9T3FurtSKjdtUzhFogSQdy9XJPI-Vb-3Cc2bFrK1AJ7Dsa_r0JWF9oGb0s45Gw,file_size=529747]
[11:43:43] : 38左[CQ:image,file=538447505E6C09745B6FDD5D415CDCBA.png,subType=0,url=https://multimedia.nt.qq.com.cn/download?appid=1407&amp;fileid=EhTxehqNLqZAz0pHp8V_IcQJYd1OYBiKqBgg_woos_inxJPkkAMyBHByb2RQgL2jAVoQWBNQxedfVzc4dWi1M4XsBXoCrcuCAQJneg&amp;spec=0&amp;rkey=CAQSMMBB9T3FurtSKjdtUzhFogSQdy9XJPI-Vb-3Cc2bFrK1AJ7Dsa_r0JWF9oGb0s45Gw,file_size=398346]
[11:48:59] 徒花: 5zp
[11:52:29] 金平糖: 17-11yz
[11:55:32] 徒花: 21m
[11:56:13] 金平糖: 11yz
21-80m
[12:00:39] 徒花: 69卡
[12:04:48] 徒花: 42右
[12:06:43] : 75左[CQ:image,file=F39256B7BDCECCE22DCA16499E970386.png,subType=0,url=https://multimedia.nt.qq.com.cn/download?appid=1407&amp;fileid=EhRUUs0aIXowXTovvg0cQc6tIMueshiqvB4g_woo892y1pjkkAMyBHByb2RQgL2jAVoQ-u6GTVnAyB4JMUD3zD_bS3oCn6iCAQJneg&amp;spec=0&amp;rkey=CAQSMMBB9T3FurtSKjdtUzhFogSQdy9XJPI-Vb-3Cc2bFrK1AJ7Dsa_r0JWF9oGb0s45Gw,file_size=499242]
[12:15:33] : 65帐篷[CQ:image,file=C5CD52B2A3B1B750A5EAA01105746D50.png,subType=0,url=https://multimedia.nt.qq.com.cn/download?appid=1407&amp;fileid=EhQOJAgGUMgmFwZaAN5eirMDJX7oJRju5iwg_woo-t-A05rkkAMyBHByb2RQgL2jAVoQ0vWHOzRYbQ2GGj_nzDw33XoCF8GCAQJneg&amp;spec=0&amp;rkey=CAQSMMBB9T3FurtSKjdtUzhFogSQdy9XJPI-Vb-3Cc2bFrK1AJ7Dsa_r0JWF9oGb0s45Gw,file_size=734062]
[12:19:20] 徒花: 8崖
[12:29:11] 徒花: 54zp
[12:32:53] 金平糖: 26ya
[12:36:40] 金平糖: 29-30-37z
[12:40:28] 金平糖: 47崖 饼
[12:43:48] : 45卡[CQ:image,file=6D277179D9DD4BB55CA4391CA9684AFA.png,subType=0,url=https://multimedia.nt.qq.com.cn/download?appid=1407&amp;fileid=EhSYbeSEvCNercTF3bNPq3729Wj3ahim6BYg_woogNnY-qDkkAMyBHByb2RQgL2jAVoQ57ZCdoAuEAdjkcPhfY3AIHoCTVWCAQJneg&amp;spec=0&amp;rkey=CAMSMH4OfGd09zUCG9_rsS2e2KPrn3CesprBa2ImW69jXmcDaUOhLJpwDQE2L6VrfuM56w,file_size=373798]
[12:46:41] 金平糖: 45卡-44ys
[12:49:50] 金平糖: 44ys-72y
[13:07:06] ______Vincent.: 51yz 53右
[13:13:30] 金平糖: 2左
[13:36:42] ______Vincent.: 58-23z
[13:45:48] ______Vincent.: 61y
[13:50:44] ______Vincent.: 3zp
[13:59:35] 冬筱: 46麦
[14:32:23] hh。: 9崖-32zp-25右-15z
[14:33:44] hh。: 9崖-32zp-25右-18ys-15z
[15:07:16] 冬筱: 14zp 10-16yz 73m
[15:41:38] : 63帐篷[CQ:image,file=93EF6A59A2D6727B2D4BB4AFB25B9898.png,subType=0,url=https://multimedia.nt.qq.com.cn/download?appid=1407&amp;fileid=EhQGHPK6UUx5zryGkKU7Ui_XQq3vXRi0xxEg_woovrju2sjkkAMyBHByb2RQgL2jAVoQvmpSTe8d3kKdkjL4y44K03oCQeSCAQJneg&amp;spec=0&amp;rkey=CAESMLfJ8YXY-OvXOOPdSK6qxpVA0UOI1nCpLhYTISfSwOB2bCG6yIev2o27i7i11rJj_w,file_size=287668]
[15:41:42] 徒花: 24崖
[15:43:30] ______Vincent.: 24y 49-62ys  33右
[15:50:55] : 40帐篷[CQ:image,file=E846E7E71D142F317CE1010983854303.png,subType=0,url=https://multimedia.nt.qq.com.cn/download?appid=1407&amp;fileid=EhQNDjt9K6zZTqxwKDCCcAzGSX3cbxj8miUg_wooqsHD5MrkkAMyBHByb2RQgL2jAVoQpD0kLHiywe8lw20A7hvZOXoCo4OCAQJneg&amp;spec=0&amp;rkey=CAESMLfJ8YXY-OvXOOPdSK6qxpVA0UOI1nCpLhYTISfSwOB2bCG6yIev2o27i7i11rJj_w,file_size=609660]
[15:52:25] ______Vincent.: 62打完 继续车  
33右 40-63zp 68卡
[15:56:58] hh。: 40-63zp 59yz 68卡
[17:04:15] 金平糖: 27右
[17:59:35] 金平糖: 76崖
[18:01:09] 金平糖: 76崖-56yz
[18:17:11] : 19左[CQ:image,file=76ACC40BC826A738CDF770F582CABA63.png,subType=0,url=https://multimedia.nt.qq.com.cn/download?appid=1407&amp;fileid=EhRO4JPAQTZR7XbqYUHqCDAH936PwhiNrhIg_woovI3jvevkkAMyBHByb2RQgL2jAVoQwKBtLxGsiAo9F-0ZHSqafnoC3o2CAQJneg&amp;spec=0&amp;rkey=CAMSMAyRey-Bn7bYiKLpsm8yXV9qR5yiSJTmxstMgR6z75gmCIC8WXO86Bb3GUXEdpbd2g,file_size=300813]
[18:25:19] 冬筱: 4左
[19:31:25] hh。: 34yz
[19:48:55] 金平糖: 78ys
[21:08:19] 白玉团子: 30k
