[09:02:36] 徒花: [CQ:image,file={219D32EA-A8F8-0D8D-CDAC-143F047EFA58}.png,subType=0,url=https://gchat.qpic.cn/gchatpic_new/1165377737/827630428-2156400844-219D32EAA8F80D8DCDAC143F047EFA58/0?term=255&amp;is_origin=0,file_size=49400]10右
[10:43:31] 想要莉莉丝: 12右
[10:48:39] 可爱的小波比: 80帐篷
[10:50:14] 金平糖: 80zp 6-15yz
[10:52:43] 金平糖: 6-15-29yz
[10:54:18] 可爱的小波比: 79麦田
[10:54:59] 金平糖: 15-29-9yz
[10:56:13] 可爱的小波比: 73崖
[10:59:30] 金平糖: 9yz-3卡
[11:02:47] 金平糖: 3卡 79-5-24麦
[11:09:58] 金平糖: 73-9崖 38左
[11:10:21] 金平糖: 73-9-6崖 38左
[11:31:28] 可爱的小波比: 47右
[11:59:57] 金平糖: 4-8-43ys
[12:04:15] 金平糖: 8-43-67ys
[12:08:47] 金平糖: 67ys 28z
[12:10:48] 金平糖: 28z 35-68y
[12:15:17] 金平糖: 68y 2-11zp
[12:17:31] 金平糖: 2-11zp 44yz
[12:21:19] 金平糖: 44yz 41卡
[12:49:43] 金平糖: 25-21-52右
[12:53:53] 金平糖: 21-52-57右
[12:56:58] 金平糖: 52-57-62右
[13:01:49] 金平糖: 62右 16-18-59y
[13:08:42] 金平糖: 19-55m
[15:19:24] 金平糖: 61-53zp
[15:24:39] 金平糖: 53zp 1-39-40yz
[15:30:34] 金平糖: 39-40-64yz
[15:38:32] 金平糖: 65-56卡
[15:41:42] 金平糖: 56卡
7-36m
[15:44:03] 金平糖: 7-36m
[15:47:21] 金平糖: 36m 14-20崖
[15:52:54] 金平糖: 58z 72zp
[15:52:57] 金平糖: 58z 72zp
[15:55:26] 金平糖: 72zp 49yz
[16:44:43] sana: 17卡
[17:22:38] 金平糖: 48-74ys
[17:25:57] 金平糖: 74ys 63z
[17:30:33] 金平糖: 46崖
[17:33:02] 金平糖: 60卡
[17:35:37] 金平糖: 71麦
[17:37:56] 金平糖: 33-45zp
[17:44:10] 金平糖: 26zp
[19:24:59] 想要莉莉丝: 22麦
[19:28:58] Shaddoll_Naga: 69崖 世界
[19:41:59] 冬筱: 23-34卡
[19:49:02] 冬筱: 54-70麦
[19:54:22] 冬筱: 31-78右
[19:58:53] 冬筱: 77ys
[20:01:46] 冬筱: 27-75左
[20:06:30] 冬筱: 51yz
[20:54:54] 徒花: 50m[CQ:image,file={386B6150-E17A-E62B-20C2-A9AEDDF8E58E}.png,subType=0,url=https://gchat.qpic.cn/gchatpic_new/1165377737/827630428-2723810576-386B6150E17AE62B20C2A9AEDDF8E58E/0?term=255&amp;is_origin=0,file_size=728242]
[21:05:06] クロコ: 76yz
[21:39:36] 徒花: [CQ:image,file={A3886B6E-9C28-4F16-EC6E-B990C22AD892}.png,subType=0,url=https://gchat.qpic.cn/gchatpic_new/1165377737/827630428-2965277212-A3886B6E9C284F16EC6EB990C22AD892/0?term=255&amp;is_origin=0,file_size=9192]42yz
[22:47:05] クロコ: 13yz
[22:51:25] ‭: 37左
[22:54:47] ‭: 30-32zp
[22:58:32] ‭: 32-66zp
