[00:04:34] hh。: 55ya
[00:10:17] hh。: 52卡
[05:54:43] 钤科百合子: 6y
[06:06:59] 钤科百合子: 10m 16yz 17z
[10:58:59] 采堇: 18侦察右
[11:16:09] 合鸟子: 71左
[15:22:30] hh。: 53yz 35卡  36ys
[16:05:53] : 42y 77右  34yz
[16:36:43] 八坂八意八云紫: 73-26 崖
[16:38:50] kirakiradokidoki: 73-26 崖 1麦
[16:52:52] Minor沬絾年: 世界54右
[17:00:03] hh。: 47ys
[17:02:27] hh。: 11-30-72左
[17:08:11] hh。: 62yz
[17:10:16] hh。: 3-13-49卡
[17:14:12] hh。: 49卡 8麦
[17:17:20] hh。: 20ys
[18:00:22] hh。: 2-9-38麦
[18:06:57] hh。: 41麦 33yz 69y
[18:13:51] hh。: 27左  68右
[18:39:39] 白: 61右
[18:58:52] 莫染: 18右
[18:59:00] Shaddoll_Naga: 18ys
[19:00:24] 你对月慕几许: 11左
[19:03:10] hh。: 15右
[19:05:41] hh。: 43y
[19:07:48] hh。: 29-39yz
[19:11:44] hh。: 74-64卡
[19:15:34] hh。: 25m
[20:00:58] hh。: 24-67卡
[20:03:15] : 67卡 32-22m
[20:06:34] hh。: 22m 4-45zp
[20:09:12] hh。: 45zp 7-14yz
[20:12:42] hh。: 31-66-12yz
[20:16:28] hh。: 51-79-80y
[20:18:37] hh。: 79-80-65y
[20:21:23] : 65y 5-78z
[20:24:34] : 78z 19-40ys
[20:26:29] : 19-40ys 48右
[21:11:57] : 23y
[21:14:52] : 28ys 76右
[21:17:29] hh。: 76右  46yz 44m
[22:10:50] hh。: 71z
[22:12:04] hh。: 71-70z
[22:14:26] hh。: 21-52ys
[22:17:34] hh。: 63zp 75m
[23:49:12] : 37崖 55zp 50卡
