[11:39:36] 流天一梦圆奏弦: [CQ:image,file=1CA6FB3CF32DABBF0429EA8D0CF637F2.png,subType=0,url=https://multimedia.nt.qq.com.cn/download?appid=1407&amp;fileid=EhQ7kwgIXziVJawhThAhImTdXsOLORjlmP4CIP8KKLah3rmwjJEDMgRwcm9kUIC9owFaEOicGrCnRF_zGoSS5m7ZZhJ6Au2_ggECbmo&amp;spec=0&amp;rkey=CAISMNyewdlCTU-6Q5V85JhFcYKF_TcgFrOGrBRaNIDyuuzBZu5BkKDnIR6Jg8MhMncqLw,file_size=6261861]45麦
[12:00:20] 流天一梦圆奏弦: 69-麦
[12:01:51] 金平糖: 69-33-40m
[12:07:35] 金平糖: 40m-39右
[12:08:58] 金平糖: 39右 4-8-19左
[12:15:52] 金平糖: 19-24-51左
[12:19:03] 金平糖: 51左 56-53-35崖
[12:23:02] 金平糖: 53-35-2y
[12:27:55] 金平糖: 2y 5-17卡
[12:30:41] 金平糖: 17卡 10-11zp
[12:32:37] 金平糖: 10-11zp 7-21yz
[12:44:47] 流天一梦圆奏弦: 70-zp
[12:50:21] hh。: 3卡
[12:56:56] 纸月: 79zp
[13:04:19] 流天一梦圆奏弦: 44卡
[13:51:30] hh。: 41卡
[14:06:45] 金平糖: 2y
[14:08:48] kira: 4z
[14:12:21] Shaddoll_Naga: 4z 3-5ys
[14:15:53] 金平糖: 5ys 1-6-8右
[14:20:35] 金平糖: 8右-10m
[14:22:13] 金平糖: 10m-9yz
[14:25:12] 金平糖: 11-14-18左
[14:27:25] 金平糖: 14-18-24左
[14:28:51] 金平糖: 18-24-59左
[14:30:10] 金平糖: 24-59-69左
[14:33:30] 金平糖: 69-77-80左
[14:37:17] 纸月: 32-39-40ys
[14:43:52] 纸月: 17-33yz
[14:47:32] 纸月: 30-47-56zp
[14:51:56] 纸月: 58-71zp
[14:53:12] 纸月: 58-71-76zp
[14:56:17] Shaddoll_Naga: 76-44zp
[14:57:09] Shaddoll_Naga: 44zp-41yz
[14:58:06] Shaddoll_Naga: 41-70yz
[14:59:28] Shaddoll_Naga: 70-78yz
[15:01:50] Shaddoll_Naga: 78yz 
45-53-75右
[15:04:20] Shaddoll_Naga: 53-75-78-79右
[15:08:08] Shaddoll_Naga: 42-43-49-52ys
[15:12:02] Shaddoll_Naga: 29-31-55y
[15:15:06] Shaddoll_Naga: 31-55-66-74y
[15:19:49] Shaddoll_Naga: 74y 
16-19-34卡
[15:21:51] Shaddoll_Naga: 19-34-35卡
[15:24:52] Shaddoll_Naga: 51-54-67-21-25k
[15:27:46] Shaddoll_Naga: 67-21-25-7k
[15:31:51] Shaddoll_Naga: 7k 16-57-68m
[15:32:42] VCMellon: 16-57-68m
[15:36:41] Shaddoll_Naga: 68m
23-37zp
[15:39:38] Shaddoll_Naga: 37zp 20-35-38yz
[15:44:20] Shaddoll_Naga: 22-60y
[15:45:10] Shaddoll_Naga: 60y 22ys
[15:46:55] Shaddoll_Naga: 22ys 36-75右
[17:10:14] hh。: 28zp
[17:15:55] hh。: 26-46-50yz
[17:23:56] 金平糖: 50yz 48-73ys
[17:33:47] hh。: 27m 72y
