[09:38:41] 钤科百合子: 6崖
[09:39:02] : 6崖 10z
[09:51:45] : 16m 17yz
[13:42:21] : 1yz 有只早餐猪
[14:51:37] Centaureissi: 69yz
[14:55:07] : 69yz 47zp
[14:59:02] : 34-35ys
[15:04:14] : 3-49卡
[15:09:09] : 8-54-77麦
[15:55:01] kirakiradokidoki: 39崖
[16:15:46] hh。: 2 右
[16:16:35] : 2-72ys
[16:21:37] : 38zp
[17:04:48] 徒花: 26ys
[17:07:07] hh。: 26-27-45ys
[17:08:27] hh。: 27-45ys-9右
[17:10:50] hh。: 45ys-7ys-9右
[17:15:40] hh。: 9右-22麦
[17:42:53] 芒果假面波奇酱: 72ys
[17:43:28] 徒花: 13k
[17:52:25] 芒果假面波奇酱: 36y
[17:54:32] ㅤ: 73ys
[17:57:24] 徒花: 30k
[18:00:56] 菠萝啤: 4k
[18:04:02] hh。: 80卡[CQ:image,file=F78075660EDE75C5B25CDF2317761F91.png,subType=0,url=https://multimedia.nt.qq.com.cn/download?appid=1407&amp;fileid=EhTnOUpsCRhC3Mt7wv42CmF8qPP5TRinqQwg_wooyYL0zLX2kAMyBHByb2RQgL2jAVoQKdJ2N41RvaLmVl6zjdlUNHoC_4GCAQJneg&amp;spec=0&amp;rkey=CAESMHeo1x8cOZ7ZaOtLbYal6_HN87v7u8btw3BuVJ9EreAG1ojYOVUytLhvPFS_ugMbYQ,file_size=201895]
[18:16:39] ㅤ: 62yz
[18:20:26] hh。: 25yz
[19:08:08] : 53卡
[19:09:07] : 53卡  65m
[19:13:43] : 29-64zp
[19:18:31] hh。: 11-48yz
[19:20:08] 徒花: 11-48-66yz
[19:24:14] : 14z
[19:34:39] : 42驿站[CQ:image,file=338899F1AAFC0E9E74E2391BC1EDF42B.png,subType=0,url=https://multimedia.nt.qq.com.cn/download?appid=1407&amp;fileid=EhQ4ekWPOrP-6saVcSu8akVMGvgnFBiH9xcg_woozqH17Mn2kAMyBHByb2RQgL2jAVoQghnlvgyqx3hbtBw6t57RmHoCwR-CAQJneg&amp;spec=0&amp;rkey=CAESMHZ9QwPmCg8ntz4gBHLHGQ-tjOeEwCYJs3LIiixzI8a5JjTKJzreN1FHyWizxCY83g,file_size=392071]
[20:03:10] : 75zp
[20:06:52] ‭: 75-18zp
[20:27:38] 徒花: 43卡
[20:36:39] 徒花: 68ys
[20:39:39] : 68-74ys
[20:41:44] : 74-78ys
[20:45:06] : 20-21yz
[20:50:09] : 15卡 41麦
[20:55:36] hh。: 32z
[21:10:05] : 5zp
[21:20:07] hh。: 12崖
[21:38:47] : 61右  71zp
[22:06:07] hh。: 33右
[22:09:03] hh。: 24崖
[22:55:47] hh。: 23zp
[22:58:39] hh。: 44zp
[23:01:18] hh。: 70k
[23:08:50] hh。: 63ya
[23:16:22] Minor沬絾年: 40ya
[23:20:43] hh。: 67m
[23:28:54] Minor沬絾年: 76yz
[23:34:15] hh。: 79卡
[23:39:29] hh。: 31卡
[23:41:07] hh。: 31卡-52zp
[23:48:05] hh。: 37麦
[23:48:26] Clong: 46左
[23:57:02] hh。: 70崖
