[00:08:01] Minor沬絾年: 74yz
[00:09:42] 菠萝啤: 23zp
[00:28:15] Minor沬絾年: 41ys
[00:34:15] Minor沬絾年: 13右
[00:34:51] ㅤ: 41崖
[00:35:05] ㅤ: 39崖
[00:47:09] Minor沬絾年: 63右
[01:05:31] 冬筱: 11yz
[01:08:55] Minor沬絾年: 79崖
[01:21:35] 已: 31zp
[01:23:15] 冬筱: 31-52zp
[01:34:27] 已: 28yz
[01:43:13] 已: 42zp
[01:45:17] ______Vincent.: 42zp 5z
[01:47:19] ______Vincent.: 5z 53ys
[01:58:21] 冬筱: 50zp
[01:59:24] ______Vincent.: 50zp 33m
[02:09:16] 已: 76z
[03:46:50] ‭: 46卡
[03:56:55] 钤科百合子: 51zp
[05:16:47] 钤科百合子: 24m
[10:59:13] くそがき: 3y世界
[10:59:28] 彼岸: 4M
[11:01:25] 想要莉莉丝: 1卡
[11:05:24] hh。: 1卡-5zp
[11:05:33] ℘: 5zp
[11:06:42] hh。: 5zp-2yz-7右
[11:10:41] hh。: 9右
[11:11:16] Minor沬絾年: 6ys世界
[11:11:22] hh。: 6-8-10ys
[11:15:15] hh。: 30-31-35右
[11:15:20] Minor沬絾年: 70yz世界
[11:17:39] 请笃信一个梦: 14-18-29-33-42-43-49-52-62-66-70-77yz
[11:30:34] hh。: 22-27-36帐篷
[11:33:17] 请笃信一个梦: 27-36-47zp
[11:34:01] hh。: 47-65-68帐篷
[11:36:48] hh。: 68-71-73-76帐篷
[11:40:12] hh。: 76帐篷 37-48-51右
[11:44:07] hh。: 53-58-63右
[11:45:38] hh。: 58-63-74-78右
[11:49:46] hh。: 34-56-67麦
[11:51:29] hh。: 56-67-69-72麦田
[11:54:47] hh。: 25-59-60-80右上
[11:59:04] hh。: 16-32-38左
[12:01:55] hh。: 38-39-41-55左
[12:05:30] hh。: 55左 15-17-40崖
[12:07:56] hh。: 17-40崖
[12:08:52] hh。: 40-44-45-54崖
[12:11:53] hh。: 54-61-64-75崖
[12:15:09] hh。: 75崖 11-12-13卡
[12:16:45] hh。: 11-12-13卡
[12:18:23] hh。: 13-19-20-24卡
[12:21:18] hh。: 24-26-28卡
[12:23:26] hh。: 28-46-57-79卡
