[01:28:19] : 47卡
[01:34:38] : 76麦
[01:38:39] : 48zp
[02:09:53] ‭: 11-15yz
[02:19:38] ‭: 14麦
[02:29:38] ‭: 22麦
[02:31:34] 阿杰: 22麦 21卡
[03:12:17] ‭: 8-9ys 10zp
[11:00:46] 纸月: 60左
[11:00:52] 乌鸦Rabble: 1左
[11:01:21] 晗子: 3左
[11:04:47] 晗子: 61zp 世界
[11:04:54] 晗子: 7 yz 世界
[11:05:06] 晗子: 7 左
[11:06:39] : 7-6z
[11:07:18] 晗子: 80麦 世界
[11:08:00] : 5右
[11:10:31] : 11-27-29右
[11:11:57] 御_夫_座_: 19帐篷
[11:12:52] くそがき: 73m
[11:13:26] : 29-32-34右
[11:15:07] : 34-53-69右
[11:17:08] くそがき: 78yz 世界
[11:17:58] : 69-75-77右
[11:18:18] くそがき: 18m世界
[11:18:25] くそがき: 9zp 世界
[11:18:56] くそがき: 68m世界
[11:20:36] : 30-40-46右上
[11:23:01] : 46-47-48右上
[11:23:48] Shaddoll_Naga: 28m 世界
[11:26:23] : 17-22-39麦
[11:28:49] : 39-42-55麦
[11:31:42] : 2-9-16zp
[11:35:07] : 16-24-25帐篷
[11:35:33] : 24-25-33zp
[11:36:32] 夕: 14驿站
[11:36:56] Shaddoll_Naga: 26yz 世界
[11:37:11] : 33-36-38帐篷
[11:39:00] : 38-41-43帐篷
[11:41:06] : 41-43-45zp
[11:42:39] : 45-58-61zp
[11:45:04] : 63-64-65zp
[11:45:59] : 64-65-67-70帐篷
[11:49:42] : 12-13-37yz
[11:52:51] : 37-49-57驿站
[11:55:02] : 10-15-71-72崖
[11:59:11] : 35-44-50左
[12:02:20] : 51-76右上
[12:04:42] : 4-8-20卡
[12:07:53] : 21-23-31卡
[12:09:53] : 23-31-52卡
[12:11:28] : 52-54-56卡
[12:13:28] : 56-59-62卡
[12:14:46] : 62-74-79卡
[15:24:22] 霸、、、霸王洗发水: 39-66-74左
[19:05:41] 楠又Nayo: 1右
[19:08:13] : 1回收 3右
[19:10:59] : 2zp
[19:11:04] : 6涯
[19:11:20] : 2zp 6-8y
[19:12:27] : 2-4zp 6-8y
[19:15:45] : 5右
[19:16:22] : 9右
[19:18:31] : 10yz
[19:20:12] : 13-46-48yz
[19:22:14] : 48-50-63yz
[19:24:00] : 63-68-70yz
[19:25:56] : 70-78yz
[19:28:04] : 11-26-35zp
[19:29:53] : 35-60-61zp
[19:32:57] : 16-19-24y
[19:35:01] : 24-25-38y
[19:37:13] : 38-39-40y
[19:39:32] : 49-51-55y
[19:43:12] : 12-15-41左
[19:46:45] : 32-33-77-79ys
[19:50:50] : 27右
[19:52:19] : 45-53-74卡
[19:56:32] 徒花: 27ys
[19:57:12] : 36z 62右
[20:53:34] : 31右 22右
[20:58:39] : 23y 21yz
[22:01:11] : 18-20z
[22:08:01] : 65z
[22:11:05] : 64右
[22:33:44] : 17卡
[23:23:58] : 44右 42k
[23:26:49] Minor沬絾年: 世界43麦
