[00:54:08] ‭: 6yz
[01:23:58] ‭: 12崖
[10:07:13] 金平糖: 14-68崖
[10:15:03] 金平糖: 68崖-73左
[10:26:38] 金平糖: 31-9yz
[10:36:47] 金平糖: 52卡
[12:17:20] 金平糖: 63右
[12:18:42] 金平糖: 63右-57-50左
[12:21:40] 金平糖: 57-50-39-5左
[12:29:46] 金平糖: 80y
[12:52:08] 金平糖: 59卡
[13:06:46] 金平糖: 1ys
[13:07:04] 想要莉莉丝: 3驿站
[13:07:40] kira: 2卡
[13:08:56] kira: 9卡
[13:11:20] 金平糖: 3-5-10yz 2-9卡
[13:16:55] 金平糖: 9卡 7-8y
[13:19:54] 金平糖: 8y 4-6z
[13:24:36] 金平糖: 13-15-17右
[13:26:28] 金平糖: 15-17-23右
[13:27:44] 金平糖: 17-23-26右
[13:29:08] 金平糖: 23-26-41右
[13:30:32] 金平糖: 26-41-58右
[13:33:14] 金平糖: 58右-19-31-36右上
[13:36:06] 金平糖: 31-36-53右上
[13:37:22] 金平糖: 36-53-56右上
[13:38:44] 金平糖: 53-56-73ys
[13:41:34] 金平糖: 39-48-65左
[13:44:38] 金平糖: 65左-64ys-63右
[13:47:51] 金平糖: 63右-47-61崖
[13:50:09] 金平糖: 61y-30zp
[13:51:39] 金平糖: 30-11zp
[13:53:25] 金平糖: 11zp-32-35-40yz
[13:56:12] 金平糖: 35-40-49yz
[13:57:24] 金平糖: 40-49-62yz
[14:00:49] 金平糖: 62yz-16-21-24y
[14:03:18] 金平糖: 21-24y 18-20z
[14:07:22] Shaddoll_Naga: 18左
[14:07:49] 金平糖: 20-34z
[14:10:41] 金平糖: 22-42-51m
[14:14:42] 金平糖: 51m 25-27-33zp
[14:21:53] 金平糖: 27-33-46zp
[14:22:57] 金平糖: 33-46-68zp
[14:25:35] 金平糖: 68zp-44-57-60yz
[14:30:21] 金平糖: 60yz 29-50-66卡
[14:33:22] 金平糖: 50-66-67卡
[14:34:44] 金平糖: 66-67-69卡
[14:36:15] 金平糖: 67-69-70卡
[14:37:57] 金平糖: 69-70-55卡
[14:41:38] 金平糖: 37卡
[14:43:07] 金平糖: 28-38-45-54y
[14:44:50] hh。: 28崖
[14:48:20] 金平糖: 54y  43-59z
[14:49:13] 金平糖: 43-59-12z
[14:52:17] 金平糖: 12z 14-52yz
