[12:50:44] 金平糖: 8-24-47z
[12:55:46] 金平糖: 24-47-52z
[12:58:40] 金平糖: 47-52z 30ys
[13:03:51] 金平糖: 30ys 5-17-53卡
[13:09:38] 金平糖: 17-53-76卡
[13:14:22] 金平糖: 76卡 37-67zp
[13:17:28] 金平糖: 37-67zp 56yz
[13:21:56] 金平糖: 56yz 51右 18ys
[15:09:41] hh。: 34-73-78z
[15:21:44] hh。: 44-23-21ys
[15:29:36] hh。: 33右
[15:32:26] hh。: 1-2-29zp
[15:40:07] hh。: 6-60yz
[15:44:35] hh。: 25-36-39ya
[15:46:23] hh。: 39-66-68崖
[15:52:35] hh。: 40-71-74卡
[15:59:52] hh。: 3-41-58麦
[16:06:57] hh。: 48ys
[16:09:44] hh。: 32zp
[17:08:47] hh。: 10-28-79右
[17:19:20] hh。: 16-35ys 59z
[17:28:13] hh。: 4-19-43ya
[17:33:46] hh。: 4-77ka
[17:38:24] hh。: 49-69m
[17:43:44] hh。: 20-75zp
[18:31:50] hh。: 9-50ys
[18:41:33] hh。: 7-42z
[18:46:36] hh。: 42z-57ya
[18:52:53] hh。: 27-28-45zp
[18:58:55] hh。: 38-54yz
[19:01:57] hh。: 54yz-80k
[20:03:18] hh。: 31右 72ys
[20:12:48] hh。: 55卡 22m
[21:19:56] hh。: 26卡 46m
