[00:27:18] 冬筱: 20左
[01:26:30] hh。: 7 右
[05:57:58] 钤科百合子: 52崖-6yz
[07:29:59] 钤科百合子: 1y
[07:35:01] 金平糖: 66m
[07:37:34] 金平糖: 66m-35zp
[07:45:41] 金平糖: 35zp-60右
[09:06:16] 金平糖: 43-71右
[09:12:13] 金平糖: 71右 5-28ys
[09:22:04] 金平糖: 28ys-50z
[09:23:51] 金平糖: 50z-65zp
[09:26:57] 金平糖: 65zp 74-70yz
[10:34:57] 金平糖: 11-46ys
[10:43:01] 金平糖: 46ys-41z
[10:53:39] 金平糖: 44zp 39-2yz
[11:03:43] 金平糖: 2yz-37卡
[11:09:23] 金平糖: 37卡-53-21麦
[11:36:39] ______Vincent.: 80卡
[11:47:39] ______Vincent.: 58崖
[11:56:11] ______Vincent.: 25yz
[12:09:17] ______Vincent.: 77卡
[12:35:28] ______Vincent.: 8yz
[12:41:01] ______Vincent.: 18麦
[12:47:01] 花落方知惜♡: 22左
[12:53:18] 钤科百合子: 13-57卡
[12:58:14] 钤科百合子: 57-64卡
[13:10:10] ______Vincent.: 79zp
[13:16:40] ______Vincent.: 29崖
[13:21:20] 钤科百合子: 67右
[13:22:07] ______Vincent.: 31左  67右
[13:31:20] ______Vincent.: 12右上
[13:36:32] ______Vincent.: 40卡
[13:41:29] ______Vincent.: 54卡
[13:54:42] 冬筱: 26-68-69麦
[14:07:36] ______Vincent.: 48z
[14:11:48] 钤科百合子: 75ys
[14:12:28] 钤科百合子: 75ys-55yz
[14:24:21] ______Vincent.: 72-17zp
[14:34:30] ______Vincent.: 36ys
[14:39:02] 金平糖: 42右
[14:51:54] hh。: 38yz
[14:58:15] hh。: 51ys
[15:07:03] hh。: 73麦
[15:12:28] hh。: 23z
[15:18:05] hh。: 32yz
[15:31:06] hh。: 59ys-63yz 饼
[15:43:28] hh。: 24-14zp
[15:53:08] hh。: 9卡  45麦
[16:04:40] hh。: 47崖
[16:14:28] ______Vincent.: 61y
[16:20:58] hh。: 30麦
[16:26:38] hh。: 27右
[16:33:06] 金平糖: 34左
[16:48:39] ______Vincent.: 3右
[17:07:00] hh。: 19-49ys
[17:15:27] hh。: 78崖
[17:20:11] ______Vincent.: 15zp
[17:23:37] 金平糖: 76右
[17:53:04] 金平糖: 33m
[18:26:09] 金平糖: 10崖
[18:37:50] 钤科百合子: 62m
[18:47:43] 金平糖: 16yz
[19:34:18] 钤科百合子: 4z
[20:12:25] : 4ys
[20:12:57] 饕餮: 2z
[20:14:02] 阿卡: 1麦
[20:14:41] Shaddoll_Naga: 8ys
[20:16:48] ______Vincent.: 5y
[20:17:10] 3W_AwayOne: 1m-5y
[20:18:40] Shaddoll_Naga: 7m
[20:19:25] 3: 6y
[20:21:47] ______Vincent.: 3z
[20:24:51] ______Vincent.: 12-22-26y
[20:26:49] ______Vincent.: 26-14-31y
[20:28:37] ______Vincent.: 31-36-47y
[20:31:36] ______Vincent.: 63-68-78y
[20:34:24] ______Vincent.: 77-62-58z
[20:37:34] ______Vincent.: 48-43-39z
[20:40:18] ______Vincent.: 38-29-17z
[20:43:50] ______Vincent.: 71-65-59ys
[20:51:19] 纸月: 13-64-80m
[20:55:20] ______Vincent.: 15yz
[20:56:52] ______Vincent.: 24-72卡
[21:00:15] 纸月: 70m
[21:02:17] ______Vincent.: 50右
[21:03:46] ______Vincent.: 20ys
[21:05:08] ______Vincent.: 66z
[21:07:03] ______Vincent.: 69ys
[21:08:57] ______Vincent.: 25-27-37-75zp
[21:13:21] ______Vincent.: 16-23-67yz
[21:16:59] ______Vincent.: 21m
[22:08:43] ______Vincent.: 30-76m
[22:13:08] ______Vincent.: 78-61y
[22:13:26] hh。: 78-61y
[22:16:49] ______Vincent.: 60ys
[22:18:34] ______Vincent.: 79zp 56yz
[22:22:22] 纸月: 18卡
[22:23:09] ______Vincent.: 18卡  57m
[23:05:27] 莫染: 49麦
[23:12:42] ______Vincent.: 46ys
[23:16:50] ______Vincent.: 40右
[23:22:02] 纸月: 42ys
[23:22:13] hh。: 42ys 41-44zp  45m
